Using pre-set license
Built from '2022.3/staging' branch; Version is '2022.3.30f1 (70558241b701) revision 7361922'; Using compiler version '192829333'; Build Type 'Release'
OS: 'Windows 11  (10.0.22631) 64bit CoreSingleLanguage' Language: 'ru' Physical Memory: 16168 MB
BatchMode: 1, IsHumanControllingUs: 0, StartBugReporterOnCrash: 0, Is64bit: 1, IsPro: 1

COMMAND LINE ARGUMENTS:
C:\Program Files\Unity\Hub\Editor\2022.3.30f1\Editor\Unity.exe
-adb2
-batchMode
-noUpm
-name
AssetImportWorker0
-projectPath
C:/Users/holya/Desktop/Unity Projects/HellGarden/HellGarden
-logFile
Logs/AssetImportWorker0.log
-srvPort
57462
Successfully changed project path to: C:/Users/holya/Desktop/Unity Projects/HellGarden/HellGarden
C:/Users/holya/Desktop/Unity Projects/HellGarden/HellGarden
[UnityMemory] Configuration Parameters - Can be set up in boot.config
    "memorysetup-bucket-allocator-granularity=16"
    "memorysetup-bucket-allocator-bucket-count=8"
    "memorysetup-bucket-allocator-block-size=33554432"
    "memorysetup-bucket-allocator-block-count=8"
    "memorysetup-main-allocator-block-size=16777216"
    "memorysetup-thread-allocator-block-size=16777216"
    "memorysetup-gfx-main-allocator-block-size=16777216"
    "memorysetup-gfx-thread-allocator-block-size=16777216"
    "memorysetup-cache-allocator-block-size=4194304"
    "memorysetup-typetree-allocator-block-size=2097152"
    "memorysetup-profiler-bucket-allocator-granularity=16"
    "memorysetup-profiler-bucket-allocator-bucket-count=8"
    "memorysetup-profiler-bucket-allocator-block-size=33554432"
    "memorysetup-profiler-bucket-allocator-block-count=8"
    "memorysetup-profiler-allocator-block-size=16777216"
    "memorysetup-profiler-editor-allocator-block-size=1048576"
    "memorysetup-temp-allocator-size-main=16777216"
    "memorysetup-job-temp-allocator-block-size=2097152"
    "memorysetup-job-temp-allocator-block-size-background=1048576"
    "memorysetup-job-temp-allocator-reduction-small-platforms=262144"
    "memorysetup-allocator-temp-initial-block-size-main=262144"
    "memorysetup-allocator-temp-initial-block-size-worker=262144"
    "memorysetup-temp-allocator-size-background-worker=32768"
    "memorysetup-temp-allocator-size-job-worker=262144"
    "memorysetup-temp-allocator-size-preload-manager=33554432"
    "memorysetup-temp-allocator-size-nav-mesh-worker=65536"
    "memorysetup-temp-allocator-size-audio-worker=65536"
    "memorysetup-temp-allocator-size-cloud-worker=32768"
    "memorysetup-temp-allocator-size-gi-baking-worker=262144"
    "memorysetup-temp-allocator-size-gfx=262144"
Player connection [40204] Host "[IP] 192.168.0.82 [Port] 0 [Flags] 2 [Guid] 4105720101 [EditorId] 4105720101 [Version] 1048832 [Id] WindowsEditor(7,LAPTOP-13TATN6K) [Debug] 1 [PackageName] WindowsEditor [ProjectName] Editor" joined multi-casting on [225.0.0.222:54997]...

Player connection [40204] Host "[IP] 192.168.0.82 [Port] 0 [Flags] 2 [Guid] 4105720101 [EditorId] 4105720101 [Version] 1048832 [Id] WindowsEditor(7,LAPTOP-13TATN6K) [Debug] 1 [PackageName] WindowsEditor [ProjectName] Editor" joined alternative multi-casting on [225.0.0.222:34997]...

[Physics::Module] Initialized MultithreadedJobDispatcher with 15 workers.
Refreshing native plugins compatible for Editor in 12.43 ms, found 4 plugins.
Preloading 0 native plugins for Editor in 0.00 ms.
Initialize engine version: 2022.3.30f1 (70558241b701)
[Subsystems] Discovering subsystems at path C:/Program Files/Unity/Hub/Editor/2022.3.30f1/Editor/Data/Resources/UnitySubsystems
[Subsystems] Discovering subsystems at path C:/Users/holya/Desktop/Unity Projects/HellGarden/HellGarden/Assets
GfxDevice: creating device client; threaded=0; jobified=0
Direct3D:
    Version:  Direct3D 11.0 [level 11.1]
    Renderer: NVIDIA GeForce RTX 2060 (ID=0x1f15)
    Vendor:   NVIDIA
    VRAM:     5955 MB
    Driver:   31.0.15.5244
Initialize mono
Mono path[0] = 'C:/Program Files/Unity/Hub/Editor/2022.3.30f1/Editor/Data/Managed'
Mono path[1] = 'C:/Program Files/Unity/Hub/Editor/2022.3.30f1/Editor/Data/MonoBleedingEdge/lib/mono/unityjit-win32'
Mono config path = 'C:/Program Files/Unity/Hub/Editor/2022.3.30f1/Editor/Data/MonoBleedingEdge/etc'
Using monoOptions --debugger-agent=transport=dt_socket,embedding=1,server=y,suspend=n,address=127.0.0.1:56368
Begin MonoManager ReloadAssembly
Registering precompiled unity dll's ...
Register platform support module: C:/Program Files/Unity/Hub/Editor/2022.3.30f1/Editor/Data/PlaybackEngines/WebGLSupport/UnityEditor.WebGL.Extensions.dll
Register platform support module: C:/Program Files/Unity/Hub/Editor/2022.3.30f1/Editor/Data/PlaybackEngines/WindowsStandaloneSupport/UnityEditor.WindowsStandalone.Extensions.dll
Registered in 0.008422 seconds.
- Loaded All Assemblies, in  0.448 seconds
Native extension for WindowsStandalone target not found
Native extension for WebGL target not found
Mono: successfully reloaded assembly
- Finished resetting the current domain, in  0.292 seconds
Domain Reload Profiling: 738ms
	BeginReloadAssembly (154ms)
		ExecutionOrderSort (0ms)
		DisableScriptedObjects (0ms)
		BackupInstance (0ms)
		ReleaseScriptingObjects (0ms)
		CreateAndSetChildDomain (1ms)
	RebuildCommonClasses (40ms)
	RebuildNativeTypeToScriptingClass (12ms)
	initialDomainReloadingComplete (63ms)
	LoadAllAssembliesAndSetupDomain (177ms)
		LoadAssemblies (153ms)
		RebuildTransferFunctionScriptingTraits (0ms)
		AnalyzeDomain (174ms)
			TypeCache.Refresh (173ms)
				TypeCache.ScanAssembly (157ms)
			ScanForSourceGeneratedMonoScriptInfo (0ms)
			ResolveRequiredComponents (1ms)
	FinalizeReload (292ms)
		ReleaseScriptCaches (0ms)
		RebuildScriptCaches (0ms)
		SetupLoadedEditorAssemblies (228ms)
			LogAssemblyErrors (0ms)
			InitializePlatformSupportModulesInManaged (11ms)
			SetLoadedEditorAssemblies (5ms)
			RefreshPlugins (0ms)
			BeforeProcessingInitializeOnLoad (2ms)
			ProcessInitializeOnLoadAttributes (157ms)
			ProcessInitializeOnLoadMethodAttributes (51ms)
			AfterProcessingInitializeOnLoad (0ms)
			EditorAssembliesLoaded (0ms)
		ExecutionOrderSort2 (0ms)
		AwakeInstancesAfterBackupRestoration (0ms)
========================================================================
Worker process is ready to serve import requests
Begin MonoManager ReloadAssembly
- Loaded All Assemblies, in  0.805 seconds
Refreshing native plugins compatible for Editor in 5.47 ms, found 4 plugins.
Native extension for WindowsStandalone target not found
Native extension for WebGL target not found
Package Manager log level set to [2]
[Package Manager] Server::EnsureServerProcessIsRunning -- launch failed, reason: Unity was launched with the -noUpm command-line argument
[Package Manager] UpmClient::Send -- Unable to send message (not connected to UPM process).
[Package Manager] Cannot connect to Unity Package Manager local server
Mono: successfully reloaded assembly
- Finished resetting the current domain, in  0.795 seconds
Domain Reload Profiling: 1596ms
	BeginReloadAssembly (153ms)
		ExecutionOrderSort (0ms)
		DisableScriptedObjects (6ms)
		BackupInstance (0ms)
		ReleaseScriptingObjects (0ms)
		CreateAndSetChildDomain (20ms)
	RebuildCommonClasses (42ms)
	RebuildNativeTypeToScriptingClass (12ms)
	initialDomainReloadingComplete (45ms)
	LoadAllAssembliesAndSetupDomain (548ms)
		LoadAssemblies (380ms)
		RebuildTransferFunctionScriptingTraits (0ms)
		AnalyzeDomain (258ms)
			TypeCache.Refresh (210ms)
				TypeCache.ScanAssembly (189ms)
			ScanForSourceGeneratedMonoScriptInfo (35ms)
			ResolveRequiredComponents (12ms)
	FinalizeReload (796ms)
		ReleaseScriptCaches (0ms)
		RebuildScriptCaches (0ms)
		SetupLoadedEditorAssemblies (606ms)
			LogAssemblyErrors (0ms)
			InitializePlatformSupportModulesInManaged (8ms)
			SetLoadedEditorAssemblies (5ms)
			RefreshPlugins (0ms)
			BeforeProcessingInitializeOnLoad (95ms)
			ProcessInitializeOnLoadAttributes (405ms)
			ProcessInitializeOnLoadMethodAttributes (85ms)
			AfterProcessingInitializeOnLoad (7ms)
			EditorAssembliesLoaded (0ms)
		ExecutionOrderSort2 (0ms)
		AwakeInstancesAfterBackupRestoration (6ms)
Launched and connected shader compiler UnityShaderCompiler.exe after 0.05 seconds
Refreshing native plugins compatible for Editor in 6.78 ms, found 4 plugins.
Preloading 0 native plugins for Editor in 0.00 ms.
Unloading 5690 Unused Serialized files (Serialized files now loaded: 0)
Unloading 125 unused Assets / (3.3 MB). Loaded Objects now: 6112.
Memory consumption went from 216.4 MB to 213.0 MB.
Total: 6.292500 ms (FindLiveObjects: 0.534700 ms CreateObjectMapping: 0.568500 ms MarkObjects: 3.515500 ms  DeleteObjects: 1.672600 ms)

AssetImportParameters requested are different than current active one (requested -> active):
  custom:container-demuxer-ogg: 62fdf1f143b41e24485cea50d1cbac27 -> 
  custom:video-codec-MediaFoundation-h265: 746d11721c4dcdbdad8f713fa42b33f4 -> 
  custom:video-decoder-ogg-theora: a1e56fd34408186e4bbccfd4996cb3dc -> 
  custom:framework-win-MediaFoundation: 216162199b28c13a410421893ffa2e32 -> 
  custom:CustomObjectIndexerAttribute: 72b91833f83ae208fae7752999fa3104 -> 
  custom:container-demuxer-webm: 4f35f7cbe854078d1ac9338744f61a02 -> 
  custom:container-muxer-webm: aa71ff27fc2769a1b78a27578f13a17b -> 
  custom:video-decoder-webm-vp8: 9c59270c3fd7afecdb556c50c9e8de78 -> 
  custom:SearchIndexIgnoredProperties: e643bd26f0fe6173181afceb89e7c659 -> 
  custom:AudioImporter_EditorPlatform: d09bf68614088b80899f8185d706f6e7 -> 
  custom:video-encoder-webm-vp8: eb34c28f22e8b96e1ab97ce403110664 -> 
  custom:audio-decoder-ogg-vorbis: bf7c407c2cedff20999df2af8eb42d56 -> 
  custom:audio-encoder-webm-vorbis: bf7c407c2cedff20999df2af8eb42d56 -> 
========================================================================
Received Import Request.
  Time since last request: 682698.703404 seconds.
  path: Assets/UniversalRenderPipelineGlobalSettings.asset
  artifactKey: Guid(93b439a37f63240aca3dd4e01d978a9f) Importer(815301076,1909f56bfc062723c751e8b465ee728b)
Start importing Assets/UniversalRenderPipelineGlobalSettings.asset using Guid(93b439a37f63240aca3dd4e01d978a9f) Importer(815301076,1909f56bfc062723c751e8b465ee728b)  -> (artifact id: '6f078c1fb6f83acb75f2bfdd4f7d1340') in 0.017077 seconds
Number of updated asset objects reloaded before import = 0
Number of asset objects unloaded after import = 1
========================================================================
Received Import Request.
  Time since last request: 1.377845 seconds.
  path: Assets/Prefabs/Tables/TableBlackHole.prefab
  artifactKey: Guid(8688da55f15ad2f479e198a7b57b0c2f) Importer(815301076,1909f56bfc062723c751e8b465ee728b)
Start importing Assets/Prefabs/Tables/TableBlackHole.prefab using Guid(8688da55f15ad2f479e198a7b57b0c2f) Importer(815301076,1909f56bfc062723c751e8b465ee728b)  -> (artifact id: '838012065dc70cb206a28a0f7004c3ee') in 0.277847 seconds
Number of updated asset objects reloaded before import = 0
Number of asset objects unloaded after import = 164
========================================================================
Received Import Request.
  Time since last request: 0.000025 seconds.
  path: Assets/Prefabs/Tables/TableTomato.prefab
  artifactKey: Guid(78795d9239ac82344b869fe2e3ba69d8) Importer(815301076,1909f56bfc062723c751e8b465ee728b)
Start importing Assets/Prefabs/Tables/TableTomato.prefab using Guid(78795d9239ac82344b869fe2e3ba69d8) Importer(815301076,1909f56bfc062723c751e8b465ee728b)  -> (artifact id: 'aa64ecd3d0e237eb70ba20fe403452b3') in 0.017402 seconds
Number of updated asset objects reloaded before import = 0
Number of asset objects unloaded after import = 66
========================================================================
Received Import Request.
  Time since last request: 6.604076 seconds.
  path: Assets/Sprites/ActualSprites/BlackHole.png
  artifactKey: Guid(c28dd357da0ec9142bc67d9ecf0facfc) Importer(815301076,1909f56bfc062723c751e8b465ee728b)
Start importing Assets/Sprites/ActualSprites/BlackHole.png using Guid(c28dd357da0ec9142bc67d9ecf0facfc) Importer(815301076,1909f56bfc062723c751e8b465ee728b)  -> (artifact id: '2d1d4170f9a68eb3b0d9cec0942f69e5') in 0.069294 seconds
Number of updated asset objects reloaded before import = 0
Number of asset objects unloaded after import = 12
========================================================================
Received Import Request.
  Time since last request: 0.000017 seconds.
  path: Assets/Sprites/ActualSprites/Tomatoes.png
  artifactKey: Guid(b6618357b5428f94aa5117c2ee778b14) Importer(815301076,1909f56bfc062723c751e8b465ee728b)
Start importing Assets/Sprites/ActualSprites/Tomatoes.png using Guid(b6618357b5428f94aa5117c2ee778b14) Importer(815301076,1909f56bfc062723c751e8b465ee728b)  -> (artifact id: '0b31b8d93d99fd06f62c44b77cebf960') in 0.032917 seconds
Number of updated asset objects reloaded before import = 0
Number of asset objects unloaded after import = 11
========================================================================
Received Import Request.
  Time since last request: 233.161392 seconds.
  path: Assets/Sprites/ActualSprites/BasicFlower.png
  artifactKey: Guid(9cd406fb076c44a419110a9979e6f80f) Importer(815301076,1909f56bfc062723c751e8b465ee728b)
Start importing Assets/Sprites/ActualSprites/BasicFlower.png using Guid(9cd406fb076c44a419110a9979e6f80f) Importer(815301076,1909f56bfc062723c751e8b465ee728b)  -> (artifact id: '4a6720cace62222e882fa9131d24a751') in 0.022069 seconds
Number of updated asset objects reloaded before import = 0
Number of asset objects unloaded after import = 3
========================================================================
Received Import Request.
  Time since last request: 3.385662 seconds.
  path: Assets/Sprites/ActualSprites/CosmicCereal.png
  artifactKey: Guid(dd8b0351cd0fc1e4eb82eac411d7a25d) Importer(815301076,1909f56bfc062723c751e8b465ee728b)
Start importing Assets/Sprites/ActualSprites/CosmicCereal.png using Guid(dd8b0351cd0fc1e4eb82eac411d7a25d) Importer(815301076,1909f56bfc062723c751e8b465ee728b)  -> (artifact id: 'a766d32787f89219d346cfaa6d55c6d3') in 0.016622 seconds
Number of updated asset objects reloaded before import = 0
Number of asset objects unloaded after import = 3
========================================================================
Received Import Request.
  Time since last request: 3.269825 seconds.
  path: Assets/Sprites/ActualSprites/FireFiring.png
  artifactKey: Guid(0baa8e1dda5ebdd488605b162f750566) Importer(815301076,1909f56bfc062723c751e8b465ee728b)
Start importing Assets/Sprites/ActualSprites/FireFiring.png using Guid(0baa8e1dda5ebdd488605b162f750566) Importer(815301076,1909f56bfc062723c751e8b465ee728b)  -> (artifact id: 'eefc280b6732114bddc98a58b68bdc26') in 0.017999 seconds
Number of updated asset objects reloaded before import = 0
Number of asset objects unloaded after import = 3
========================================================================
Received Import Request.
  Time since last request: 4.021411 seconds.
  path: Assets/Sprites/ActualSprites/FireGoingOut.png
  artifactKey: Guid(90af1393b9f06e8439377c82a9d71d47) Importer(815301076,1909f56bfc062723c751e8b465ee728b)
Start importing Assets/Sprites/ActualSprites/FireGoingOut.png using Guid(90af1393b9f06e8439377c82a9d71d47) Importer(815301076,1909f56bfc062723c751e8b465ee728b)  -> (artifact id: '1f271dfbdc8186a9805dd67d14936873') in 0.016898 seconds
Number of updated asset objects reloaded before import = 0
Number of asset objects unloaded after import = 3
========================================================================
Received Import Request.
  Time since last request: 3.677657 seconds.
  path: Assets/Sprites/ActualSprites/FlowerBurnedStages.png
  artifactKey: Guid(540254da93c7b0a4f928f258d92a6c26) Importer(815301076,1909f56bfc062723c751e8b465ee728b)
Start importing Assets/Sprites/ActualSprites/FlowerBurnedStages.png using Guid(540254da93c7b0a4f928f258d92a6c26) Importer(815301076,1909f56bfc062723c751e8b465ee728b)  -> (artifact id: 'c60ac7b47651a6be44d94263661167cc') in 0.018514 seconds
Number of updated asset objects reloaded before import = 0
Number of asset objects unloaded after import = 3
========================================================================
Received Import Request.
  Time since last request: 1.374575 seconds.
  path: Assets/Sprites/ActualSprites/FlowerFireStages.png
  artifactKey: Guid(ba2c8e2189232454e958bd7559ce1318) Importer(815301076,1909f56bfc062723c751e8b465ee728b)
Start importing Assets/Sprites/ActualSprites/FlowerFireStages.png using Guid(ba2c8e2189232454e958bd7559ce1318) Importer(815301076,1909f56bfc062723c751e8b465ee728b)  -> (artifact id: '618f0707ef99ec40a1695a6ce72eb0ab') in 0.014606 seconds
Number of updated asset objects reloaded before import = 0
Number of asset objects unloaded after import = 3
========================================================================
Received Import Request.
  Time since last request: 2.959458 seconds.
  path: Assets/Sprites/ActualSprites/GameMenu.png
  artifactKey: Guid(687d5a3a2a1197847990518929e87f01) Importer(815301076,1909f56bfc062723c751e8b465ee728b)
Start importing Assets/Sprites/ActualSprites/GameMenu.png using Guid(687d5a3a2a1197847990518929e87f01) Importer(815301076,1909f56bfc062723c751e8b465ee728b)  -> (artifact id: '06acbcafb52d032c9b70a2eb53e50d9a') in 0.021030 seconds
Number of updated asset objects reloaded before import = 0
Number of asset objects unloaded after import = 3
========================================================================
Received Import Request.
  Time since last request: 1.949675 seconds.
  path: Assets/Sprites/ActualSprites/knife.png
  artifactKey: Guid(4c229fdcdcf9ceb4baae329b7d133753) Importer(815301076,1909f56bfc062723c751e8b465ee728b)
Start importing Assets/Sprites/ActualSprites/knife.png using Guid(4c229fdcdcf9ceb4baae329b7d133753) Importer(815301076,1909f56bfc062723c751e8b465ee728b)  -> (artifact id: '52c0585c526620edac2831fe12799107') in 0.018096 seconds
Number of updated asset objects reloaded before import = 0
Number of asset objects unloaded after import = 3
========================================================================
Received Import Request.
  Time since last request: 1.783058 seconds.
  path: Assets/Sprites/ActualSprites/IcePack.png
  artifactKey: Guid(06ae438ee0734aa458ba7f0f059a4438) Importer(815301076,1909f56bfc062723c751e8b465ee728b)
Start importing Assets/Sprites/ActualSprites/IcePack.png using Guid(06ae438ee0734aa458ba7f0f059a4438) Importer(815301076,1909f56bfc062723c751e8b465ee728b)  -> (artifact id: '376859b7f20eee6f09c987d6479c6a86') in 0.017605 seconds
Number of updated asset objects reloaded before import = 0
Number of asset objects unloaded after import = 3
========================================================================
Received Import Request.
  Time since last request: 2.885141 seconds.
  path: Assets/Sprites/ActualSprites/oGNETUSHITEL.png
  artifactKey: Guid(b6c76352a12f6fb4cab88194518b3b7f) Importer(815301076,1909f56bfc062723c751e8b465ee728b)
Start importing Assets/Sprites/ActualSprites/oGNETUSHITEL.png using Guid(b6c76352a12f6fb4cab88194518b3b7f) Importer(815301076,1909f56bfc062723c751e8b465ee728b)  -> (artifact id: 'bd4a2e6bfe0bb36c17a42386afc56fe8') in 0.018411 seconds
Number of updated asset objects reloaded before import = 0
Number of asset objects unloaded after import = 3
========================================================================
Received Import Request.
  Time since last request: 1.304548 seconds.
  path: Assets/Sprites/ActualSprites/Leika.png
  artifactKey: Guid(9213b7fa70f2d02418ffa66ee198bc7e) Importer(815301076,1909f56bfc062723c751e8b465ee728b)
Start importing Assets/Sprites/ActualSprites/Leika.png using Guid(9213b7fa70f2d02418ffa66ee198bc7e) Importer(815301076,1909f56bfc062723c751e8b465ee728b)  -> (artifact id: 'baa020a1cac2d5c5e00228b24fd261a1') in 0.017917 seconds
Number of updated asset objects reloaded before import = 0
Number of asset objects unloaded after import = 3
========================================================================
Received Import Request.
  Time since last request: 3.513304 seconds.
  path: Assets/Sprites/ActualSprites/TomatoFlesh.png
  artifactKey: Guid(a6b0698170f032147b67732ab27b8af8) Importer(815301076,1909f56bfc062723c751e8b465ee728b)
Start importing Assets/Sprites/ActualSprites/TomatoFlesh.png using Guid(a6b0698170f032147b67732ab27b8af8) Importer(815301076,1909f56bfc062723c751e8b465ee728b)  -> (artifact id: '27ca160f5a725eea225f3b2c0d82d486') in 0.015598 seconds
Number of updated asset objects reloaded before import = 0
Number of asset objects unloaded after import = 3
========================================================================
Received Import Request.
  Time since last request: 55.213572 seconds.
  path: Assets/Sprites/ActualSprites/BasicFlower.png
  artifactKey: Guid(9cd406fb076c44a419110a9979e6f80f) Importer(815301076,1909f56bfc062723c751e8b465ee728b)
Start importing Assets/Sprites/ActualSprites/BasicFlower.png using Guid(9cd406fb076c44a419110a9979e6f80f) Importer(815301076,1909f56bfc062723c751e8b465ee728b)  -> (artifact id: 'f58b9dd728d10edcdea801980b0b0234') in 0.013722 seconds
Number of updated asset objects reloaded before import = 0
Number of asset objects unloaded after import = 3
========================================================================
Received Import Request.
  Time since last request: 0.016767 seconds.
  path: Assets/Sprites/ActualSprites/FireFiring.png
  artifactKey: Guid(0baa8e1dda5ebdd488605b162f750566) Importer(815301076,1909f56bfc062723c751e8b465ee728b)
Start importing Assets/Sprites/ActualSprites/FireFiring.png using Guid(0baa8e1dda5ebdd488605b162f750566) Importer(815301076,1909f56bfc062723c751e8b465ee728b)  -> (artifact id: '9bcb4fb962b9826e2d33710140f20027') in 0.022153 seconds
Number of updated asset objects reloaded before import = 0
Number of asset objects unloaded after import = 3
========================================================================
Received Import Request.
  Time since last request: 0.000017 seconds.
  path: Assets/Sprites/ActualSprites/GameMenu.png
  artifactKey: Guid(687d5a3a2a1197847990518929e87f01) Importer(815301076,1909f56bfc062723c751e8b465ee728b)
Start importing Assets/Sprites/ActualSprites/GameMenu.png using Guid(687d5a3a2a1197847990518929e87f01) Importer(815301076,1909f56bfc062723c751e8b465ee728b)  -> (artifact id: 'c3f7ca5fa896b980e88b090550559b2d') in 0.025793 seconds
Number of updated asset objects reloaded before import = 0
Number of asset objects unloaded after import = 3
========================================================================
Received Import Request.
  Time since last request: 0.000025 seconds.
  path: Assets/Sprites/ActualSprites/FlowerFireStages.png
  artifactKey: Guid(ba2c8e2189232454e958bd7559ce1318) Importer(815301076,1909f56bfc062723c751e8b465ee728b)
Start importing Assets/Sprites/ActualSprites/FlowerFireStages.png using Guid(ba2c8e2189232454e958bd7559ce1318) Importer(815301076,1909f56bfc062723c751e8b465ee728b)  -> (artifact id: 'dfa47ab5e0c8a9e37dc17a16f0f20497') in 0.018763 seconds
Number of updated asset objects reloaded before import = 0
Number of asset objects unloaded after import = 3
========================================================================
Received Import Request.
  Time since last request: 0.000022 seconds.
  path: Assets/Sprites/ActualSprites/TomatoFlesh.png
  artifactKey: Guid(a6b0698170f032147b67732ab27b8af8) Importer(815301076,1909f56bfc062723c751e8b465ee728b)
Start importing Assets/Sprites/ActualSprites/TomatoFlesh.png using Guid(a6b0698170f032147b67732ab27b8af8) Importer(815301076,1909f56bfc062723c751e8b465ee728b)  -> (artifact id: '8562e40cf06d25275dd81dea567a31ff') in 0.015492 seconds
Number of updated asset objects reloaded before import = 0
Number of asset objects unloaded after import = 3
========================================================================
Received Import Request.
  Time since last request: 0.000025 seconds.
  path: Assets/Sprites/ActualSprites/Leika.png
  artifactKey: Guid(9213b7fa70f2d02418ffa66ee198bc7e) Importer(815301076,1909f56bfc062723c751e8b465ee728b)
Start importing Assets/Sprites/ActualSprites/Leika.png using Guid(9213b7fa70f2d02418ffa66ee198bc7e) Importer(815301076,1909f56bfc062723c751e8b465ee728b)  -> (artifact id: '426d562fce93b5d1bf09aa7f69b135f9') in 0.017747 seconds
Number of updated asset objects reloaded before import = 0
Number of asset objects unloaded after import = 3
========================================================================
Received Import Request.
  Time since last request: 16.423680 seconds.
  path: Assets/Sprites/ActualSprites/CosmicCereal.png
  artifactKey: Guid(dd8b0351cd0fc1e4eb82eac411d7a25d) Importer(815301076,1909f56bfc062723c751e8b465ee728b)
Start importing Assets/Sprites/ActualSprites/CosmicCereal.png using Guid(dd8b0351cd0fc1e4eb82eac411d7a25d) Importer(815301076,1909f56bfc062723c751e8b465ee728b)  -> (artifact id: 'd32197783a6fe187e3954b4ea972b594') in 0.014135 seconds
Number of updated asset objects reloaded before import = 0
Number of asset objects unloaded after import = 2
========================================================================
Received Import Request.
  Time since last request: 0.000025 seconds.
  path: Assets/Sprites/ActualSprites/GameMenu.png
  artifactKey: Guid(687d5a3a2a1197847990518929e87f01) Importer(815301076,1909f56bfc062723c751e8b465ee728b)
Start importing Assets/Sprites/ActualSprites/GameMenu.png using Guid(687d5a3a2a1197847990518929e87f01) Importer(815301076,1909f56bfc062723c751e8b465ee728b)  -> (artifact id: 'e48c04c90450db5189ca4f83b7bc85ce') in 0.018038 seconds
Number of updated asset objects reloaded before import = 0
Number of asset objects unloaded after import = 2
========================================================================
Received Import Request.
  Time since last request: 0.000036 seconds.
  path: Assets/Sprites/ActualSprites/TomatoFlesh.png
  artifactKey: Guid(a6b0698170f032147b67732ab27b8af8) Importer(815301076,1909f56bfc062723c751e8b465ee728b)
Start importing Assets/Sprites/ActualSprites/TomatoFlesh.png using Guid(a6b0698170f032147b67732ab27b8af8) Importer(815301076,1909f56bfc062723c751e8b465ee728b)  -> (artifact id: '8af60bd610a4465d153aac1515ebeaf2') in 0.018531 seconds
Number of updated asset objects reloaded before import = 0
Number of asset objects unloaded after import = 2
Editor requested this worker to shutdown with reason: Scaling down because of idle timeout
TcpMessagingSession - receive error: operation aborted. errorcode: 995, details: ќпераци€ ввода/вывода была прервана из-за завершени€ потока команд или по запросу приложени€.
AssetImportWorker is now disconnected from the server
Process exiting
Exiting without the bug reporter. Application will terminate with return code 0