Using pre-set license
Built from '2022.3/staging' branch; Version is '2022.3.30f1 (70558241b701) revision 7361922'; Using compiler version '192829333'; Build Type 'Release'
OS: 'Windows 11  (10.0.22631) 64bit CoreSingleLanguage' Language: 'ru' Physical Memory: 16168 MB
BatchMode: 1, IsHumanControllingUs: 0, StartBugReporterOnCrash: 0, Is64bit: 1, IsPro: 1

COMMAND LINE ARGUMENTS:
C:\Program Files\Unity\Hub\Editor\2022.3.30f1\Editor\Unity.exe
-adb2
-batchMode
-noUpm
-name
AssetImportWorker2
-projectPath
C:/Users/holya/Desktop/Unity Projects/HellGarden/HellGarden
-logFile
Logs/AssetImportWorker2.log
-srvPort
61386
Successfully changed project path to: C:/Users/holya/Desktop/Unity Projects/HellGarden/HellGarden
C:/Users/holya/Desktop/Unity Projects/HellGarden/HellGarden
[UnityMemory] Configuration Parameters - Can be set up in boot.config
    "memorysetup-bucket-allocator-granularity=16"
    "memorysetup-bucket-allocator-bucket-count=8"
    "memorysetup-bucket-allocator-block-size=33554432"
    "memorysetup-bucket-allocator-block-count=8"
    "memorysetup-main-allocator-block-size=16777216"
    "memorysetup-thread-allocator-block-size=16777216"
    "memorysetup-gfx-main-allocator-block-size=16777216"
    "memorysetup-gfx-thread-allocator-block-size=16777216"
    "memorysetup-cache-allocator-block-size=4194304"
    "memorysetup-typetree-allocator-block-size=2097152"
    "memorysetup-profiler-bucket-allocator-granularity=16"
    "memorysetup-profiler-bucket-allocator-bucket-count=8"
    "memorysetup-profiler-bucket-allocator-block-size=33554432"
    "memorysetup-profiler-bucket-allocator-block-count=8"
    "memorysetup-profiler-allocator-block-size=16777216"
    "memorysetup-profiler-editor-allocator-block-size=1048576"
    "memorysetup-temp-allocator-size-main=16777216"
    "memorysetup-job-temp-allocator-block-size=2097152"
    "memorysetup-job-temp-allocator-block-size-background=1048576"
    "memorysetup-job-temp-allocator-reduction-small-platforms=262144"
    "memorysetup-allocator-temp-initial-block-size-main=262144"
    "memorysetup-allocator-temp-initial-block-size-worker=262144"
    "memorysetup-temp-allocator-size-background-worker=32768"
    "memorysetup-temp-allocator-size-job-worker=262144"
    "memorysetup-temp-allocator-size-preload-manager=33554432"
    "memorysetup-temp-allocator-size-nav-mesh-worker=65536"
    "memorysetup-temp-allocator-size-audio-worker=65536"
    "memorysetup-temp-allocator-size-cloud-worker=32768"
    "memorysetup-temp-allocator-size-gi-baking-worker=262144"
    "memorysetup-temp-allocator-size-gfx=262144"
Player connection [38928] Host "[IP] 192.168.0.43 [Port] 0 [Flags] 2 [Guid] 3986718067 [EditorId] 3986718067 [Version] 1048832 [Id] WindowsEditor(7,LAPTOP-13TATN6K) [Debug] 1 [PackageName] WindowsEditor [ProjectName] Editor" joined multi-casting on [225.0.0.222:54997]...

Player connection [38928] Host "[IP] 192.168.0.43 [Port] 0 [Flags] 2 [Guid] 3986718067 [EditorId] 3986718067 [Version] 1048832 [Id] WindowsEditor(7,LAPTOP-13TATN6K) [Debug] 1 [PackageName] WindowsEditor [ProjectName] Editor" joined alternative multi-casting on [225.0.0.222:34997]...

[Physics::Module] Initialized MultithreadedJobDispatcher with 15 workers.
Refreshing native plugins compatible for Editor in 17.98 ms, found 4 plugins.
Preloading 0 native plugins for Editor in 0.00 ms.
Initialize engine version: 2022.3.30f1 (70558241b701)
[Subsystems] Discovering subsystems at path C:/Program Files/Unity/Hub/Editor/2022.3.30f1/Editor/Data/Resources/UnitySubsystems
[Subsystems] Discovering subsystems at path C:/Users/holya/Desktop/Unity Projects/HellGarden/HellGarden/Assets
GfxDevice: creating device client; threaded=0; jobified=0
Direct3D:
    Version:  Direct3D 11.0 [level 11.1]
    Renderer: NVIDIA GeForce RTX 2060 (ID=0x1f15)
    Vendor:   NVIDIA
    VRAM:     5955 MB
    Driver:   31.0.15.5244
Initialize mono
Mono path[0] = 'C:/Program Files/Unity/Hub/Editor/2022.3.30f1/Editor/Data/Managed'
Mono path[1] = 'C:/Program Files/Unity/Hub/Editor/2022.3.30f1/Editor/Data/MonoBleedingEdge/lib/mono/unityjit-win32'
Mono config path = 'C:/Program Files/Unity/Hub/Editor/2022.3.30f1/Editor/Data/MonoBleedingEdge/etc'
Using monoOptions --debugger-agent=transport=dt_socket,embedding=1,server=y,suspend=n,address=127.0.0.1:56504
Begin MonoManager ReloadAssembly
Registering precompiled unity dll's ...
Register platform support module: C:/Program Files/Unity/Hub/Editor/2022.3.30f1/Editor/Data/PlaybackEngines/WebGLSupport/UnityEditor.WebGL.Extensions.dll
Register platform support module: C:/Program Files/Unity/Hub/Editor/2022.3.30f1/Editor/Data/PlaybackEngines/WindowsStandaloneSupport/UnityEditor.WindowsStandalone.Extensions.dll
Registered in 0.008250 seconds.
- Loaded All Assemblies, in  0.365 seconds
Native extension for WindowsStandalone target not found
Native extension for WebGL target not found
Mono: successfully reloaded assembly
- Finished resetting the current domain, in  0.265 seconds
Domain Reload Profiling: 628ms
	BeginReloadAssembly (102ms)
		ExecutionOrderSort (0ms)
		DisableScriptedObjects (0ms)
		BackupInstance (0ms)
		ReleaseScriptingObjects (0ms)
		CreateAndSetChildDomain (1ms)
	RebuildCommonClasses (35ms)
	RebuildNativeTypeToScriptingClass (12ms)
	initialDomainReloadingComplete (59ms)
	LoadAllAssembliesAndSetupDomain (155ms)
		LoadAssemblies (100ms)
		RebuildTransferFunctionScriptingTraits (0ms)
		AnalyzeDomain (153ms)
			TypeCache.Refresh (151ms)
				TypeCache.ScanAssembly (138ms)
			ScanForSourceGeneratedMonoScriptInfo (0ms)
			ResolveRequiredComponents (1ms)
	FinalizeReload (265ms)
		ReleaseScriptCaches (0ms)
		RebuildScriptCaches (0ms)
		SetupLoadedEditorAssemblies (206ms)
			LogAssemblyErrors (0ms)
			InitializePlatformSupportModulesInManaged (10ms)
			SetLoadedEditorAssemblies (5ms)
			RefreshPlugins (0ms)
			BeforeProcessingInitializeOnLoad (2ms)
			ProcessInitializeOnLoadAttributes (140ms)
			ProcessInitializeOnLoadMethodAttributes (49ms)
			AfterProcessingInitializeOnLoad (0ms)
			EditorAssembliesLoaded (0ms)
		ExecutionOrderSort2 (0ms)
		AwakeInstancesAfterBackupRestoration (0ms)
========================================================================
Worker process is ready to serve import requests
Begin MonoManager ReloadAssembly
- Loaded All Assemblies, in  0.659 seconds
Refreshing native plugins compatible for Editor in 5.16 ms, found 4 plugins.
Native extension for WindowsStandalone target not found
Native extension for WebGL target not found
Package Manager log level set to [2]
[Package Manager] Server::EnsureServerProcessIsRunning -- launch failed, reason: Unity was launched with the -noUpm command-line argument
[Package Manager] UpmClient::Send -- Unable to send message (not connected to UPM process).
[Package Manager] Cannot connect to Unity Package Manager local server
Mono: successfully reloaded assembly
- Finished resetting the current domain, in  0.681 seconds
Domain Reload Profiling: 1336ms
	BeginReloadAssembly (131ms)
		ExecutionOrderSort (0ms)
		DisableScriptedObjects (5ms)
		BackupInstance (0ms)
		ReleaseScriptingObjects (0ms)
		CreateAndSetChildDomain (18ms)
	RebuildCommonClasses (32ms)
	RebuildNativeTypeToScriptingClass (11ms)
	initialDomainReloadingComplete (38ms)
	LoadAllAssembliesAndSetupDomain (444ms)
		LoadAssemblies (307ms)
		RebuildTransferFunctionScriptingTraits (0ms)
		AnalyzeDomain (211ms)
			TypeCache.Refresh (172ms)
				TypeCache.ScanAssembly (157ms)
			ScanForSourceGeneratedMonoScriptInfo (27ms)
			ResolveRequiredComponents (11ms)
	FinalizeReload (681ms)
		ReleaseScriptCaches (0ms)
		RebuildScriptCaches (0ms)
		SetupLoadedEditorAssemblies (521ms)
			LogAssemblyErrors (0ms)
			InitializePlatformSupportModulesInManaged (7ms)
			SetLoadedEditorAssemblies (5ms)
			RefreshPlugins (0ms)
			BeforeProcessingInitializeOnLoad (82ms)
			ProcessInitializeOnLoadAttributes (345ms)
			ProcessInitializeOnLoadMethodAttributes (74ms)
			AfterProcessingInitializeOnLoad (7ms)
			EditorAssembliesLoaded (0ms)
		ExecutionOrderSort2 (0ms)
		AwakeInstancesAfterBackupRestoration (6ms)
Launched and connected shader compiler UnityShaderCompiler.exe after 0.04 seconds
Refreshing native plugins compatible for Editor in 5.24 ms, found 4 plugins.
Preloading 0 native plugins for Editor in 0.00 ms.
Unloading 5686 Unused Serialized files (Serialized files now loaded: 0)
Unloading 125 unused Assets / (3.4 MB). Loaded Objects now: 6107.
Memory consumption went from 216.4 MB to 213.0 MB.
Total: 4.686300 ms (FindLiveObjects: 0.372500 ms CreateObjectMapping: 0.492400 ms MarkObjects: 2.574400 ms  DeleteObjects: 1.246300 ms)

AssetImportParameters requested are different than current active one (requested -> active):
  custom:container-demuxer-ogg: 62fdf1f143b41e24485cea50d1cbac27 -> 
  custom:video-codec-MediaFoundation-h265: 746d11721c4dcdbdad8f713fa42b33f4 -> 
  custom:video-decoder-ogg-theora: a1e56fd34408186e4bbccfd4996cb3dc -> 
  custom:framework-win-MediaFoundation: 216162199b28c13a410421893ffa2e32 -> 
  custom:CustomObjectIndexerAttribute: 72b91833f83ae208fae7752999fa3104 -> 
  custom:container-demuxer-webm: 4f35f7cbe854078d1ac9338744f61a02 -> 
  custom:container-muxer-webm: aa71ff27fc2769a1b78a27578f13a17b -> 
  custom:video-decoder-webm-vp8: 9c59270c3fd7afecdb556c50c9e8de78 -> 
  custom:SearchIndexIgnoredProperties: e643bd26f0fe6173181afceb89e7c659 -> 
  custom:AudioImporter_EditorPlatform: d09bf68614088b80899f8185d706f6e7 -> 
  custom:video-encoder-webm-vp8: eb34c28f22e8b96e1ab97ce403110664 -> 
  custom:audio-decoder-ogg-vorbis: bf7c407c2cedff20999df2af8eb42d56 -> 
  custom:audio-encoder-webm-vorbis: bf7c407c2cedff20999df2af8eb42d56 -> 
========================================================================
Received Import Request.
  Time since last request: 447146.803913 seconds.
  path: Assets/Prefabs/Tables/TableFrog.prefab
  artifactKey: Guid(edbca8ad926579141bca9c2ab6cf9d1d) Importer(815301076,1909f56bfc062723c751e8b465ee728b)
Start importing Assets/Prefabs/Tables/TableFrog.prefab using Guid(edbca8ad926579141bca9c2ab6cf9d1d) Importer(815301076,1909f56bfc062723c751e8b465ee728b)  -> (artifact id: 'fd573d3430068a72505ddde7a0ffa6a1') in 0.256674 seconds
Number of updated asset objects reloaded before import = 0
Number of asset objects unloaded after import = 77
========================================================================
Received Import Request.
  Time since last request: 56.708726 seconds.
  path: Assets/Prefabs/Items/Leika.prefab
  artifactKey: Guid(b97b353f774195945b80639dc5e9701b) Importer(815301076,1909f56bfc062723c751e8b465ee728b)
Start importing Assets/Prefabs/Items/Leika.prefab using Guid(b97b353f774195945b80639dc5e9701b) Importer(815301076,1909f56bfc062723c751e8b465ee728b)  -> (artifact id: '0687337cfe6277ab4b592f4bcbab1dd8') in 0.024089 seconds
Number of updated asset objects reloaded before import = 0
Number of asset objects unloaded after import = 33
========================================================================
Received Import Request.
  Time since last request: 14.607681 seconds.
  path: Assets/Sprites/ActualSprites/Floor.png
  artifactKey: Guid(e7624d49f17a9ea49901fef146173904) Importer(815301076,1909f56bfc062723c751e8b465ee728b)
Start importing Assets/Sprites/ActualSprites/Floor.png using Guid(e7624d49f17a9ea49901fef146173904) Importer(815301076,1909f56bfc062723c751e8b465ee728b)  -> (artifact id: '34257ef66fdd110d154bcdbe5e6e2a77') in 0.034721 seconds
Number of updated asset objects reloaded before import = 0
Number of asset objects unloaded after import = 3
========================================================================
Received Import Request.
  Time since last request: 91.319469 seconds.
  path: Assets/Sprites/ActualSprites/Floor.png
  artifactKey: Guid(e7624d49f17a9ea49901fef146173904) Importer(815301076,1909f56bfc062723c751e8b465ee728b)
Start importing Assets/Sprites/ActualSprites/Floor.png using Guid(e7624d49f17a9ea49901fef146173904) Importer(815301076,1909f56bfc062723c751e8b465ee728b)  -> (artifact id: 'a2b960dd1fa0364bf3f9e2af131e5b47') in 0.016232 seconds
Number of updated asset objects reloaded before import = 0
Number of asset objects unloaded after import = 3
========================================================================
Received Import Request.
  Time since last request: 13.675219 seconds.
  path: Assets/Sprites/ActualSprites/FrogPot.png
  artifactKey: Guid(e05d11107f0043946a73b4847289d3e9) Importer(815301076,1909f56bfc062723c751e8b465ee728b)
Start importing Assets/Sprites/ActualSprites/FrogPot.png using Guid(e05d11107f0043946a73b4847289d3e9) Importer(815301076,1909f56bfc062723c751e8b465ee728b)  -> (artifact id: '4b80fcd327f824889255033ad5d7b8bb') in 0.016475 seconds
Number of updated asset objects reloaded before import = 0
Number of asset objects unloaded after import = 2
========================================================================
Received Import Request.
  Time since last request: 7.209500 seconds.
  path: Assets/Sprites/ActualSprites/Tomatoes.png
  artifactKey: Guid(b6618357b5428f94aa5117c2ee778b14) Importer(815301076,1909f56bfc062723c751e8b465ee728b)
Start importing Assets/Sprites/ActualSprites/Tomatoes.png using Guid(b6618357b5428f94aa5117c2ee778b14) Importer(815301076,1909f56bfc062723c751e8b465ee728b)  -> (artifact id: 'f22932cdaa0c656b429ffe103f84b554') in 0.020150 seconds
Number of updated asset objects reloaded before import = 0
Number of asset objects unloaded after import = 2
========================================================================
Received Import Request.
  Time since last request: 3.973868 seconds.
  path: Assets/Sprites/ActualSprites/BlackHole.png
  artifactKey: Guid(c28dd357da0ec9142bc67d9ecf0facfc) Importer(815301076,1909f56bfc062723c751e8b465ee728b)
Start importing Assets/Sprites/ActualSprites/BlackHole.png using Guid(c28dd357da0ec9142bc67d9ecf0facfc) Importer(815301076,1909f56bfc062723c751e8b465ee728b)  -> (artifact id: 'ef965891c72397af6877b5eddb85d382') in 0.028544 seconds
Number of updated asset objects reloaded before import = 0
Number of asset objects unloaded after import = 2
========================================================================
Received Import Request.
  Time since last request: 213.446181 seconds.
  path: Assets/Sprites/ActualSprites/Tomatoes.png
  artifactKey: Guid(b6618357b5428f94aa5117c2ee778b14) Importer(815301076,1909f56bfc062723c751e8b465ee728b)
Start importing Assets/Sprites/ActualSprites/Tomatoes.png using Guid(b6618357b5428f94aa5117c2ee778b14) Importer(815301076,1909f56bfc062723c751e8b465ee728b)  -> (artifact id: 'd17b84e4e379679f6f211cff5f384148') in 0.051762 seconds
Number of updated asset objects reloaded before import = 0
Number of asset objects unloaded after import = 11
========================================================================
Received Import Request.
  Time since last request: 76.705399 seconds.
  path: Assets/Sprites/ActualSprites/FrogPot.png
  artifactKey: Guid(e05d11107f0043946a73b4847289d3e9) Importer(815301076,1909f56bfc062723c751e8b465ee728b)
Start importing Assets/Sprites/ActualSprites/FrogPot.png using Guid(e05d11107f0043946a73b4847289d3e9) Importer(815301076,1909f56bfc062723c751e8b465ee728b)  -> (artifact id: '6df6022ed8ead5d6822cd9b75b685a5e') in 0.044759 seconds
Number of updated asset objects reloaded before import = 0
Number of asset objects unloaded after import = 11
========================================================================
Received Import Request.
  Time since last request: 56.104729 seconds.
  path: Assets/Sprites/ActualSprites/FrogPot.png
  artifactKey: Guid(e05d11107f0043946a73b4847289d3e9) Importer(815301076,1909f56bfc062723c751e8b465ee728b)
Start importing Assets/Sprites/ActualSprites/FrogPot.png using Guid(e05d11107f0043946a73b4847289d3e9) Importer(815301076,1909f56bfc062723c751e8b465ee728b)  -> (artifact id: '5b1552c488e84dc015308d6f425b7d9b') in 0.050473 seconds
Number of updated asset objects reloaded before import = 0
Number of asset objects unloaded after import = 11
========================================================================
Received Import Request.
  Time since last request: 3.178222 seconds.
  path: Assets/Sprites/ActualSprites/FrogPot.png
  artifactKey: Guid(e05d11107f0043946a73b4847289d3e9) Importer(815301076,1909f56bfc062723c751e8b465ee728b)
Start importing Assets/Sprites/ActualSprites/FrogPot.png using Guid(e05d11107f0043946a73b4847289d3e9) Importer(815301076,1909f56bfc062723c751e8b465ee728b)  -> (artifact id: '3a24e2291a197a082b96062b33878b8e') in 0.036408 seconds
Number of updated asset objects reloaded before import = 0
Number of asset objects unloaded after import = 11
========================================================================
Received Prepare
Begin MonoManager ReloadAssembly
- Loaded All Assemblies, in  0.568 seconds
Refreshing native plugins compatible for Editor in 6.00 ms, found 4 plugins.
Native extension for WindowsStandalone target not found
Native extension for WebGL target not found
[Package Manager] Server::EnsureServerProcessIsRunning -- launch failed, reason: Unity was launched with the -noUpm command-line argument
[Package Manager] UpmClient::Send -- Unable to send message (not connected to UPM process).
[Package Manager] Cannot connect to Unity Package Manager local server
Mono: successfully reloaded assembly
- Finished resetting the current domain, in  2.582 seconds
Domain Reload Profiling: 3145ms
	BeginReloadAssembly (190ms)
		ExecutionOrderSort (0ms)
		DisableScriptedObjects (17ms)
		BackupInstance (0ms)
		ReleaseScriptingObjects (0ms)
		CreateAndSetChildDomain (48ms)
	RebuildCommonClasses (35ms)
	RebuildNativeTypeToScriptingClass (13ms)
	initialDomainReloadingComplete (33ms)
	LoadAllAssembliesAndSetupDomain (291ms)
		LoadAssemblies (355ms)
		RebuildTransferFunctionScriptingTraits (0ms)
		AnalyzeDomain (22ms)
			TypeCache.Refresh (7ms)
				TypeCache.ScanAssembly (0ms)
			ScanForSourceGeneratedMonoScriptInfo (0ms)
			ResolveRequiredComponents (14ms)
	FinalizeReload (2583ms)
		ReleaseScriptCaches (0ms)
		RebuildScriptCaches (0ms)
		SetupLoadedEditorAssemblies (670ms)
			LogAssemblyErrors (0ms)
			InitializePlatformSupportModulesInManaged (9ms)
			SetLoadedEditorAssemblies (6ms)
			RefreshPlugins (0ms)
			BeforeProcessingInitializeOnLoad (105ms)
			ProcessInitializeOnLoadAttributes (447ms)
			ProcessInitializeOnLoadMethodAttributes (94ms)
			AfterProcessingInitializeOnLoad (9ms)
			EditorAssembliesLoaded (0ms)
		ExecutionOrderSort2 (0ms)
		AwakeInstancesAfterBackupRestoration (20ms)
Refreshing native plugins compatible for Editor in 7.62 ms, found 4 plugins.
Preloading 0 native plugins for Editor in 0.00 ms.
Unloading 5572 Unused Serialized files (Serialized files now loaded: 0)
Unloading 91 unused Assets / (3.4 MB). Loaded Objects now: 6201.
Memory consumption went from 204.0 MB to 200.6 MB.
Total: 5.624800 ms (FindLiveObjects: 0.463500 ms CreateObjectMapping: 0.451800 ms MarkObjects: 3.094200 ms  DeleteObjects: 1.614400 ms)

Prepare: number of updated asset objects reloaded= 0
AssetImportParameters requested are different than current active one (requested -> active):
  custom:container-demuxer-ogg: 62fdf1f143b41e24485cea50d1cbac27 -> 
  custom:video-codec-MediaFoundation-h265: 746d11721c4dcdbdad8f713fa42b33f4 -> 
  custom:video-decoder-ogg-theora: a1e56fd34408186e4bbccfd4996cb3dc -> 
  custom:framework-win-MediaFoundation: 216162199b28c13a410421893ffa2e32 -> 
  custom:CustomObjectIndexerAttribute: 72b91833f83ae208fae7752999fa3104 -> 
  custom:container-demuxer-webm: 4f35f7cbe854078d1ac9338744f61a02 -> 
  custom:container-muxer-webm: aa71ff27fc2769a1b78a27578f13a17b -> 
  custom:video-decoder-webm-vp8: 9c59270c3fd7afecdb556c50c9e8de78 -> 
  custom:SearchIndexIgnoredProperties: e643bd26f0fe6173181afceb89e7c659 -> 
  custom:AudioImporter_EditorPlatform: d09bf68614088b80899f8185d706f6e7 -> 
  custom:video-encoder-webm-vp8: eb34c28f22e8b96e1ab97ce403110664 -> 
  custom:audio-decoder-ogg-vorbis: bf7c407c2cedff20999df2af8eb42d56 -> 
  custom:audio-encoder-webm-vorbis: bf7c407c2cedff20999df2af8eb42d56 -> 
========================================================================
Received Import Request.
  Time since last request: 1013.207995 seconds.
  path: Assets/Prefabs/Tables/TableFrog.prefab
  artifactKey: Guid(edbca8ad926579141bca9c2ab6cf9d1d) Importer(815301076,1909f56bfc062723c751e8b465ee728b)
Start importing Assets/Prefabs/Tables/TableFrog.prefab using Guid(edbca8ad926579141bca9c2ab6cf9d1d) Importer(815301076,1909f56bfc062723c751e8b465ee728b)  -> (artifact id: '969e0429830cb56e936c9e8df40b025f') in 0.229871 seconds
Number of updated asset objects reloaded before import = 0
Number of asset objects unloaded after import = 97
========================================================================
Received Import Request.
  Time since last request: 20.095972 seconds.
  path: Assets/Prefabs/Tables/TableFrog.prefab
  artifactKey: Guid(edbca8ad926579141bca9c2ab6cf9d1d) Importer(815301076,1909f56bfc062723c751e8b465ee728b)
Start importing Assets/Prefabs/Tables/TableFrog.prefab using Guid(edbca8ad926579141bca9c2ab6cf9d1d) Importer(815301076,1909f56bfc062723c751e8b465ee728b)  -> (artifact id: 'd942f7841a908f3424e7c544cd1a6805') in 0.013895 seconds
Number of updated asset objects reloaded before import = 0
Number of asset objects unloaded after import = 79
========================================================================
Received Import Request.
  Time since last request: 13.284800 seconds.
  path: Assets/Prefabs/Tables/TableFrog.prefab
  artifactKey: Guid(edbca8ad926579141bca9c2ab6cf9d1d) Importer(815301076,1909f56bfc062723c751e8b465ee728b)
Start importing Assets/Prefabs/Tables/TableFrog.prefab using Guid(edbca8ad926579141bca9c2ab6cf9d1d) Importer(815301076,1909f56bfc062723c751e8b465ee728b)  -> (artifact id: '0f9cd13e9d2072b9de896ed7e3e44113') in 0.020663 seconds
Number of updated asset objects reloaded before import = 0
Number of asset objects unloaded after import = 79
========================================================================
Received Import Request.
  Time since last request: 13.272780 seconds.
  path: Assets/Prefabs/Tables/TableFrog.prefab
  artifactKey: Guid(edbca8ad926579141bca9c2ab6cf9d1d) Importer(815301076,1909f56bfc062723c751e8b465ee728b)
Start importing Assets/Prefabs/Tables/TableFrog.prefab using Guid(edbca8ad926579141bca9c2ab6cf9d1d) Importer(815301076,1909f56bfc062723c751e8b465ee728b)  -> (artifact id: '866594a6d54b5d50e755c4945f054e90') in 0.023695 seconds
Number of updated asset objects reloaded before import = 0
Number of asset objects unloaded after import = 79
========================================================================
Received Import Request.
  Time since last request: 3.799308 seconds.
  path: Assets/Prefabs/Tables/TableFrog.prefab
  artifactKey: Guid(edbca8ad926579141bca9c2ab6cf9d1d) Importer(815301076,1909f56bfc062723c751e8b465ee728b)
Start importing Assets/Prefabs/Tables/TableFrog.prefab using Guid(edbca8ad926579141bca9c2ab6cf9d1d) Importer(815301076,1909f56bfc062723c751e8b465ee728b)  -> (artifact id: '2f28ecead496601ae3a364a3b680505a') in 0.017546 seconds
Number of updated asset objects reloaded before import = 0
Number of asset objects unloaded after import = 79
========================================================================
Received Import Request.
  Time since last request: 876.687085 seconds.
  path: Assets/Sprites/ActualSprites/BlackHole.png
  artifactKey: Guid(c28dd357da0ec9142bc67d9ecf0facfc) Importer(815301076,1909f56bfc062723c751e8b465ee728b)
Start importing Assets/Sprites/ActualSprites/BlackHole.png using Guid(c28dd357da0ec9142bc67d9ecf0facfc) Importer(815301076,1909f56bfc062723c751e8b465ee728b)  -> (artifact id: '29b084df4b0506d696a065c0723fa226') in 0.079929 seconds
Number of updated asset objects reloaded before import = 0
Number of asset objects unloaded after import = 12
========================================================================
Received Import Request.
  Time since last request: 17.510754 seconds.
  path: Assets/Sprites/ActualSprites/BlackHole.png
  artifactKey: Guid(c28dd357da0ec9142bc67d9ecf0facfc) Importer(815301076,1909f56bfc062723c751e8b465ee728b)
Start importing Assets/Sprites/ActualSprites/BlackHole.png using Guid(c28dd357da0ec9142bc67d9ecf0facfc) Importer(815301076,1909f56bfc062723c751e8b465ee728b)  -> (artifact id: '2d1d4170f9a68eb3b0d9cec0942f69e5') in 0.051778 seconds
Number of updated asset objects reloaded before import = 0
Number of asset objects unloaded after import = 12
========================================================================
Received Import Request.
  Time since last request: 2.468151 seconds.
  path: Assets/Sprites/ActualSprites/Tomatoes.png
  artifactKey: Guid(b6618357b5428f94aa5117c2ee778b14) Importer(815301076,1909f56bfc062723c751e8b465ee728b)
Start importing Assets/Sprites/ActualSprites/Tomatoes.png using Guid(b6618357b5428f94aa5117c2ee778b14) Importer(815301076,1909f56bfc062723c751e8b465ee728b)  -> (artifact id: '6f77225a5d70094fe62a839a215e575c') in 0.043066 seconds
Number of updated asset objects reloaded before import = 0
Number of asset objects unloaded after import = 11
========================================================================
Received Import Request.
  Time since last request: 1706.832833 seconds.
  path: Assets/Animations/Flowers/BlackholeFlower/NormalBH.controller
  artifactKey: Guid(f38fcbba04c29ba47bf44273ebffc4cc) Importer(815301076,1909f56bfc062723c751e8b465ee728b)
Start importing Assets/Animations/Flowers/BlackholeFlower/NormalBH.controller using Guid(f38fcbba04c29ba47bf44273ebffc4cc) Importer(815301076,1909f56bfc062723c751e8b465ee728b)  -> (artifact id: '4f7b14dab2adce912f015d161ffa93b4') in 0.003198 seconds
Number of updated asset objects reloaded before import = 0
Number of asset objects unloaded after import = 1
========================================================================
Received Import Request.
  Time since last request: 981.195078 seconds.
  path: Assets/Animations/Flowers/BlackholeFlower/NormalBH.controller
  artifactKey: Guid(f38fcbba04c29ba47bf44273ebffc4cc) Importer(815301076,1909f56bfc062723c751e8b465ee728b)
Start importing Assets/Animations/Flowers/BlackholeFlower/NormalBH.controller using Guid(f38fcbba04c29ba47bf44273ebffc4cc) Importer(815301076,1909f56bfc062723c751e8b465ee728b)  -> (artifact id: '62c544a68266b93d56c81be372bef9a1') in 0.002553 seconds
Number of updated asset objects reloaded before import = 0
Number of asset objects unloaded after import = 3
========================================================================
Received Prepare
Begin MonoManager ReloadAssembly
- Loaded All Assemblies, in  3.472 seconds
Refreshing native plugins compatible for Editor in 6.13 ms, found 4 plugins.
Native extension for WindowsStandalone target not found
Native extension for WebGL target not found
[Package Manager] Server::EnsureServerProcessIsRunning -- launch failed, reason: Unity was launched with the -noUpm command-line argument
[Package Manager] UpmClient::Send -- Unable to send message (not connected to UPM process).
[Package Manager] Cannot connect to Unity Package Manager local server
Mono: successfully reloaded assembly
- Finished resetting the current domain, in 18.854 seconds
Domain Reload Profiling: 22322ms
	BeginReloadAssembly (338ms)
		ExecutionOrderSort (0ms)
		DisableScriptedObjects (42ms)
		BackupInstance (0ms)
		ReleaseScriptingObjects (0ms)
		CreateAndSetChildDomain (128ms)
	RebuildCommonClasses (143ms)
	RebuildNativeTypeToScriptingClass (13ms)
	initialDomainReloadingComplete (52ms)
	LoadAllAssembliesAndSetupDomain (2921ms)
		LoadAssemblies (3012ms)
		RebuildTransferFunctionScriptingTraits (0ms)
		AnalyzeDomain (26ms)
			TypeCache.Refresh (9ms)
				TypeCache.ScanAssembly (0ms)
			ScanForSourceGeneratedMonoScriptInfo (0ms)
			ResolveRequiredComponents (16ms)
	FinalizeReload (18854ms)
		ReleaseScriptCaches (0ms)
		RebuildScriptCaches (0ms)
		SetupLoadedEditorAssemblies (587ms)
			LogAssemblyErrors (0ms)
			InitializePlatformSupportModulesInManaged (10ms)
			SetLoadedEditorAssemblies (6ms)
			RefreshPlugins (0ms)
			BeforeProcessingInitializeOnLoad (100ms)
			ProcessInitializeOnLoadAttributes (380ms)
			ProcessInitializeOnLoadMethodAttributes (83ms)
			AfterProcessingInitializeOnLoad (7ms)
			EditorAssembliesLoaded (0ms)
		ExecutionOrderSort2 (0ms)
		AwakeInstancesAfterBackupRestoration (18ms)
Refreshing native plugins compatible for Editor in 5.68 ms, found 4 plugins.
Preloading 0 native plugins for Editor in 0.00 ms.
Unloading 5572 Unused Serialized files (Serialized files now loaded: 0)
Unloading 90 unused Assets / (3.4 MB). Loaded Objects now: 6261.
Memory consumption went from 204.1 MB to 200.7 MB.
Total: 6.257500 ms (FindLiveObjects: 0.430400 ms CreateObjectMapping: 0.412400 ms MarkObjects: 3.684800 ms  DeleteObjects: 1.729300 ms)

Prepare: number of updated asset objects reloaded= 0
AssetImportParameters requested are different than current active one (requested -> active):
  custom:container-demuxer-ogg: 62fdf1f143b41e24485cea50d1cbac27 -> 
  custom:video-codec-MediaFoundation-h265: 746d11721c4dcdbdad8f713fa42b33f4 -> 
  custom:video-decoder-ogg-theora: a1e56fd34408186e4bbccfd4996cb3dc -> 
  custom:framework-win-MediaFoundation: 216162199b28c13a410421893ffa2e32 -> 
  custom:CustomObjectIndexerAttribute: 72b91833f83ae208fae7752999fa3104 -> 
  custom:container-demuxer-webm: 4f35f7cbe854078d1ac9338744f61a02 -> 
  custom:container-muxer-webm: aa71ff27fc2769a1b78a27578f13a17b -> 
  custom:video-decoder-webm-vp8: 9c59270c3fd7afecdb556c50c9e8de78 -> 
  custom:SearchIndexIgnoredProperties: e643bd26f0fe6173181afceb89e7c659 -> 
  custom:AudioImporter_EditorPlatform: d09bf68614088b80899f8185d706f6e7 -> 
  custom:video-encoder-webm-vp8: eb34c28f22e8b96e1ab97ce403110664 -> 
  custom:audio-decoder-ogg-vorbis: bf7c407c2cedff20999df2af8eb42d56 -> 
  custom:audio-encoder-webm-vorbis: bf7c407c2cedff20999df2af8eb42d56 -> 
========================================================================
Received Import Request.
  Time since last request: 971.693117 seconds.
  path: Assets/Prefabs/Tables/TableBlackHole.prefab
  artifactKey: Guid(8688da55f15ad2f479e198a7b57b0c2f) Importer(815301076,1909f56bfc062723c751e8b465ee728b)
Start importing Assets/Prefabs/Tables/TableBlackHole.prefab using Guid(8688da55f15ad2f479e198a7b57b0c2f) Importer(815301076,1909f56bfc062723c751e8b465ee728b)  -> (artifact id: '62149312abff362e7a25d3dcff3845e3') in 0.393187 seconds
Number of updated asset objects reloaded before import = 0
Number of asset objects unloaded after import = 180
========================================================================
Received Import Request.
  Time since last request: 7.039636 seconds.
  path: Assets/Prefabs/Tables/TableBlackHole.prefab
  artifactKey: Guid(8688da55f15ad2f479e198a7b57b0c2f) Importer(815301076,1909f56bfc062723c751e8b465ee728b)
Start importing Assets/Prefabs/Tables/TableBlackHole.prefab using Guid(8688da55f15ad2f479e198a7b57b0c2f) Importer(815301076,1909f56bfc062723c751e8b465ee728b)  -> (artifact id: '0f31d368e5a958dea41c2c9160d4a469') in 0.029577 seconds
Number of updated asset objects reloaded before import = 0
Number of asset objects unloaded after import = 162
========================================================================
Received Import Request.
  Time since last request: 32.979933 seconds.
  path: Assets/Prefabs/Tables/TableBlackHole.prefab
  artifactKey: Guid(8688da55f15ad2f479e198a7b57b0c2f) Importer(815301076,1909f56bfc062723c751e8b465ee728b)
Start importing Assets/Prefabs/Tables/TableBlackHole.prefab using Guid(8688da55f15ad2f479e198a7b57b0c2f) Importer(815301076,1909f56bfc062723c751e8b465ee728b)  -> (artifact id: 'bc953b182690f7bdfa3af86bcbd569d6') in 0.030036 seconds
Number of updated asset objects reloaded before import = 0
Number of asset objects unloaded after import = 162
========================================================================
Received Import Request.
  Time since last request: 43.473592 seconds.
  path: Assets/Prefabs/Effects/Jupiter.prefab
  artifactKey: Guid(749a3e312b0be6f4f8499e768fbe34b3) Importer(815301076,1909f56bfc062723c751e8b465ee728b)
Start importing Assets/Prefabs/Effects/Jupiter.prefab using Guid(749a3e312b0be6f4f8499e768fbe34b3) Importer(815301076,1909f56bfc062723c751e8b465ee728b)  -> (artifact id: '82606ec919eef1b7e17d7199b7a82382') in 0.015407 seconds
Number of updated asset objects reloaded before import = 0
Number of asset objects unloaded after import = 12
========================================================================
Received Import Request.
  Time since last request: 0.000021 seconds.
  path: Assets/Prefabs/Effects/Saturn.prefab
  artifactKey: Guid(35fb0a1dcae838d45af1c63b505a83ef) Importer(815301076,1909f56bfc062723c751e8b465ee728b)
Start importing Assets/Prefabs/Effects/Saturn.prefab using Guid(35fb0a1dcae838d45af1c63b505a83ef) Importer(815301076,1909f56bfc062723c751e8b465ee728b)  -> (artifact id: '748b98cce59963bd598c087dab87e0d5') in 0.015122 seconds
Number of updated asset objects reloaded before import = 0
Number of asset objects unloaded after import = 12
========================================================================
Received Import Request.
  Time since last request: 0.000042 seconds.
  path: Assets/Prefabs/Effects/Uranus.prefab
  artifactKey: Guid(3e775859d3ec3554899c9b99217eb490) Importer(815301076,1909f56bfc062723c751e8b465ee728b)
Start importing Assets/Prefabs/Effects/Uranus.prefab using Guid(3e775859d3ec3554899c9b99217eb490) Importer(815301076,1909f56bfc062723c751e8b465ee728b)  -> (artifact id: '4edc07397ff5b9e5b36ba250ae0d6dd8') in 0.014526 seconds
Number of updated asset objects reloaded before import = 0
Number of asset objects unloaded after import = 12
========================================================================
Received Import Request.
  Time since last request: 19.119447 seconds.
  path: Assets/Prefabs/Items/PackOfPlanets.prefab
  artifactKey: Guid(c662f704a9c22054088db039f95a58b0) Importer(815301076,1909f56bfc062723c751e8b465ee728b)
Start importing Assets/Prefabs/Items/PackOfPlanets.prefab using Guid(c662f704a9c22054088db039f95a58b0) Importer(815301076,1909f56bfc062723c751e8b465ee728b)  -> (artifact id: '29b2ce3ca60e3d81a3e4550ea9c43b2e') in 0.018105 seconds
Number of updated asset objects reloaded before import = 0
Number of asset objects unloaded after import = 73
========================================================================
Received Import Request.
  Time since last request: 35.383459 seconds.
  path: Assets/Animations/Flowers/BlackholeFlower/Small.anim
  artifactKey: Guid(1d0e5394f0c5d0949b1078d991ecb0a6) Importer(815301076,1909f56bfc062723c751e8b465ee728b)
Start importing Assets/Animations/Flowers/BlackholeFlower/Small.anim using Guid(1d0e5394f0c5d0949b1078d991ecb0a6) Importer(815301076,1909f56bfc062723c751e8b465ee728b)  -> (artifact id: '093fbc3a76edb6d18949824d5a7bc8dd') in 0.001231 seconds
Number of updated asset objects reloaded before import = 0
Number of asset objects unloaded after import = 1
========================================================================
Received Import Request.
  Time since last request: 4.369237 seconds.
  path: Assets/Animations/Flowers/BlackholeFlower/Normal.anim
  artifactKey: Guid(1d0e5394f0c5d0949b1078d991ecb0a6) Importer(815301076,1909f56bfc062723c751e8b465ee728b)
Start importing Assets/Animations/Flowers/BlackholeFlower/Normal.anim using Guid(1d0e5394f0c5d0949b1078d991ecb0a6) Importer(815301076,1909f56bfc062723c751e8b465ee728b)  -> (artifact id: 'fa27be303d3826c76ed1d15ffa674c27') in 0.001315 seconds
Number of updated asset objects reloaded before import = 0
Number of asset objects unloaded after import = 1
========================================================================
Received Import Request.
  Time since last request: 3.525602 seconds.
  path: Assets/Animations/Flowers/BlackholeFlower/NormalBH.controller
  artifactKey: Guid(f38fcbba04c29ba47bf44273ebffc4cc) Importer(815301076,1909f56bfc062723c751e8b465ee728b)
Start importing Assets/Animations/Flowers/BlackholeFlower/NormalBH.controller using Guid(f38fcbba04c29ba47bf44273ebffc4cc) Importer(815301076,1909f56bfc062723c751e8b465ee728b)  -> (artifact id: '807c22126fa661e5e5a86e04cc29784f') in 0.001625 seconds
Number of updated asset objects reloaded before import = 0
Number of asset objects unloaded after import = 4
========================================================================
Received Import Request.
  Time since last request: 5.966920 seconds.
  path: Assets/PhisicMaterial/PlanetType1.physicsMaterial2D
  artifactKey: Guid(999ae02f8db80d94ba802eb34a629a96) Importer(815301076,1909f56bfc062723c751e8b465ee728b)
Start importing Assets/PhisicMaterial/PlanetType1.physicsMaterial2D using Guid(999ae02f8db80d94ba802eb34a629a96) Importer(815301076,1909f56bfc062723c751e8b465ee728b)  -> (artifact id: '2630983cb0213bc912f9ff759aef6774') in 0.001044 seconds
Number of updated asset objects reloaded before import = 0
Number of asset objects unloaded after import = 1
========================================================================
Received Import Request.
  Time since last request: 0.000470 seconds.
  path: Assets/PhisicMaterial/PlanetType3.physicsMaterial2D
  artifactKey: Guid(3c8e91508084fa1419b7a50f67608aff) Importer(815301076,1909f56bfc062723c751e8b465ee728b)
Start importing Assets/PhisicMaterial/PlanetType3.physicsMaterial2D using Guid(3c8e91508084fa1419b7a50f67608aff) Importer(815301076,1909f56bfc062723c751e8b465ee728b)  -> (artifact id: '8e9018448dd36f84764d9cb6cf161cc9') in 0.001078 seconds
Number of updated asset objects reloaded before import = 0
Number of asset objects unloaded after import = 1
========================================================================
Received Import Request.
  Time since last request: 2.835253 seconds.
  path: Assets/Settings/Lit2DSceneTemplate.scenetemplate
  artifactKey: Guid(d03ed43fc9d8a4f2e9fa70c1c7916eb9) Importer(815301076,1909f56bfc062723c751e8b465ee728b)
Start importing Assets/Settings/Lit2DSceneTemplate.scenetemplate using Guid(d03ed43fc9d8a4f2e9fa70c1c7916eb9) Importer(815301076,1909f56bfc062723c751e8b465ee728b)  -> (artifact id: '2e1079a3db36f112938c32b4deba890a') in 0.095802 seconds
Number of updated asset objects reloaded before import = 0
Number of asset objects unloaded after import = 5
========================================================================
Received Import Request.
  Time since last request: 98.808592 seconds.
  path: Assets/Prefabs/Tables/TableBlackHole.prefab
  artifactKey: Guid(8688da55f15ad2f479e198a7b57b0c2f) Importer(815301076,1909f56bfc062723c751e8b465ee728b)
Start importing Assets/Prefabs/Tables/TableBlackHole.prefab using Guid(8688da55f15ad2f479e198a7b57b0c2f) Importer(815301076,1909f56bfc062723c751e8b465ee728b)  -> (artifact id: 'a346d3cb48f359c3ce59322bf496d95e') in 0.027269 seconds
Number of updated asset objects reloaded before import = 0
Number of asset objects unloaded after import = 162
========================================================================
Received Import Request.
  Time since last request: 61.600530 seconds.
  path: Assets/Prefabs/Tables/TableBlackHole.prefab
  artifactKey: Guid(8688da55f15ad2f479e198a7b57b0c2f) Importer(815301076,1909f56bfc062723c751e8b465ee728b)
Start importing Assets/Prefabs/Tables/TableBlackHole.prefab using Guid(8688da55f15ad2f479e198a7b57b0c2f) Importer(815301076,1909f56bfc062723c751e8b465ee728b)  -> (artifact id: '1b68f972a6c64238a8cbbcab0e7a5067') in 0.025799 seconds
Number of updated asset objects reloaded before import = 0
Number of asset objects unloaded after import = 162
========================================================================
Received Import Request.
  Time since last request: 1.765867 seconds.
  path: Assets/Prefabs/Tables/TableBlackHole.prefab
  artifactKey: Guid(8688da55f15ad2f479e198a7b57b0c2f) Importer(815301076,1909f56bfc062723c751e8b465ee728b)
Start importing Assets/Prefabs/Tables/TableBlackHole.prefab using Guid(8688da55f15ad2f479e198a7b57b0c2f) Importer(815301076,1909f56bfc062723c751e8b465ee728b)  -> (artifact id: '9dfaddbdf46a0100d50c95845dc939a4') in 0.027751 seconds
Number of updated asset objects reloaded before import = 0
Number of asset objects unloaded after import = 162
========================================================================
Received Import Request.
  Time since last request: 34.838184 seconds.
  path: Assets/Prefabs/Tables/TableFrog.prefab
  artifactKey: Guid(edbca8ad926579141bca9c2ab6cf9d1d) Importer(815301076,1909f56bfc062723c751e8b465ee728b)
Start importing Assets/Prefabs/Tables/TableFrog.prefab using Guid(edbca8ad926579141bca9c2ab6cf9d1d) Importer(815301076,1909f56bfc062723c751e8b465ee728b)  -> (artifact id: '134cdefb7f8b258bd111976fdf7b3ab0') in 0.026913 seconds
Number of updated asset objects reloaded before import = 0
Number of asset objects unloaded after import = 79
========================================================================
Received Import Request.
  Time since last request: 1.963525 seconds.
  path: Assets/Prefabs/Tables/TableFrog.prefab
  artifactKey: Guid(edbca8ad926579141bca9c2ab6cf9d1d) Importer(815301076,1909f56bfc062723c751e8b465ee728b)
Start importing Assets/Prefabs/Tables/TableFrog.prefab using Guid(edbca8ad926579141bca9c2ab6cf9d1d) Importer(815301076,1909f56bfc062723c751e8b465ee728b)  -> (artifact id: 'ef818c2b7ede5c3b9dab36388d2c227f') in 0.013626 seconds
Number of updated asset objects reloaded before import = 0
Number of asset objects unloaded after import = 79
========================================================================
Received Import Request.
  Time since last request: 4.042089 seconds.
  path: Assets/Prefabs/Tables/TableBlackHole.prefab
  artifactKey: Guid(8688da55f15ad2f479e198a7b57b0c2f) Importer(815301076,1909f56bfc062723c751e8b465ee728b)
Start importing Assets/Prefabs/Tables/TableBlackHole.prefab using Guid(8688da55f15ad2f479e198a7b57b0c2f) Importer(815301076,1909f56bfc062723c751e8b465ee728b)  -> (artifact id: 'c445fe3e11210075d61d3d5900c5407e') in 0.022197 seconds
Number of updated asset objects reloaded before import = 0
Number of asset objects unloaded after import = 168
========================================================================
Received Import Request.
  Time since last request: 28.506041 seconds.
  path: Assets/Prefabs/Tables/TableBlackHole.prefab
  artifactKey: Guid(8688da55f15ad2f479e198a7b57b0c2f) Importer(815301076,1909f56bfc062723c751e8b465ee728b)
Start importing Assets/Prefabs/Tables/TableBlackHole.prefab using Guid(8688da55f15ad2f479e198a7b57b0c2f) Importer(815301076,1909f56bfc062723c751e8b465ee728b)  -> (artifact id: '678d3d65c543a4427410d8fc3b950ec9') in 0.031591 seconds
Number of updated asset objects reloaded before import = 0
Number of asset objects unloaded after import = 168
========================================================================
Received Import Request.
  Time since last request: 1.170904 seconds.
  path: Assets/Prefabs/Tables/TableBlackHole.prefab
  artifactKey: Guid(8688da55f15ad2f479e198a7b57b0c2f) Importer(815301076,1909f56bfc062723c751e8b465ee728b)
Start importing Assets/Prefabs/Tables/TableBlackHole.prefab using Guid(8688da55f15ad2f479e198a7b57b0c2f) Importer(815301076,1909f56bfc062723c751e8b465ee728b)  -> (artifact id: 'd61666ffdeed44e738a0374c0d449a1c') in 0.031931 seconds
Number of updated asset objects reloaded before import = 0
Number of asset objects unloaded after import = 168
========================================================================
Received Import Request.
  Time since last request: 16.250740 seconds.
  path: Assets/Prefabs/Tables/TableBlackHole 1.prefab
  artifactKey: Guid(78795d9239ac82344b869fe2e3ba69d8) Importer(815301076,1909f56bfc062723c751e8b465ee728b)
Start importing Assets/Prefabs/Tables/TableBlackHole 1.prefab using Guid(78795d9239ac82344b869fe2e3ba69d8) Importer(815301076,1909f56bfc062723c751e8b465ee728b)  -> (artifact id: 'f91568b59fe3f8bde276464db7246505') in 0.030167 seconds
Number of updated asset objects reloaded before import = 0
Number of asset objects unloaded after import = 168
========================================================================
Received Import Request.
  Time since last request: 13.991148 seconds.
  path: Assets/Prefabs/Tables/TableTomato.prefab
  artifactKey: Guid(78795d9239ac82344b869fe2e3ba69d8) Importer(815301076,1909f56bfc062723c751e8b465ee728b)
Start importing Assets/Prefabs/Tables/TableTomato.prefab using Guid(78795d9239ac82344b869fe2e3ba69d8) Importer(815301076,1909f56bfc062723c751e8b465ee728b)  -> (artifact id: '3958a0b35d22f3bd2cab034c9fdd937b') in 0.031213 seconds
Number of updated asset objects reloaded before import = 0
Number of asset objects unloaded after import = 168
========================================================================
Received Import Request.
  Time since last request: 4.843483 seconds.
  path: Assets/Prefabs/Tables/TableTomato.prefab
  artifactKey: Guid(78795d9239ac82344b869fe2e3ba69d8) Importer(815301076,1909f56bfc062723c751e8b465ee728b)
Start importing Assets/Prefabs/Tables/TableTomato.prefab using Guid(78795d9239ac82344b869fe2e3ba69d8) Importer(815301076,1909f56bfc062723c751e8b465ee728b)  -> (artifact id: 'c9ea84cd7ee5f080962855dc022a13d3') in 0.027019 seconds
Number of updated asset objects reloaded before import = 0
Number of asset objects unloaded after import = 67
========================================================================
Received Import Request.
  Time since last request: 3.476753 seconds.
  path: Assets/Prefabs/Tables/TableTomato.prefab
  artifactKey: Guid(78795d9239ac82344b869fe2e3ba69d8) Importer(815301076,1909f56bfc062723c751e8b465ee728b)
Start importing Assets/Prefabs/Tables/TableTomato.prefab using Guid(78795d9239ac82344b869fe2e3ba69d8) Importer(815301076,1909f56bfc062723c751e8b465ee728b)  -> (artifact id: 'a12e059c12b9e9fe33ab4d976f1054be') in 0.027024 seconds
Number of updated asset objects reloaded before import = 0
Number of asset objects unloaded after import = 66
========================================================================
Received Import Request.
  Time since last request: 1.469081 seconds.
  path: Assets/Prefabs/Tables/TableTomato.prefab
  artifactKey: Guid(78795d9239ac82344b869fe2e3ba69d8) Importer(815301076,1909f56bfc062723c751e8b465ee728b)
Start importing Assets/Prefabs/Tables/TableTomato.prefab using Guid(78795d9239ac82344b869fe2e3ba69d8) Importer(815301076,1909f56bfc062723c751e8b465ee728b)  -> (artifact id: '1cf22d31755100a6edcb33779ba4c77b') in 0.023856 seconds
Number of updated asset objects reloaded before import = 0
Number of asset objects unloaded after import = 65
========================================================================
Received Import Request.
  Time since last request: 0.901223 seconds.
  path: Assets/Prefabs/Tables/TableTomato.prefab
  artifactKey: Guid(78795d9239ac82344b869fe2e3ba69d8) Importer(815301076,1909f56bfc062723c751e8b465ee728b)
Start importing Assets/Prefabs/Tables/TableTomato.prefab using Guid(78795d9239ac82344b869fe2e3ba69d8) Importer(815301076,1909f56bfc062723c751e8b465ee728b)  -> (artifact id: 'a498e589b1d0a5925cd5bf19ab0a7ead') in 0.025665 seconds
Number of updated asset objects reloaded before import = 0
Number of asset objects unloaded after import = 64
========================================================================
Received Import Request.
  Time since last request: 6.264584 seconds.
  path: Assets/Prefabs/Tables/TableTomato.prefab
  artifactKey: Guid(78795d9239ac82344b869fe2e3ba69d8) Importer(815301076,1909f56bfc062723c751e8b465ee728b)
Start importing Assets/Prefabs/Tables/TableTomato.prefab using Guid(78795d9239ac82344b869fe2e3ba69d8) Importer(815301076,1909f56bfc062723c751e8b465ee728b)  -> (artifact id: '3c7bec04dd2da6d98aa02ed889004c5a') in 0.024924 seconds
Number of updated asset objects reloaded before import = 0
Number of asset objects unloaded after import = 61
========================================================================
Received Import Request.
  Time since last request: 5.404403 seconds.
  path: Assets/Prefabs/Tables/TableTomato.prefab
  artifactKey: Guid(78795d9239ac82344b869fe2e3ba69d8) Importer(815301076,1909f56bfc062723c751e8b465ee728b)
Start importing Assets/Prefabs/Tables/TableTomato.prefab using Guid(78795d9239ac82344b869fe2e3ba69d8) Importer(815301076,1909f56bfc062723c751e8b465ee728b)  -> (artifact id: '7d4688a6bdc0b3ea5c478ba546880f44') in 0.017428 seconds
Number of updated asset objects reloaded before import = 0
Number of asset objects unloaded after import = 24
========================================================================
Received Import Request.
  Time since last request: 9.066362 seconds.
  path: Assets/Prefabs/Tables/TableTomato.prefab
  artifactKey: Guid(78795d9239ac82344b869fe2e3ba69d8) Importer(815301076,1909f56bfc062723c751e8b465ee728b)
Start importing Assets/Prefabs/Tables/TableTomato.prefab using Guid(78795d9239ac82344b869fe2e3ba69d8) Importer(815301076,1909f56bfc062723c751e8b465ee728b)  -> (artifact id: 'ef918255c80c775595a271b13d28cc3f') in 0.018081 seconds
Number of updated asset objects reloaded before import = 0
Number of asset objects unloaded after import = 20
========================================================================
Received Import Request.
  Time since last request: 2.802397 seconds.
  path: Assets/Prefabs/Tables/TableTomato.prefab
  artifactKey: Guid(78795d9239ac82344b869fe2e3ba69d8) Importer(815301076,1909f56bfc062723c751e8b465ee728b)
Start importing Assets/Prefabs/Tables/TableTomato.prefab using Guid(78795d9239ac82344b869fe2e3ba69d8) Importer(815301076,1909f56bfc062723c751e8b465ee728b)  -> (artifact id: '0054ccca578f9a1a6115f0ac184c0034') in 0.011448 seconds
Number of updated asset objects reloaded before import = 0
Number of asset objects unloaded after import = 20
========================================================================
Received Import Request.
  Time since last request: 2.399271 seconds.
  path: Assets/Prefabs/Tables/TableTomato.prefab
  artifactKey: Guid(78795d9239ac82344b869fe2e3ba69d8) Importer(815301076,1909f56bfc062723c751e8b465ee728b)
Start importing Assets/Prefabs/Tables/TableTomato.prefab using Guid(78795d9239ac82344b869fe2e3ba69d8) Importer(815301076,1909f56bfc062723c751e8b465ee728b)  -> (artifact id: '5c906e3491a93829e11aaae45b8be617') in 0.020796 seconds
Number of updated asset objects reloaded before import = 0
Number of asset objects unloaded after import = 18
========================================================================
Received Import Request.
  Time since last request: 80.767398 seconds.
  path: Assets/Prefabs/Tables/TableTomato.prefab
  artifactKey: Guid(78795d9239ac82344b869fe2e3ba69d8) Importer(815301076,1909f56bfc062723c751e8b465ee728b)
Start importing Assets/Prefabs/Tables/TableTomato.prefab using Guid(78795d9239ac82344b869fe2e3ba69d8) Importer(815301076,1909f56bfc062723c751e8b465ee728b)  -> (artifact id: 'e621cdda300fbfef241a3e90216328fc') in 0.018954 seconds
Number of updated asset objects reloaded before import = 0
Number of asset objects unloaded after import = 22
========================================================================
Received Import Request.
  Time since last request: 319.658517 seconds.
  path: Assets/Prefabs/Tables/TableTomato.prefab
  artifactKey: Guid(78795d9239ac82344b869fe2e3ba69d8) Importer(815301076,1909f56bfc062723c751e8b465ee728b)
Start importing Assets/Prefabs/Tables/TableTomato.prefab using Guid(78795d9239ac82344b869fe2e3ba69d8) Importer(815301076,1909f56bfc062723c751e8b465ee728b)  -> (artifact id: 'a4fc5682a02cbf8e1bc05391e98593af') in 0.026726 seconds
Number of updated asset objects reloaded before import = 0
Number of asset objects unloaded after import = 22
========================================================================
Received Import Request.
  Time since last request: 1149.123809 seconds.
  path: Assets/Prefabs/Tables/TableTomato.prefab
  artifactKey: Guid(78795d9239ac82344b869fe2e3ba69d8) Importer(815301076,1909f56bfc062723c751e8b465ee728b)
Start importing Assets/Prefabs/Tables/TableTomato.prefab using Guid(78795d9239ac82344b869fe2e3ba69d8) Importer(815301076,1909f56bfc062723c751e8b465ee728b)  -> (artifact id: 'de578859ff77389fa8feee6b47dd0662') in 0.023570 seconds
Number of updated asset objects reloaded before import = 0
Number of asset objects unloaded after import = 59
========================================================================
Received Import Request.
  Time since last request: 4.046897 seconds.
  path: Assets/Prefabs/Tables/TableTomato.prefab
  artifactKey: Guid(78795d9239ac82344b869fe2e3ba69d8) Importer(815301076,1909f56bfc062723c751e8b465ee728b)
Start importing Assets/Prefabs/Tables/TableTomato.prefab using Guid(78795d9239ac82344b869fe2e3ba69d8) Importer(815301076,1909f56bfc062723c751e8b465ee728b)  -> (artifact id: 'c6d9e3465356f6602e3f38d39746361d') in 0.016473 seconds
Number of updated asset objects reloaded before import = 0
Number of asset objects unloaded after import = 61
========================================================================
Received Import Request.
  Time since last request: 4.186187 seconds.
  path: Assets/Prefabs/Tables/TableTomato.prefab
  artifactKey: Guid(78795d9239ac82344b869fe2e3ba69d8) Importer(815301076,1909f56bfc062723c751e8b465ee728b)
Start importing Assets/Prefabs/Tables/TableTomato.prefab using Guid(78795d9239ac82344b869fe2e3ba69d8) Importer(815301076,1909f56bfc062723c751e8b465ee728b)  -> (artifact id: 'e6d27c98022ab349365923c10c53c905') in 0.014720 seconds
Number of updated asset objects reloaded before import = 0
Number of asset objects unloaded after import = 61
========================================================================
Received Import Request.
  Time since last request: 2.793188 seconds.
  path: Assets/Prefabs/Tables/TableTomato.prefab
  artifactKey: Guid(78795d9239ac82344b869fe2e3ba69d8) Importer(815301076,1909f56bfc062723c751e8b465ee728b)
Start importing Assets/Prefabs/Tables/TableTomato.prefab using Guid(78795d9239ac82344b869fe2e3ba69d8) Importer(815301076,1909f56bfc062723c751e8b465ee728b)  -> (artifact id: 'ff4c895685079d30a5da37f8be1d79c1') in 0.014665 seconds
Number of updated asset objects reloaded before import = 0
Number of asset objects unloaded after import = 61
========================================================================
Received Import Request.
  Time since last request: 1.517503 seconds.
  path: Assets/Prefabs/Tables/TableTomato.prefab
  artifactKey: Guid(78795d9239ac82344b869fe2e3ba69d8) Importer(815301076,1909f56bfc062723c751e8b465ee728b)
Start importing Assets/Prefabs/Tables/TableTomato.prefab using Guid(78795d9239ac82344b869fe2e3ba69d8) Importer(815301076,1909f56bfc062723c751e8b465ee728b)  -> (artifact id: '95be3d0f520479a8540ef47c97847eab') in 0.020196 seconds
Number of updated asset objects reloaded before import = 0
Number of asset objects unloaded after import = 63
========================================================================
Received Import Request.
  Time since last request: 4.593846 seconds.
  path: Assets/Prefabs/Tables/TableTomato.prefab
  artifactKey: Guid(78795d9239ac82344b869fe2e3ba69d8) Importer(815301076,1909f56bfc062723c751e8b465ee728b)
Start importing Assets/Prefabs/Tables/TableTomato.prefab using Guid(78795d9239ac82344b869fe2e3ba69d8) Importer(815301076,1909f56bfc062723c751e8b465ee728b)  -> (artifact id: '9b52bd192c4a9a438d43524da27558b2') in 0.016016 seconds
Number of updated asset objects reloaded before import = 0
Number of asset objects unloaded after import = 63
========================================================================
Received Import Request.
  Time since last request: 5.854107 seconds.
  path: Assets/Prefabs/Tables/TableTomato.prefab
  artifactKey: Guid(78795d9239ac82344b869fe2e3ba69d8) Importer(815301076,1909f56bfc062723c751e8b465ee728b)
Start importing Assets/Prefabs/Tables/TableTomato.prefab using Guid(78795d9239ac82344b869fe2e3ba69d8) Importer(815301076,1909f56bfc062723c751e8b465ee728b)  -> (artifact id: '17bbe88350150e0988812dd475d6f30e') in 0.017206 seconds
Number of updated asset objects reloaded before import = 0
Number of asset objects unloaded after import = 64
========================================================================
Received Import Request.
  Time since last request: 6.603218 seconds.
  path: Assets/Prefabs/Tables/TableTomato.prefab
  artifactKey: Guid(78795d9239ac82344b869fe2e3ba69d8) Importer(815301076,1909f56bfc062723c751e8b465ee728b)
Start importing Assets/Prefabs/Tables/TableTomato.prefab using Guid(78795d9239ac82344b869fe2e3ba69d8) Importer(815301076,1909f56bfc062723c751e8b465ee728b)  -> (artifact id: 'ade08585e905db92922768ed29f39e1b') in 0.025569 seconds
Number of updated asset objects reloaded before import = 0
Number of asset objects unloaded after import = 66
========================================================================
Received Import Request.
  Time since last request: 4.250401 seconds.
  path: Assets/Prefabs/Tables/TableTomato.prefab
  artifactKey: Guid(78795d9239ac82344b869fe2e3ba69d8) Importer(815301076,1909f56bfc062723c751e8b465ee728b)
Start importing Assets/Prefabs/Tables/TableTomato.prefab using Guid(78795d9239ac82344b869fe2e3ba69d8) Importer(815301076,1909f56bfc062723c751e8b465ee728b)  -> (artifact id: '42cc834849645ebf609b682d77a27cd3') in 0.022758 seconds
Number of updated asset objects reloaded before import = 0
Number of asset objects unloaded after import = 66
========================================================================
Received Import Request.
  Time since last request: 0.989410 seconds.
  path: Assets/Prefabs/Tables/TableTomato.prefab
  artifactKey: Guid(78795d9239ac82344b869fe2e3ba69d8) Importer(815301076,1909f56bfc062723c751e8b465ee728b)
Start importing Assets/Prefabs/Tables/TableTomato.prefab using Guid(78795d9239ac82344b869fe2e3ba69d8) Importer(815301076,1909f56bfc062723c751e8b465ee728b)  -> (artifact id: 'a9a38301793a547bbaf9361fe9a91691') in 0.023077 seconds
Number of updated asset objects reloaded before import = 0
Number of asset objects unloaded after import = 66
========================================================================
Received Import Request.
  Time since last request: 0.791953 seconds.
  path: Assets/Prefabs/Tables/TableTomato.prefab
  artifactKey: Guid(78795d9239ac82344b869fe2e3ba69d8) Importer(815301076,1909f56bfc062723c751e8b465ee728b)
Start importing Assets/Prefabs/Tables/TableTomato.prefab using Guid(78795d9239ac82344b869fe2e3ba69d8) Importer(815301076,1909f56bfc062723c751e8b465ee728b)  -> (artifact id: '5fff3d64bf839405f7dfe551713615dd') in 0.021560 seconds
Number of updated asset objects reloaded before import = 0
Number of asset objects unloaded after import = 66
========================================================================
Received Import Request.
  Time since last request: 4.881494 seconds.
  path: Assets/Prefabs/Tables/TableTomato.prefab
  artifactKey: Guid(78795d9239ac82344b869fe2e3ba69d8) Importer(815301076,1909f56bfc062723c751e8b465ee728b)
Start importing Assets/Prefabs/Tables/TableTomato.prefab using Guid(78795d9239ac82344b869fe2e3ba69d8) Importer(815301076,1909f56bfc062723c751e8b465ee728b)  -> (artifact id: '9f66e6b0cc79074cab3bb73f9744f82e') in 0.022375 seconds
Number of updated asset objects reloaded before import = 0
Number of asset objects unloaded after import = 66
========================================================================
Received Import Request.
  Time since last request: 7.437379 seconds.
  path: Assets/Prefabs/Tables/TableTomato.prefab
  artifactKey: Guid(78795d9239ac82344b869fe2e3ba69d8) Importer(815301076,1909f56bfc062723c751e8b465ee728b)
Start importing Assets/Prefabs/Tables/TableTomato.prefab using Guid(78795d9239ac82344b869fe2e3ba69d8) Importer(815301076,1909f56bfc062723c751e8b465ee728b)  -> (artifact id: '128645bb9f07820c77be2f8168453352') in 0.020974 seconds
Number of updated asset objects reloaded before import = 0
Number of asset objects unloaded after import = 66
========================================================================
Received Import Request.
  Time since last request: 0.576702 seconds.
  path: Assets/Prefabs/Tables/TableTomato.prefab
  artifactKey: Guid(78795d9239ac82344b869fe2e3ba69d8) Importer(815301076,1909f56bfc062723c751e8b465ee728b)
Start importing Assets/Prefabs/Tables/TableTomato.prefab using Guid(78795d9239ac82344b869fe2e3ba69d8) Importer(815301076,1909f56bfc062723c751e8b465ee728b)  -> (artifact id: '4d861a898cca78886dc1757079ba3420') in 0.022038 seconds
Number of updated asset objects reloaded before import = 0
Number of asset objects unloaded after import = 66
