Using pre-set license
Built from '2022.3/staging' branch; Version is '2022.3.30f1 (70558241b701) revision 7361922'; Using compiler version '192829333'; Build Type 'Release'
OS: 'Windows 11  (10.0.22631) 64bit Professional' Language: 'ru' Physical Memory: 15581 MB
BatchMode: 1, IsHumanControllingUs: 0, StartBugReporterOnCrash: 0, Is64bit: 1, IsPro: 1

COMMAND LINE ARGUMENTS:
C:\Program Files\Unity\Hub\Editor\2022.3.30f1\Editor\Unity.exe
-adb2
-batchMode
-noUpm
-name
AssetImportWorker1
-projectPath
C:/Users/Miguel/Documents/GitHub/HellGarden/HellGarden
-logFile
Logs/AssetImportWorker1.log
-srvPort
57722
Successfully changed project path to: C:/Users/Miguel/Documents/GitHub/HellGarden/HellGarden
C:/Users/Miguel/Documents/GitHub/HellGarden/HellGarden
[UnityMemory] Configuration Parameters - Can be set up in boot.config
    "memorysetup-bucket-allocator-granularity=16"
    "memorysetup-bucket-allocator-bucket-count=8"
    "memorysetup-bucket-allocator-block-size=33554432"
    "memorysetup-bucket-allocator-block-count=8"
    "memorysetup-main-allocator-block-size=16777216"
    "memorysetup-thread-allocator-block-size=16777216"
    "memorysetup-gfx-main-allocator-block-size=16777216"
    "memorysetup-gfx-thread-allocator-block-size=16777216"
    "memorysetup-cache-allocator-block-size=4194304"
    "memorysetup-typetree-allocator-block-size=2097152"
    "memorysetup-profiler-bucket-allocator-granularity=16"
    "memorysetup-profiler-bucket-allocator-bucket-count=8"
    "memorysetup-profiler-bucket-allocator-block-size=33554432"
    "memorysetup-profiler-bucket-allocator-block-count=8"
    "memorysetup-profiler-allocator-block-size=16777216"
    "memorysetup-profiler-editor-allocator-block-size=1048576"
    "memorysetup-temp-allocator-size-main=16777216"
    "memorysetup-job-temp-allocator-block-size=2097152"
    "memorysetup-job-temp-allocator-block-size-background=1048576"
    "memorysetup-job-temp-allocator-reduction-small-platforms=262144"
    "memorysetup-allocator-temp-initial-block-size-main=262144"
    "memorysetup-allocator-temp-initial-block-size-worker=262144"
    "memorysetup-temp-allocator-size-background-worker=32768"
    "memorysetup-temp-allocator-size-job-worker=262144"
    "memorysetup-temp-allocator-size-preload-manager=33554432"
    "memorysetup-temp-allocator-size-nav-mesh-worker=65536"
    "memorysetup-temp-allocator-size-audio-worker=65536"
    "memorysetup-temp-allocator-size-cloud-worker=32768"
    "memorysetup-temp-allocator-size-gi-baking-worker=262144"
    "memorysetup-temp-allocator-size-gfx=262144"
Player connection [14016] Host "[IP] 192.168.1.35 [Port] 0 [Flags] 2 [Guid] 2036850366 [EditorId] 2036850366 [Version] 1048832 [Id] WindowsEditor(7,DESKTOP-FV6FI5A) [Debug] 1 [PackageName] WindowsEditor [ProjectName] Editor" joined multi-casting on [225.0.0.222:54997]...

Player connection [14016] Host "[IP] 192.168.1.35 [Port] 0 [Flags] 2 [Guid] 2036850366 [EditorId] 2036850366 [Version] 1048832 [Id] WindowsEditor(7,DESKTOP-FV6FI5A) [Debug] 1 [PackageName] WindowsEditor [ProjectName] Editor" joined alternative multi-casting on [225.0.0.222:34997]...

[Physics::Module] Initialized MultithreadedJobDispatcher with 15 workers.
Refreshing native plugins compatible for Editor in 12.89 ms, found 4 plugins.
Preloading 0 native plugins for Editor in 0.00 ms.
Initialize engine version: 2022.3.30f1 (70558241b701)
[Subsystems] Discovering subsystems at path C:/Program Files/Unity/Hub/Editor/2022.3.30f1/Editor/Data/Resources/UnitySubsystems
[Subsystems] Discovering subsystems at path C:/Users/Miguel/Documents/GitHub/HellGarden/HellGarden/Assets
GfxDevice: creating device client; threaded=0; jobified=0
Direct3D:
    Version:  Direct3D 11.0 [level 11.1]
    Renderer: NVIDIA GeForce RTX 4050 Laptop GPU (ID=0x28a1)
    Vendor:   NVIDIA
    VRAM:     5921 MB
    Driver:   32.0.15.5585
Initialize mono
Mono path[0] = 'C:/Program Files/Unity/Hub/Editor/2022.3.30f1/Editor/Data/Managed'
Mono path[1] = 'C:/Program Files/Unity/Hub/Editor/2022.3.30f1/Editor/Data/MonoBleedingEdge/lib/mono/unityjit-win32'
Mono config path = 'C:/Program Files/Unity/Hub/Editor/2022.3.30f1/Editor/Data/MonoBleedingEdge/etc'
Using monoOptions --debugger-agent=transport=dt_socket,embedding=1,server=y,suspend=n,address=127.0.0.1:56164
Begin MonoManager ReloadAssembly
Registering precompiled unity dll's ...
Register platform support module: C:/Program Files/Unity/Hub/Editor/2022.3.30f1/Editor/Data/PlaybackEngines/WebGLSupport/UnityEditor.WebGL.Extensions.dll
Register platform support module: C:/Program Files/Unity/Hub/Editor/2022.3.30f1/Editor/Data/PlaybackEngines/WindowsStandaloneSupport/UnityEditor.WindowsStandalone.Extensions.dll
Registered in 0.006706 seconds.
- Loaded All Assemblies, in  0.296 seconds
Native extension for WindowsStandalone target not found
Native extension for WebGL target not found
Mono: successfully reloaded assembly
- Finished resetting the current domain, in  0.228 seconds
Domain Reload Profiling: 522ms
	BeginReloadAssembly (91ms)
		ExecutionOrderSort (0ms)
		DisableScriptedObjects (0ms)
		BackupInstance (0ms)
		ReleaseScriptingObjects (0ms)
		CreateAndSetChildDomain (1ms)
	RebuildCommonClasses (29ms)
	RebuildNativeTypeToScriptingClass (7ms)
	initialDomainReloadingComplete (48ms)
	LoadAllAssembliesAndSetupDomain (119ms)
		LoadAssemblies (89ms)
		RebuildTransferFunctionScriptingTraits (0ms)
		AnalyzeDomain (117ms)
			TypeCache.Refresh (115ms)
				TypeCache.ScanAssembly (104ms)
			ScanForSourceGeneratedMonoScriptInfo (0ms)
			ResolveRequiredComponents (0ms)
	FinalizeReload (228ms)
		ReleaseScriptCaches (0ms)
		RebuildScriptCaches (0ms)
		SetupLoadedEditorAssemblies (177ms)
			LogAssemblyErrors (0ms)
			InitializePlatformSupportModulesInManaged (8ms)
			SetLoadedEditorAssemblies (5ms)
			RefreshPlugins (0ms)
			BeforeProcessingInitializeOnLoad (2ms)
			ProcessInitializeOnLoadAttributes (114ms)
			ProcessInitializeOnLoadMethodAttributes (48ms)
			AfterProcessingInitializeOnLoad (0ms)
			EditorAssembliesLoaded (0ms)
		ExecutionOrderSort2 (0ms)
		AwakeInstancesAfterBackupRestoration (0ms)
========================================================================
Worker process is ready to serve import requests
Begin MonoManager ReloadAssembly
- Loaded All Assemblies, in  0.749 seconds
Refreshing native plugins compatible for Editor in 4.40 ms, found 4 plugins.
Native extension for WindowsStandalone target not found
Native extension for WebGL target not found
Package Manager log level set to [2]
[Package Manager] Server::EnsureServerProcessIsRunning -- launch failed, reason: Unity was launched with the -noUpm command-line argument
[Package Manager] UpmClient::Send -- Unable to send message (not connected to UPM process).
[Package Manager] Cannot connect to Unity Package Manager local server
Mono: successfully reloaded assembly
- Finished resetting the current domain, in  0.668 seconds
Domain Reload Profiling: 1413ms
	BeginReloadAssembly (133ms)
		ExecutionOrderSort (0ms)
		DisableScriptedObjects (4ms)
		BackupInstance (0ms)
		ReleaseScriptingObjects (0ms)
		CreateAndSetChildDomain (27ms)
	RebuildCommonClasses (33ms)
	RebuildNativeTypeToScriptingClass (12ms)
	initialDomainReloadingComplete (46ms)
	LoadAllAssembliesAndSetupDomain (520ms)
		LoadAssemblies (416ms)
		RebuildTransferFunctionScriptingTraits (0ms)
		AnalyzeDomain (179ms)
			TypeCache.Refresh (147ms)
				TypeCache.ScanAssembly (132ms)
			ScanForSourceGeneratedMonoScriptInfo (23ms)
			ResolveRequiredComponents (8ms)
	FinalizeReload (668ms)
		ReleaseScriptCaches (0ms)
		RebuildScriptCaches (0ms)
		SetupLoadedEditorAssemblies (501ms)
			LogAssemblyErrors (0ms)
			InitializePlatformSupportModulesInManaged (9ms)
			SetLoadedEditorAssemblies (5ms)
			RefreshPlugins (0ms)
			BeforeProcessingInitializeOnLoad (73ms)
			ProcessInitializeOnLoadAttributes (306ms)
			ProcessInitializeOnLoadMethodAttributes (100ms)
			AfterProcessingInitializeOnLoad (8ms)
			EditorAssembliesLoaded (0ms)
		ExecutionOrderSort2 (0ms)
		AwakeInstancesAfterBackupRestoration (7ms)
Launched and connected shader compiler UnityShaderCompiler.exe after 0.07 seconds
Refreshing native plugins compatible for Editor in 5.22 ms, found 4 plugins.
Preloading 0 native plugins for Editor in 0.00 ms.
Unloading 5712 Unused Serialized files (Serialized files now loaded: 0)
Unloading 99 unused Assets / (0.9 MB). Loaded Objects now: 6176.
Memory consumption went from 228.6 MB to 227.7 MB.
Total: 4.495900 ms (FindLiveObjects: 0.716700 ms CreateObjectMapping: 0.168300 ms MarkObjects: 3.052400 ms  DeleteObjects: 0.556800 ms)

AssetImportParameters requested are different than current active one (requested -> active):
  custom:container-demuxer-ogg: 62fdf1f143b41e24485cea50d1cbac27 -> 
  custom:video-codec-MediaFoundation-h265: 746d11721c4dcdbdad8f713fa42b33f4 -> 
  custom:video-decoder-ogg-theora: a1e56fd34408186e4bbccfd4996cb3dc -> 
  custom:framework-win-MediaFoundation: 216162199b28c13a410421893ffa2e32 -> 
  custom:CustomObjectIndexerAttribute: 72b91833f83ae208fae7752999fa3104 -> 
  custom:container-demuxer-webm: 4f35f7cbe854078d1ac9338744f61a02 -> 
  custom:container-muxer-webm: aa71ff27fc2769a1b78a27578f13a17b -> 
  custom:video-decoder-webm-vp8: 9c59270c3fd7afecdb556c50c9e8de78 -> 
  custom:SearchIndexIgnoredProperties: e643bd26f0fe6173181afceb89e7c659 -> 
  custom:AudioImporter_EditorPlatform: d09bf68614088b80899f8185d706f6e7 -> 
  custom:video-encoder-webm-vp8: eb34c28f22e8b96e1ab97ce403110664 -> 
  custom:audio-decoder-ogg-vorbis: bf7c407c2cedff20999df2af8eb42d56 -> 
  custom:audio-encoder-webm-vorbis: bf7c407c2cedff20999df2af8eb42d56 -> 
========================================================================
Received Import Request.
  Time since last request: 633119.948252 seconds.
  path: Assets/Prefabs/Tables/TableTest.prefab
  artifactKey: Guid(d7401edf0b2637548b522930763a86d8) Importer(815301076,1909f56bfc062723c751e8b465ee728b)
Start importing Assets/Prefabs/Tables/TableTest.prefab using Guid(d7401edf0b2637548b522930763a86d8) Importer(815301076,1909f56bfc062723c751e8b465ee728b)  -> (artifact id: 'e53d57ffa2953d8467c380b74e18c801') in 0.260876 seconds
Number of updated asset objects reloaded before import = 0
Number of asset objects unloaded after import = 77
========================================================================
Received Prepare
Begin MonoManager ReloadAssembly
- Loaded All Assemblies, in  0.396 seconds
Refreshing native plugins compatible for Editor in 4.14 ms, found 4 plugins.
Native extension for WindowsStandalone target not found
Native extension for WebGL target not found
[Package Manager] Server::EnsureServerProcessIsRunning -- launch failed, reason: Unity was launched with the -noUpm command-line argument
[Package Manager] UpmClient::Send -- Unable to send message (not connected to UPM process).
[Package Manager] Cannot connect to Unity Package Manager local server
Mono: successfully reloaded assembly
- Finished resetting the current domain, in  1.082 seconds
Domain Reload Profiling: 1475ms
	BeginReloadAssembly (139ms)
		ExecutionOrderSort (0ms)
		DisableScriptedObjects (12ms)
		BackupInstance (0ms)
		ReleaseScriptingObjects (0ms)
		CreateAndSetChildDomain (41ms)
	RebuildCommonClasses (21ms)
	RebuildNativeTypeToScriptingClass (8ms)
	initialDomainReloadingComplete (22ms)
	LoadAllAssembliesAndSetupDomain (203ms)
		LoadAssemblies (234ms)
		RebuildTransferFunctionScriptingTraits (0ms)
		AnalyzeDomain (29ms)
			TypeCache.Refresh (6ms)
				TypeCache.ScanAssembly (0ms)
			ScanForSourceGeneratedMonoScriptInfo (15ms)
			ResolveRequiredComponents (7ms)
	FinalizeReload (1082ms)
		ReleaseScriptCaches (0ms)
		RebuildScriptCaches (0ms)
		SetupLoadedEditorAssemblies (351ms)
			LogAssemblyErrors (0ms)
			InitializePlatformSupportModulesInManaged (5ms)
			SetLoadedEditorAssemblies (4ms)
			RefreshPlugins (0ms)
			BeforeProcessingInitializeOnLoad (60ms)
			ProcessInitializeOnLoadAttributes (232ms)
			ProcessInitializeOnLoadMethodAttributes (45ms)
			AfterProcessingInitializeOnLoad (6ms)
			EditorAssembliesLoaded (0ms)
		ExecutionOrderSort2 (0ms)
		AwakeInstancesAfterBackupRestoration (10ms)
Refreshing native plugins compatible for Editor in 3.99 ms, found 4 plugins.
Preloading 0 native plugins for Editor in 0.00 ms.
Unloading 5557 Unused Serialized files (Serialized files now loaded: 0)
Unloading 63 unused Assets / (0.8 MB). Loaded Objects now: 6229.
Memory consumption went from 206.3 MB to 205.5 MB.
Total: 3.462100 ms (FindLiveObjects: 0.499100 ms CreateObjectMapping: 0.151200 ms MarkObjects: 2.394900 ms  DeleteObjects: 0.415900 ms)

Prepare: number of updated asset objects reloaded= 0
AssetImportParameters requested are different than current active one (requested -> active):
  custom:container-demuxer-ogg: 62fdf1f143b41e24485cea50d1cbac27 -> 
  custom:video-codec-MediaFoundation-h265: 746d11721c4dcdbdad8f713fa42b33f4 -> 
  custom:video-decoder-ogg-theora: a1e56fd34408186e4bbccfd4996cb3dc -> 
  custom:framework-win-MediaFoundation: 216162199b28c13a410421893ffa2e32 -> 
  custom:CustomObjectIndexerAttribute: 72b91833f83ae208fae7752999fa3104 -> 
  custom:container-demuxer-webm: 4f35f7cbe854078d1ac9338744f61a02 -> 
  custom:container-muxer-webm: aa71ff27fc2769a1b78a27578f13a17b -> 
  custom:video-decoder-webm-vp8: 9c59270c3fd7afecdb556c50c9e8de78 -> 
  custom:SearchIndexIgnoredProperties: e643bd26f0fe6173181afceb89e7c659 -> 
  custom:AudioImporter_EditorPlatform: d09bf68614088b80899f8185d706f6e7 -> 
  custom:video-encoder-webm-vp8: eb34c28f22e8b96e1ab97ce403110664 -> 
  custom:audio-decoder-ogg-vorbis: bf7c407c2cedff20999df2af8eb42d56 -> 
  custom:audio-encoder-webm-vorbis: bf7c407c2cedff20999df2af8eb42d56 -> 
========================================================================
Received Prepare
Refreshing native plugins compatible for Editor in 11.50 ms, found 4 plugins.
Preloading 0 native plugins for Editor in 0.00 ms.
Unloading 15 Unused Serialized files (Serialized files now loaded: 0)
Unloading 15 unused Assets / (0.5 MB). Loaded Objects now: 6229.
Memory consumption went from 119.0 MB to 118.4 MB.
Total: 6.919800 ms (FindLiveObjects: 0.985700 ms CreateObjectMapping: 0.450000 ms MarkObjects: 5.021500 ms  DeleteObjects: 0.460600 ms)

Prepare: number of updated asset objects reloaded= 122
AssetImportParameters requested are different than current active one (requested -> active):
  custom:container-demuxer-ogg: 62fdf1f143b41e24485cea50d1cbac27 -> 
  custom:video-codec-MediaFoundation-h265: 746d11721c4dcdbdad8f713fa42b33f4 -> 
  custom:video-decoder-ogg-theora: a1e56fd34408186e4bbccfd4996cb3dc -> 
  custom:framework-win-MediaFoundation: 216162199b28c13a410421893ffa2e32 -> 
  custom:CustomObjectIndexerAttribute: 72b91833f83ae208fae7752999fa3104 -> 
  custom:container-demuxer-webm: 4f35f7cbe854078d1ac9338744f61a02 -> 
  custom:container-muxer-webm: aa71ff27fc2769a1b78a27578f13a17b -> 
  custom:video-decoder-webm-vp8: 9c59270c3fd7afecdb556c50c9e8de78 -> 
  custom:SearchIndexIgnoredProperties: e643bd26f0fe6173181afceb89e7c659 -> 
  custom:AudioImporter_EditorPlatform: d09bf68614088b80899f8185d706f6e7 -> 
  custom:video-encoder-webm-vp8: eb34c28f22e8b96e1ab97ce403110664 -> 
  custom:audio-decoder-ogg-vorbis: bf7c407c2cedff20999df2af8eb42d56 -> 
  custom:audio-encoder-webm-vorbis: bf7c407c2cedff20999df2af8eb42d56 -> 
========================================================================
Received Prepare
Refreshing native plugins compatible for Editor in 8.14 ms, found 4 plugins.
Preloading 0 native plugins for Editor in 0.00 ms.
Unloading 15 Unused Serialized files (Serialized files now loaded: 0)
Unloading 15 unused Assets / (0.5 MB). Loaded Objects now: 6229.
Memory consumption went from 118.3 MB to 117.7 MB.
Total: 6.252400 ms (FindLiveObjects: 0.569400 ms CreateObjectMapping: 0.221100 ms MarkObjects: 4.976000 ms  DeleteObjects: 0.484000 ms)

Prepare: number of updated asset objects reloaded= 0
AssetImportParameters requested are different than current active one (requested -> active):
  custom:container-demuxer-ogg: 62fdf1f143b41e24485cea50d1cbac27 -> 
  custom:video-codec-MediaFoundation-h265: 746d11721c4dcdbdad8f713fa42b33f4 -> 
  custom:video-decoder-ogg-theora: a1e56fd34408186e4bbccfd4996cb3dc -> 
  custom:framework-win-MediaFoundation: 216162199b28c13a410421893ffa2e32 -> 
  custom:CustomObjectIndexerAttribute: 72b91833f83ae208fae7752999fa3104 -> 
  custom:container-demuxer-webm: 4f35f7cbe854078d1ac9338744f61a02 -> 
  custom:container-muxer-webm: aa71ff27fc2769a1b78a27578f13a17b -> 
  custom:video-decoder-webm-vp8: 9c59270c3fd7afecdb556c50c9e8de78 -> 
  custom:SearchIndexIgnoredProperties: e643bd26f0fe6173181afceb89e7c659 -> 
  custom:AudioImporter_EditorPlatform: d09bf68614088b80899f8185d706f6e7 -> 
  custom:video-encoder-webm-vp8: eb34c28f22e8b96e1ab97ce403110664 -> 
  custom:audio-decoder-ogg-vorbis: bf7c407c2cedff20999df2af8eb42d56 -> 
  custom:audio-encoder-webm-vorbis: bf7c407c2cedff20999df2af8eb42d56 -> 
========================================================================
Received Prepare
Begin MonoManager ReloadAssembly
- Loaded All Assemblies, in  0.845 seconds
Refreshing native plugins compatible for Editor in 6.66 ms, found 4 plugins.
Native extension for WindowsStandalone target not found
Native extension for WebGL target not found
[Package Manager] Server::EnsureServerProcessIsRunning -- launch failed, reason: Unity was launched with the -noUpm command-line argument
[Package Manager] UpmClient::Send -- Unable to send message (not connected to UPM process).
[Package Manager] Cannot connect to Unity Package Manager local server
Mono: successfully reloaded assembly
- Finished resetting the current domain, in 22.627 seconds
Domain Reload Profiling: 23468ms
	BeginReloadAssembly (204ms)
		ExecutionOrderSort (0ms)
		DisableScriptedObjects (15ms)
		BackupInstance (0ms)
		ReleaseScriptingObjects (0ms)
		CreateAndSetChildDomain (51ms)
	RebuildCommonClasses (41ms)
	RebuildNativeTypeToScriptingClass (17ms)
	initialDomainReloadingComplete (39ms)
	LoadAllAssembliesAndSetupDomain (539ms)
		LoadAssemblies (445ms)
		RebuildTransferFunctionScriptingTraits (0ms)
		AnalyzeDomain (194ms)
			TypeCache.Refresh (145ms)
				TypeCache.ScanAssembly (128ms)
			ScanForSourceGeneratedMonoScriptInfo (36ms)
			ResolveRequiredComponents (12ms)
	FinalizeReload (22628ms)
		ReleaseScriptCaches (0ms)
		RebuildScriptCaches (0ms)
		SetupLoadedEditorAssemblies (419ms)
			LogAssemblyErrors (0ms)
			InitializePlatformSupportModulesInManaged (6ms)
			SetLoadedEditorAssemblies (4ms)
			RefreshPlugins (0ms)
			BeforeProcessingInitializeOnLoad (73ms)
			ProcessInitializeOnLoadAttributes (276ms)
			ProcessInitializeOnLoadMethodAttributes (54ms)
			AfterProcessingInitializeOnLoad (6ms)
			EditorAssembliesLoaded (0ms)
		ExecutionOrderSort2 (0ms)
		AwakeInstancesAfterBackupRestoration (13ms)
Refreshing native plugins compatible for Editor in 6.60 ms, found 4 plugins.
Preloading 0 native plugins for Editor in 0.00 ms.
Unloading 5557 Unused Serialized files (Serialized files now loaded: 0)
Unloading 62 unused Assets / (0.5 MB). Loaded Objects now: 6234.
Memory consumption went from 204.2 MB to 203.7 MB.
Total: 3.886200 ms (FindLiveObjects: 0.562800 ms CreateObjectMapping: 0.122600 ms MarkObjects: 2.803400 ms  DeleteObjects: 0.395700 ms)

Prepare: number of updated asset objects reloaded= 0
AssetImportParameters requested are different than current active one (requested -> active):
  custom:container-demuxer-ogg: 62fdf1f143b41e24485cea50d1cbac27 -> 
  custom:video-codec-MediaFoundation-h265: 746d11721c4dcdbdad8f713fa42b33f4 -> 
  custom:video-decoder-ogg-theora: a1e56fd34408186e4bbccfd4996cb3dc -> 
  custom:framework-win-MediaFoundation: 216162199b28c13a410421893ffa2e32 -> 
  custom:CustomObjectIndexerAttribute: 72b91833f83ae208fae7752999fa3104 -> 
  custom:container-demuxer-webm: 4f35f7cbe854078d1ac9338744f61a02 -> 
  custom:container-muxer-webm: aa71ff27fc2769a1b78a27578f13a17b -> 
  custom:video-decoder-webm-vp8: 9c59270c3fd7afecdb556c50c9e8de78 -> 
  custom:SearchIndexIgnoredProperties: e643bd26f0fe6173181afceb89e7c659 -> 
  custom:AudioImporter_EditorPlatform: d09bf68614088b80899f8185d706f6e7 -> 
  custom:video-encoder-webm-vp8: eb34c28f22e8b96e1ab97ce403110664 -> 
  custom:audio-decoder-ogg-vorbis: bf7c407c2cedff20999df2af8eb42d56 -> 
  custom:audio-encoder-webm-vorbis: bf7c407c2cedff20999df2af8eb42d56 -> 
========================================================================
Received Import Request.
  Time since last request: 168.465882 seconds.
  path: Assets/Scripts/Leika.cs
  artifactKey: Guid(6be79eee16b368e4ab7576fb8b2c3ca8) Importer(2089858483,0ecaa5967403d082aa24f35e1b516d23)
Start importing Assets/Scripts/Leika.cs using Guid(6be79eee16b368e4ab7576fb8b2c3ca8) Importer(2089858483,0ecaa5967403d082aa24f35e1b516d23)  -> (artifact id: '41e32b0de5d966313d49abe39765a52d') in 0.190409 seconds
Number of updated asset objects reloaded before import = 0
Number of asset objects unloaded after import = 1
========================================================================
Received Import Request.
  Time since last request: 0.000032 seconds.
  path: Assets/Audio/FireThingOnMouse.mp3
  artifactKey: Guid(d4f90e2acdd4e474e994f90fc39046ad) Importer(2089858483,0ecaa5967403d082aa24f35e1b516d23)
Start importing Assets/Audio/FireThingOnMouse.mp3 using Guid(d4f90e2acdd4e474e994f90fc39046ad) Importer(2089858483,0ecaa5967403d082aa24f35e1b516d23)  -> (artifact id: 'b2a8454d94fe3080415e98c6f0008657') in 0.027003 seconds
Number of updated asset objects reloaded before import = 0
Number of asset objects unloaded after import = 1
========================================================================
Received Import Request.
  Time since last request: 0.000029 seconds.
  path: Assets/Scripts/Menu.cs
  artifactKey: Guid(50bf458f0a630734d8f058e837a2a605) Importer(2089858483,0ecaa5967403d082aa24f35e1b516d23)
Start importing Assets/Scripts/Menu.cs using Guid(50bf458f0a630734d8f058e837a2a605) Importer(2089858483,0ecaa5967403d082aa24f35e1b516d23)  -> (artifact id: '4ab66dbbc9ce41cb36a6474d220986a6') in 0.015652 seconds
Number of updated asset objects reloaded before import = 0
Number of asset objects unloaded after import = 1
========================================================================
Received Import Request.
  Time since last request: 0.000023 seconds.
  path: Assets/Settings/Lit2DSceneTemplate.scenetemplate
  artifactKey: Guid(d03ed43fc9d8a4f2e9fa70c1c7916eb9) Importer(2089858483,0ecaa5967403d082aa24f35e1b516d23)
Start importing Assets/Settings/Lit2DSceneTemplate.scenetemplate using Guid(d03ed43fc9d8a4f2e9fa70c1c7916eb9) Importer(2089858483,0ecaa5967403d082aa24f35e1b516d23)  -> (artifact id: 'ff7d60d30ca72615fbbe1843e6af0da7') in 0.089269 seconds
Number of updated asset objects reloaded before import = 0
Number of asset objects unloaded after import = 4
========================================================================
Received Import Request.
  Time since last request: 0.000020 seconds.
  path: Assets/Audio/JabaSkrip5.mp3
  artifactKey: Guid(714a661e68a796340aaa77f9f570e1d6) Importer(2089858483,0ecaa5967403d082aa24f35e1b516d23)
Start importing Assets/Audio/JabaSkrip5.mp3 using Guid(714a661e68a796340aaa77f9f570e1d6) Importer(2089858483,0ecaa5967403d082aa24f35e1b516d23)  -> (artifact id: '97e97dc38d099d13f4621e627f87535c') in 0.031511 seconds
Number of updated asset objects reloaded before import = 0
Number of asset objects unloaded after import = 1
========================================================================
Received Import Request.
  Time since last request: 0.000024 seconds.
  path: Assets/Audio/FireFlower.mp3
  artifactKey: Guid(f4db1df39bf05de40b5a0bb95020ef84) Importer(2089858483,0ecaa5967403d082aa24f35e1b516d23)
Start importing Assets/Audio/FireFlower.mp3 using Guid(f4db1df39bf05de40b5a0bb95020ef84) Importer(2089858483,0ecaa5967403d082aa24f35e1b516d23)  -> (artifact id: '64cda8fe93d78fabed59ebf4ea7f9fa7') in 0.031714 seconds
Number of updated asset objects reloaded before import = 0
Number of asset objects unloaded after import = 1
========================================================================
Received Import Request.
  Time since last request: 0.000021 seconds.
  path: Assets/Scripts/ForAnimation.cs
  artifactKey: Guid(634bef912aa949641ae0bcae652ba1cf) Importer(2089858483,0ecaa5967403d082aa24f35e1b516d23)
Start importing Assets/Scripts/ForAnimation.cs using Guid(634bef912aa949641ae0bcae652ba1cf) Importer(2089858483,0ecaa5967403d082aa24f35e1b516d23)  -> (artifact id: '20fe2b8d568b78471e094b5ca1f90109') in 0.010738 seconds
Number of updated asset objects reloaded before import = 0
Number of asset objects unloaded after import = 1
========================================================================
Received Import Request.
  Time since last request: 0.000031 seconds.
  path: Assets/Audio/FireThing.wav
  artifactKey: Guid(61fd01033119cfd489e850ca4772041e) Importer(2089858483,0ecaa5967403d082aa24f35e1b516d23)
Start importing Assets/Audio/FireThing.wav using Guid(61fd01033119cfd489e850ca4772041e) Importer(2089858483,0ecaa5967403d082aa24f35e1b516d23)  -> (artifact id: 'ddef0f1302ecb6c773453b31b9c14801') in 0.030879 seconds
Number of updated asset objects reloaded before import = 0
Number of asset objects unloaded after import = 1
========================================================================
Received Import Request.
  Time since last request: 0.000031 seconds.
  path: Assets/Scripts/PlanetSpawner.cs
  artifactKey: Guid(7eba7d522ab8c15488bbcc5975f503a0) Importer(2089858483,0ecaa5967403d082aa24f35e1b516d23)
Start importing Assets/Scripts/PlanetSpawner.cs using Guid(7eba7d522ab8c15488bbcc5975f503a0) Importer(2089858483,0ecaa5967403d082aa24f35e1b516d23)  -> (artifact id: '03361ccff3be435251aca96e33f8a7d1') in 0.013357 seconds
Number of updated asset objects reloaded before import = 0
Number of asset objects unloaded after import = 1
========================================================================
Received Import Request.
  Time since last request: 0.000023 seconds.
  path: Assets/Prefabs/Effects/Particle System Orange 1.prefab
  artifactKey: Guid(42b89686b0455bb43bdeee0d7cc5b854) Importer(2089858483,0ecaa5967403d082aa24f35e1b516d23)
Start importing Assets/Prefabs/Effects/Particle System Orange 1.prefab using Guid(42b89686b0455bb43bdeee0d7cc5b854) Importer(2089858483,0ecaa5967403d082aa24f35e1b516d23)  -> (artifact id: 'b7cac5ef8f6c6e1b214644ea70bc65e4') in 0.081419 seconds
Number of updated asset objects reloaded before import = 0
Number of asset objects unloaded after import = 10
========================================================================
Received Import Request.
  Time since last request: 0.000019 seconds.
  path: Assets/Prefabs/Effects/Saturn.prefab
  artifactKey: Guid(35fb0a1dcae838d45af1c63b505a83ef) Importer(2089858483,0ecaa5967403d082aa24f35e1b516d23)
Start importing Assets/Prefabs/Effects/Saturn.prefab using Guid(35fb0a1dcae838d45af1c63b505a83ef) Importer(2089858483,0ecaa5967403d082aa24f35e1b516d23)  -> (artifact id: 'b7bf9ef81948dddc5dfbe84c625a5b4c') in 0.038584 seconds
Number of updated asset objects reloaded before import = 0
Number of asset objects unloaded after import = 12
========================================================================
Received Import Request.
  Time since last request: 0.000021 seconds.
  path: Assets/Prefabs/Effects/ArrowD.prefab
  artifactKey: Guid(a835eef9526148a468351425e2b38f24) Importer(2089858483,0ecaa5967403d082aa24f35e1b516d23)
Start importing Assets/Prefabs/Effects/ArrowD.prefab using Guid(a835eef9526148a468351425e2b38f24) Importer(2089858483,0ecaa5967403d082aa24f35e1b516d23)  -> (artifact id: '0f5bdf8c1db2164bda05919bdec2b3a5') in 0.021952 seconds
Number of updated asset objects reloaded before import = 0
Number of asset objects unloaded after import = 7
========================================================================
Received Import Request.
  Time since last request: 0.000025 seconds.
  path: Assets/Audio/Ice.mp3
  artifactKey: Guid(0003e9b673b73a344a7002cd5cdd5445) Importer(2089858483,0ecaa5967403d082aa24f35e1b516d23)
Start importing Assets/Audio/Ice.mp3 using Guid(0003e9b673b73a344a7002cd5cdd5445) Importer(2089858483,0ecaa5967403d082aa24f35e1b516d23)  -> (artifact id: 'dd983101aeb25d6615a380e610079c2e') in 0.018621 seconds
Number of updated asset objects reloaded before import = 0
Number of asset objects unloaded after import = 1
========================================================================
Received Import Request.
  Time since last request: 0.000032 seconds.
  path: Assets/Prefabs/Effects/TomatoBad.prefab
  artifactKey: Guid(63dc9334a059df64fa52b97424a38dce) Importer(2089858483,0ecaa5967403d082aa24f35e1b516d23)
Start importing Assets/Prefabs/Effects/TomatoBad.prefab using Guid(63dc9334a059df64fa52b97424a38dce) Importer(2089858483,0ecaa5967403d082aa24f35e1b516d23)  -> (artifact id: 'fe9f7b822b014fb875fcecbcb7546828') in 0.058264 seconds
Number of updated asset objects reloaded before import = 0
Number of asset objects unloaded after import = 51
========================================================================
Received Import Request.
  Time since last request: 0.000017 seconds.
  path: Assets/Scripts/PlaneHeatl.cs
  artifactKey: Guid(37af012b690ae3a42a3cfb50ea9de3f0) Importer(2089858483,0ecaa5967403d082aa24f35e1b516d23)
Start importing Assets/Scripts/PlaneHeatl.cs using Guid(37af012b690ae3a42a3cfb50ea9de3f0) Importer(2089858483,0ecaa5967403d082aa24f35e1b516d23)  -> (artifact id: 'be6d7130c01306f97329fe49913f951f') in 0.009871 seconds
Number of updated asset objects reloaded before import = 0
Number of asset objects unloaded after import = 1
========================================================================
Received Import Request.
  Time since last request: 0.000019 seconds.
  path: Assets/Audio/FlowerIdle.mp3
  artifactKey: Guid(7da52f8652cd003449856715fe46fe6e) Importer(2089858483,0ecaa5967403d082aa24f35e1b516d23)
Start importing Assets/Audio/FlowerIdle.mp3 using Guid(7da52f8652cd003449856715fe46fe6e) Importer(2089858483,0ecaa5967403d082aa24f35e1b516d23)  -> (artifact id: '9eacc5618d9852e3c2c29a11da05e0c4') in 0.020522 seconds
Number of updated asset objects reloaded before import = 0
Number of asset objects unloaded after import = 1
========================================================================
Received Import Request.
  Time since last request: 0.000021 seconds.
  path: Assets/Audio/TomatoDead.mp3
  artifactKey: Guid(93c5fc12719865649b6248ae041dd631) Importer(2089858483,0ecaa5967403d082aa24f35e1b516d23)
Start importing Assets/Audio/TomatoDead.mp3 using Guid(93c5fc12719865649b6248ae041dd631) Importer(2089858483,0ecaa5967403d082aa24f35e1b516d23)  -> (artifact id: 'f6b77ae2ee10508cc2fef8ff7632f8bb') in 0.020179 seconds
Number of updated asset objects reloaded before import = 0
Number of asset objects unloaded after import = 1
========================================================================
Received Import Request.
  Time since last request: 0.000023 seconds.
  path: Assets/Prefabs/Tables/TableBasic.prefab
  artifactKey: Guid(cc3ee2c055272174283b6ca435993a49) Importer(2089858483,0ecaa5967403d082aa24f35e1b516d23)
Start importing Assets/Prefabs/Tables/TableBasic.prefab using Guid(cc3ee2c055272174283b6ca435993a49) Importer(2089858483,0ecaa5967403d082aa24f35e1b516d23)  -> (artifact id: 'd2355f331161bd3cb1573581890c2b46') in 0.049713 seconds
Number of updated asset objects reloaded before import = 0
Number of asset objects unloaded after import = 103
========================================================================
Received Import Request.
  Time since last request: 0.000022 seconds.
  path: Assets/Prefabs/Tables/TableFire.prefab
  artifactKey: Guid(61c0d240a79985048a068b35ae9e1f31) Importer(2089858483,0ecaa5967403d082aa24f35e1b516d23)
Start importing Assets/Prefabs/Tables/TableFire.prefab using Guid(61c0d240a79985048a068b35ae9e1f31) Importer(2089858483,0ecaa5967403d082aa24f35e1b516d23)  -> (artifact id: '73f02de73cf2266b868c8476a2883161') in 0.054002 seconds
Number of updated asset objects reloaded before import = 0
Number of asset objects unloaded after import = 198
========================================================================
Received Import Request.
  Time since last request: 0.000035 seconds.
  path: Assets/Prefabs/Tables/TableTest.prefab
  artifactKey: Guid(d7401edf0b2637548b522930763a86d8) Importer(2089858483,0ecaa5967403d082aa24f35e1b516d23)
Start importing Assets/Prefabs/Tables/TableTest.prefab using Guid(d7401edf0b2637548b522930763a86d8) Importer(2089858483,0ecaa5967403d082aa24f35e1b516d23)  -> (artifact id: 'a880c836a7a44af8c4c020c00d181dcd') in 0.039808 seconds
Number of updated asset objects reloaded before import = 0
Number of asset objects unloaded after import = 42
========================================================================
Received Import Request.
  Time since last request: 0.000033 seconds.
  path: Assets/Scripts/ThisIsMyItem.cs
  artifactKey: Guid(2d51794f456c1e64784ce9a5b70dfd50) Importer(2089858483,0ecaa5967403d082aa24f35e1b516d23)
Start importing Assets/Scripts/ThisIsMyItem.cs using Guid(2d51794f456c1e64784ce9a5b70dfd50) Importer(2089858483,0ecaa5967403d082aa24f35e1b516d23)  -> (artifact id: '43e3ff38438ee5f84157a3a75dda3c1f') in 0.012982 seconds
Number of updated asset objects reloaded before import = 0
Number of asset objects unloaded after import = 1
========================================================================
Received Import Request.
  Time since last request: 0.000027 seconds.
  path: Assets/Prefabs/Effects/Moon.prefab
  artifactKey: Guid(a882c0ed6936e52469ade5f810779684) Importer(2089858483,0ecaa5967403d082aa24f35e1b516d23)
Start importing Assets/Prefabs/Effects/Moon.prefab using Guid(a882c0ed6936e52469ade5f810779684) Importer(2089858483,0ecaa5967403d082aa24f35e1b516d23)  -> (artifact id: '7ffc9beac9845babebbdd9ad5bd3f97a') in 0.027038 seconds
Number of updated asset objects reloaded before import = 0
Number of asset objects unloaded after import = 11
========================================================================
Received Import Request.
  Time since last request: 0.000023 seconds.
  path: Assets/Sprites/ActualSprites/FrogPot.png
  artifactKey: Guid(e05d11107f0043946a73b4847289d3e9) Importer(2089858483,0ecaa5967403d082aa24f35e1b516d23)
Start importing Assets/Sprites/ActualSprites/FrogPot.png using Guid(e05d11107f0043946a73b4847289d3e9) Importer(2089858483,0ecaa5967403d082aa24f35e1b516d23)  -> (artifact id: '94e00e25b0f73e229988d4d91b7a33bd') in 0.050504 seconds
Number of updated asset objects reloaded before import = 0
Number of asset objects unloaded after import = 11
========================================================================
Received Import Request.
  Time since last request: 0.000019 seconds.
  path: Assets/Sprites/ActualSprites/FireFiring.png
  artifactKey: Guid(0baa8e1dda5ebdd488605b162f750566) Importer(2089858483,0ecaa5967403d082aa24f35e1b516d23)
Start importing Assets/Sprites/ActualSprites/FireFiring.png using Guid(0baa8e1dda5ebdd488605b162f750566) Importer(2089858483,0ecaa5967403d082aa24f35e1b516d23)  -> (artifact id: '94545542af4b46c6847e110d149f9929') in 0.020118 seconds
Number of updated asset objects reloaded before import = 0
Number of asset objects unloaded after import = 5
========================================================================
Received Import Request.
  Time since last request: 0.000017 seconds.
  path: Assets/Audio/BoxWithPlanets.mp3
  artifactKey: Guid(8b690f7576daa5341bd9e70fdd32bb79) Importer(2089858483,0ecaa5967403d082aa24f35e1b516d23)
Start importing Assets/Audio/BoxWithPlanets.mp3 using Guid(8b690f7576daa5341bd9e70fdd32bb79) Importer(2089858483,0ecaa5967403d082aa24f35e1b516d23)  -> (artifact id: 'df7d1fd63709442f33c1c101fea1ff32') in 0.030059 seconds
Number of updated asset objects reloaded before import = 0
Number of asset objects unloaded after import = 1
========================================================================
Received Import Request.
  Time since last request: 0.000019 seconds.
  path: Assets/Audio/BoxSipet.wav
  artifactKey: Guid(a34279b5ccdaf15449968a0abdc415d4) Importer(2089858483,0ecaa5967403d082aa24f35e1b516d23)
Start importing Assets/Audio/BoxSipet.wav using Guid(a34279b5ccdaf15449968a0abdc415d4) Importer(2089858483,0ecaa5967403d082aa24f35e1b516d23)  -> (artifact id: '45423f4e2a9b8189ce2a92861fc1660c') in 0.034364 seconds
Number of updated asset objects reloaded before import = 0
Number of asset objects unloaded after import = 1
========================================================================
Received Import Request.
  Time since last request: 0.000023 seconds.
  path: Assets/Prefabs/Effects/Jiorjio.prefab
  artifactKey: Guid(77d205d077c979a45bbae66faa5234a8) Importer(2089858483,0ecaa5967403d082aa24f35e1b516d23)
Start importing Assets/Prefabs/Effects/Jiorjio.prefab using Guid(77d205d077c979a45bbae66faa5234a8) Importer(2089858483,0ecaa5967403d082aa24f35e1b516d23)  -> (artifact id: '5807ae10d5093d01fb5e3415497299b7') in 0.037693 seconds
Number of updated asset objects reloaded before import = 0
Number of asset objects unloaded after import = 11
========================================================================
Received Import Request.
  Time since last request: 0.000028 seconds.
  path: Assets/Prefabs/Effects/HeartParticle.prefab
  artifactKey: Guid(dfa93dfc6304e9948b2bff41443de9cf) Importer(2089858483,0ecaa5967403d082aa24f35e1b516d23)
Start importing Assets/Prefabs/Effects/HeartParticle.prefab using Guid(dfa93dfc6304e9948b2bff41443de9cf) Importer(2089858483,0ecaa5967403d082aa24f35e1b516d23)  -> (artifact id: 'e3df588247c23abf8aba6c1c5cb4f387') in 0.027039 seconds
Number of updated asset objects reloaded before import = 0
Number of asset objects unloaded after import = 6
========================================================================
Received Import Request.
  Time since last request: 0.000022 seconds.
  path: Assets/Scripts/ThisIsMyItemPlugIt.cs
  artifactKey: Guid(ca48ba6ca2414894082046e46cc5f191) Importer(2089858483,0ecaa5967403d082aa24f35e1b516d23)
Start importing Assets/Scripts/ThisIsMyItemPlugIt.cs using Guid(ca48ba6ca2414894082046e46cc5f191) Importer(2089858483,0ecaa5967403d082aa24f35e1b516d23)  -> (artifact id: 'dbd3c6de96de48ac93fb9b7cf20015bc') in 0.009079 seconds
Number of updated asset objects reloaded before import = 0
Number of asset objects unloaded after import = 1
========================================================================
Received Import Request.
  Time since last request: 0.000020 seconds.
  path: Assets/Scripts/Flower/FrogFlower.cs
  artifactKey: Guid(79f76f316f8b8e648a36db8bc3f4e752) Importer(2089858483,0ecaa5967403d082aa24f35e1b516d23)
Start importing Assets/Scripts/Flower/FrogFlower.cs using Guid(79f76f316f8b8e648a36db8bc3f4e752) Importer(2089858483,0ecaa5967403d082aa24f35e1b516d23)  -> (artifact id: '142a3cf347ced7f7754be5079549c42e') in 0.013096 seconds
Number of updated asset objects reloaded before import = 0
Number of asset objects unloaded after import = 1
========================================================================
Received Import Request.
  Time since last request: 0.000021 seconds.
  path: Assets/Prefabs/Effects/Particle System Orange.prefab
  artifactKey: Guid(7aad15b437fc26e4fa9a1e5ef97b0e33) Importer(2089858483,0ecaa5967403d082aa24f35e1b516d23)
Start importing Assets/Prefabs/Effects/Particle System Orange.prefab using Guid(7aad15b437fc26e4fa9a1e5ef97b0e33) Importer(2089858483,0ecaa5967403d082aa24f35e1b516d23)  -> (artifact id: '5a0145e831baf22b52fb17412886e527') in 0.039712 seconds
Number of updated asset objects reloaded before import = 0
Number of asset objects unloaded after import = 10
========================================================================
Received Import Request.
  Time since last request: 0.000023 seconds.
  path: Assets/TextMesh Pro/Shaders/TMPro.cginc
  artifactKey: Guid(407bc68d299748449bbf7f48ee690f8d) Importer(2089858483,0ecaa5967403d082aa24f35e1b516d23)
Start importing Assets/TextMesh Pro/Shaders/TMPro.cginc using Guid(407bc68d299748449bbf7f48ee690f8d) Importer(2089858483,0ecaa5967403d082aa24f35e1b516d23)  -> (artifact id: 'e597a037b8d60e5a47391a0f37b3360e') in 0.019835 seconds
Number of updated asset objects reloaded before import = 0
Number of asset objects unloaded after import = 1
========================================================================
Received Import Request.
  Time since last request: 0.000034 seconds.
  path: Assets/Sprites/ActualSprites/oGNETUSHITEL.png
  artifactKey: Guid(b6c76352a12f6fb4cab88194518b3b7f) Importer(2089858483,0ecaa5967403d082aa24f35e1b516d23)
Start importing Assets/Sprites/ActualSprites/oGNETUSHITEL.png using Guid(b6c76352a12f6fb4cab88194518b3b7f) Importer(2089858483,0ecaa5967403d082aa24f35e1b516d23)  -> (artifact id: 'aeb67efe96dd04d5313d1bb1e0aa74de') in 0.025091 seconds
Number of updated asset objects reloaded before import = 0
Number of asset objects unloaded after import = 7
========================================================================
Received Import Request.
  Time since last request: 0.000019 seconds.
  path: Assets/Sprites/ActualSprites/MainMenuButtons.png
  artifactKey: Guid(9bbef5225fca88b4b99079377d3c1162) Importer(2089858483,0ecaa5967403d082aa24f35e1b516d23)
Start importing Assets/Sprites/ActualSprites/MainMenuButtons.png using Guid(9bbef5225fca88b4b99079377d3c1162) Importer(2089858483,0ecaa5967403d082aa24f35e1b516d23)  -> (artifact id: 'a675633fc075ade20f97294ecdd46fe7') in 0.020362 seconds
Number of updated asset objects reloaded before import = 0
Number of asset objects unloaded after import = 4
========================================================================
Received Import Request.
  Time since last request: 0.000025 seconds.
  path: Assets/TextMesh Pro/Shaders/TMP_Bitmap.shader
  artifactKey: Guid(128e987d567d4e2c824d754223b3f3b0) Importer(2089858483,0ecaa5967403d082aa24f35e1b516d23)
Start importing Assets/TextMesh Pro/Shaders/TMP_Bitmap.shader using Guid(128e987d567d4e2c824d754223b3f3b0) Importer(2089858483,0ecaa5967403d082aa24f35e1b516d23)  -> (artifact id: '6559dc6e215a7f235be3e80a4183f62c') in 0.015964 seconds
Number of updated asset objects reloaded before import = 0
Number of asset objects unloaded after import = 1
========================================================================
Received Import Request.
  Time since last request: 0.000024 seconds.
  path: Assets/Sprites/ActualSprites/TomatoFleshP3.png
  artifactKey: Guid(e068b97037266c04e8720825cee64c36) Importer(2089858483,0ecaa5967403d082aa24f35e1b516d23)
Start importing Assets/Sprites/ActualSprites/TomatoFleshP3.png using Guid(e068b97037266c04e8720825cee64c36) Importer(2089858483,0ecaa5967403d082aa24f35e1b516d23)  -> (artifact id: 'cf134e0c0046a59991b34412b0a33557') in 0.020180 seconds
Number of updated asset objects reloaded before import = 0
Number of asset objects unloaded after import = 3
========================================================================
Received Import Request.
  Time since last request: 0.000028 seconds.
  path: Assets/Sprites/ActualSprites/Leika.png
  artifactKey: Guid(9213b7fa70f2d02418ffa66ee198bc7e) Importer(2089858483,0ecaa5967403d082aa24f35e1b516d23)
Start importing Assets/Sprites/ActualSprites/Leika.png using Guid(9213b7fa70f2d02418ffa66ee198bc7e) Importer(2089858483,0ecaa5967403d082aa24f35e1b516d23)  -> (artifact id: '67751ec8b14dff5b4eef78ac7f2a4983') in 0.020998 seconds
Number of updated asset objects reloaded before import = 0
Number of asset objects unloaded after import = 4
========================================================================
Received Import Request.
  Time since last request: 0.000028 seconds.
  path: Assets/TextMesh Pro/Resources/TMP Settings.asset
  artifactKey: Guid(3f5b5dff67a942289a9defa416b206f3) Importer(2089858483,0ecaa5967403d082aa24f35e1b516d23)
Start importing Assets/TextMesh Pro/Resources/TMP Settings.asset using Guid(3f5b5dff67a942289a9defa416b206f3) Importer(2089858483,0ecaa5967403d082aa24f35e1b516d23)  -> (artifact id: '17f0822d4d94b473f3f331a8e453f02d') in 0.062456 seconds
Number of updated asset objects reloaded before import = 0
Number of asset objects unloaded after import = 15
========================================================================
Received Import Request.
  Time since last request: 0.000018 seconds.
  path: Assets/Sprites/ActualSprites/TomatoFleshP1.png
  artifactKey: Guid(3565f28cac2beac4684d7517ecbf3783) Importer(2089858483,0ecaa5967403d082aa24f35e1b516d23)
Start importing Assets/Sprites/ActualSprites/TomatoFleshP1.png using Guid(3565f28cac2beac4684d7517ecbf3783) Importer(2089858483,0ecaa5967403d082aa24f35e1b516d23)  -> (artifact id: '6c592e122c6473142bb6376071fce6d0') in 0.015769 seconds
Number of updated asset objects reloaded before import = 0
Number of asset objects unloaded after import = 3
========================================================================
Received Import Request.
  Time since last request: 0.000017 seconds.
  path: Assets/Animations/Items/Laika.anim
  artifactKey: Guid(5542c5ccc4e4e6f43ae48dc39bf753cb) Importer(2089858483,0ecaa5967403d082aa24f35e1b516d23)
Start importing Assets/Animations/Items/Laika.anim using Guid(5542c5ccc4e4e6f43ae48dc39bf753cb) Importer(2089858483,0ecaa5967403d082aa24f35e1b516d23)  -> (artifact id: '79c8c8188c8d709f4aae1df66752c42a') in 0.028023 seconds
Number of updated asset objects reloaded before import = 0
Number of asset objects unloaded after import = 1
========================================================================
Received Import Request.
  Time since last request: 0.000020 seconds.
  path: Assets/Audio/JabaSkrip3.mp3
  artifactKey: Guid(02f2735142cf2d047bf0733516f3d26d) Importer(2089858483,0ecaa5967403d082aa24f35e1b516d23)
Start importing Assets/Audio/JabaSkrip3.mp3 using Guid(02f2735142cf2d047bf0733516f3d26d) Importer(2089858483,0ecaa5967403d082aa24f35e1b516d23)  -> (artifact id: '20fd8a99361c826ae43e434d6b0675c3') in 0.029674 seconds
Number of updated asset objects reloaded before import = 0
Number of asset objects unloaded after import = 1
========================================================================
Received Import Request.
  Time since last request: 0.000020 seconds.
  path: Assets/PhisicMaterial/PlanetType3.physicsMaterial2D
  artifactKey: Guid(3c8e91508084fa1419b7a50f67608aff) Importer(2089858483,0ecaa5967403d082aa24f35e1b516d23)
Start importing Assets/PhisicMaterial/PlanetType3.physicsMaterial2D using Guid(3c8e91508084fa1419b7a50f67608aff) Importer(2089858483,0ecaa5967403d082aa24f35e1b516d23)  -> (artifact id: '8e87a64c0b54ecddfdc745f8bbb05bdd') in 0.017935 seconds
Number of updated asset objects reloaded before import = 0
Number of asset objects unloaded after import = 1
========================================================================
Received Import Request.
  Time since last request: 0.000026 seconds.
  path: Assets/Scripts/ThePlayer.cs
  artifactKey: Guid(c73c96b386e8527488bf0bbb6f60d99f) Importer(2089858483,0ecaa5967403d082aa24f35e1b516d23)
Start importing Assets/Scripts/ThePlayer.cs using Guid(c73c96b386e8527488bf0bbb6f60d99f) Importer(2089858483,0ecaa5967403d082aa24f35e1b516d23)  -> (artifact id: '9b67813807671ce7904d372d27ffca3a') in 0.012569 seconds
Number of updated asset objects reloaded before import = 0
Number of asset objects unloaded after import = 1
========================================================================
Received Import Request.
  Time since last request: 0.000029 seconds.
  path: Assets/Audio/Ice.wav
  artifactKey: Guid(665bda770335c9849931e086c14c39b9) Importer(2089858483,0ecaa5967403d082aa24f35e1b516d23)
Start importing Assets/Audio/Ice.wav using Guid(665bda770335c9849931e086c14c39b9) Importer(2089858483,0ecaa5967403d082aa24f35e1b516d23)  -> (artifact id: 'ceea95d8a1f86a0001aba75f3b6f899e') in 0.032326 seconds
Number of updated asset objects reloaded before import = 0
Number of asset objects unloaded after import = 1
========================================================================
Received Import Request.
  Time since last request: 0.000022 seconds.
  path: Assets/Animations/Items/LaikaOnMouseDown.anim
  artifactKey: Guid(7434b39328af0584b99cadfaf3f5083d) Importer(2089858483,0ecaa5967403d082aa24f35e1b516d23)
Start importing Assets/Animations/Items/LaikaOnMouseDown.anim using Guid(7434b39328af0584b99cadfaf3f5083d) Importer(2089858483,0ecaa5967403d082aa24f35e1b516d23)  -> (artifact id: 'c609e41c8cd91cea610dba15264e489b') in 0.026012 seconds
Number of updated asset objects reloaded before import = 0
Number of asset objects unloaded after import = 1
========================================================================
Received Import Request.
  Time since last request: 0.000017 seconds.
  path: Assets/Material/BroukenHeart 1.mat
  artifactKey: Guid(8e9cc33ed3143b24db50953cd8cdb978) Importer(2089858483,0ecaa5967403d082aa24f35e1b516d23)
Start importing Assets/Material/BroukenHeart 1.mat using Guid(8e9cc33ed3143b24db50953cd8cdb978) Importer(2089858483,0ecaa5967403d082aa24f35e1b516d23)  -> (artifact id: 'e1b170df087b46a25d31a91341f2ed87') in 0.026037 seconds
Number of updated asset objects reloaded before import = 0
Number of asset objects unloaded after import = 2
========================================================================
Received Import Request.
  Time since last request: 0.000017 seconds.
  path: Assets/Settings/Scenes/URP2DSceneTemplate.unity
  artifactKey: Guid(2cda990e2423bbf4892e6590ba056729) Importer(2089858483,0ecaa5967403d082aa24f35e1b516d23)
Start importing Assets/Settings/Scenes/URP2DSceneTemplate.unity using Guid(2cda990e2423bbf4892e6590ba056729) Importer(2089858483,0ecaa5967403d082aa24f35e1b516d23)  -> (artifact id: '386e4895bf8d418cf9d7b08273e9ccc8') in 0.011661 seconds
Number of updated asset objects reloaded before import = 0
Number of asset objects unloaded after import = 1
========================================================================
Received Import Request.
  Time since last request: 0.000018 seconds.
  path: Assets/TextMesh Pro/Resources/Fonts & Materials/LiberationSans SDF - Drop Shadow.mat
  artifactKey: Guid(e73a58f6e2794ae7b1b7e50b7fb811b0) Importer(2089858483,0ecaa5967403d082aa24f35e1b516d23)
Start importing Assets/TextMesh Pro/Resources/Fonts & Materials/LiberationSans SDF - Drop Shadow.mat using Guid(e73a58f6e2794ae7b1b7e50b7fb811b0) Importer(2089858483,0ecaa5967403d082aa24f35e1b516d23)  -> (artifact id: '5c8f400c6c9cb428e02e9d1360ac1592') in 0.032335 seconds
Number of updated asset objects reloaded before import = 0
Number of asset objects unloaded after import = 2
========================================================================
Received Import Request.
  Time since last request: 0.000024 seconds.
  path: Assets/TextMesh Pro/Shaders/TMP_SDF-Mobile Overlay.shader
  artifactKey: Guid(a02a7d8c237544f1962732b55a9aebf1) Importer(2089858483,0ecaa5967403d082aa24f35e1b516d23)
Start importing Assets/TextMesh Pro/Shaders/TMP_SDF-Mobile Overlay.shader using Guid(a02a7d8c237544f1962732b55a9aebf1) Importer(2089858483,0ecaa5967403d082aa24f35e1b516d23)  -> (artifact id: 'cadb132c19f04969d78a0511b9fe438c') in 0.014495 seconds
Number of updated asset objects reloaded before import = 0
Number of asset objects unloaded after import = 1
========================================================================
Received Import Request.
  Time since last request: 0.000018 seconds.
  path: Assets/Animations/Flowers/BlackholeFlower/HugeBH.controller
  artifactKey: Guid(b68d168de2e67f34da113c7710c50966) Importer(2089858483,0ecaa5967403d082aa24f35e1b516d23)
Start importing Assets/Animations/Flowers/BlackholeFlower/HugeBH.controller using Guid(b68d168de2e67f34da113c7710c50966) Importer(2089858483,0ecaa5967403d082aa24f35e1b516d23)  -> (artifact id: 'a3efe1f2324bc7b562d41eef38de72f9') in 0.027298 seconds
Number of updated asset objects reloaded before import = 0
Number of asset objects unloaded after import = 4
========================================================================
Received Import Request.
  Time since last request: 0.000021 seconds.
  path: Assets/Sprites/ActualSprites/Parts/Heart3.png
  artifactKey: Guid(75e877cf5c895fd4287e2b20760bb5f5) Importer(2089858483,0ecaa5967403d082aa24f35e1b516d23)
Start importing Assets/Sprites/ActualSprites/Parts/Heart3.png using Guid(75e877cf5c895fd4287e2b20760bb5f5) Importer(2089858483,0ecaa5967403d082aa24f35e1b516d23)  -> (artifact id: 'a372e4832d29ceecf077c8fef419ca55') in 0.017793 seconds
Number of updated asset objects reloaded before import = 0
Number of asset objects unloaded after import = 3
========================================================================
Received Import Request.
  Time since last request: 0.000031 seconds.
  path: Assets/Animations/Flowers/BasicFlower/IdleVertBad.anim
  artifactKey: Guid(26fd1e85ee07de147af63a718aaf9841) Importer(2089858483,0ecaa5967403d082aa24f35e1b516d23)
Start importing Assets/Animations/Flowers/BasicFlower/IdleVertBad.anim using Guid(26fd1e85ee07de147af63a718aaf9841) Importer(2089858483,0ecaa5967403d082aa24f35e1b516d23)  -> (artifact id: 'ea9b8606122b2c3c8852db9144a74e14') in 0.020691 seconds
Number of updated asset objects reloaded before import = 0
Number of asset objects unloaded after import = 1
========================================================================
Received Import Request.
  Time since last request: 0.000035 seconds.
  path: Assets/Animations/Items/Fire/Fire_Sprite.controller
  artifactKey: Guid(dcb79ab607b4bdf4589b88209a8c1467) Importer(2089858483,0ecaa5967403d082aa24f35e1b516d23)
Start importing Assets/Animations/Items/Fire/Fire_Sprite.controller using Guid(dcb79ab607b4bdf4589b88209a8c1467) Importer(2089858483,0ecaa5967403d082aa24f35e1b516d23)  -> (artifact id: '1f3f62e29c0f7dd97834bcfd6be9d1ee') in 0.026605 seconds
Number of updated asset objects reloaded before import = 0
Number of asset objects unloaded after import = 6
========================================================================
Received Import Request.
  Time since last request: 0.000026 seconds.
  path: Assets/TextMesh Pro/Sprites/EmojiOne Attribution.txt
  artifactKey: Guid(381dcb09d5029d14897e55f98031fca5) Importer(2089858483,0ecaa5967403d082aa24f35e1b516d23)
Start importing Assets/TextMesh Pro/Sprites/EmojiOne Attribution.txt using Guid(381dcb09d5029d14897e55f98031fca5) Importer(2089858483,0ecaa5967403d082aa24f35e1b516d23)  -> (artifact id: '706ab0c0ff58857f2a2755b5918335f1') in 0.018190 seconds
Number of updated asset objects reloaded before import = 0
Number of asset objects unloaded after import = 1
========================================================================
Received Import Request.
  Time since last request: 0.000023 seconds.
  path: Assets/Animations/Flowers/BlackholeFlower/NormalBH.controller
  artifactKey: Guid(f38fcbba04c29ba47bf44273ebffc4cc) Importer(2089858483,0ecaa5967403d082aa24f35e1b516d23)
Start importing Assets/Animations/Flowers/BlackholeFlower/NormalBH.controller using Guid(f38fcbba04c29ba47bf44273ebffc4cc) Importer(2089858483,0ecaa5967403d082aa24f35e1b516d23)  -> (artifact id: '185e60cdb26425a207cfd8a478910581') in 0.019549 seconds
Number of updated asset objects reloaded before import = 0
Number of asset objects unloaded after import = 4
========================================================================
Received Import Request.
  Time since last request: 0.000021 seconds.
  path: Assets/Animations/Items/Fire/Disabled.anim
  artifactKey: Guid(15be80b3c05a198418156835cf6ec2ed) Importer(2089858483,0ecaa5967403d082aa24f35e1b516d23)
Start importing Assets/Animations/Items/Fire/Disabled.anim using Guid(15be80b3c05a198418156835cf6ec2ed) Importer(2089858483,0ecaa5967403d082aa24f35e1b516d23)  -> (artifact id: 'e625f9e9a0b0bfb90bced891e3fd9fd9') in 0.015147 seconds
Number of updated asset objects reloaded before import = 0
Number of asset objects unloaded after import = 1
========================================================================
Received Import Request.
  Time since last request: 0.000016 seconds.
  path: Assets/TextMesh Pro/Resources/Fonts & Materials/LiberationSans SDF - Fallback.asset
  artifactKey: Guid(2e498d1c8094910479dc3e1b768306a4) Importer(2089858483,0ecaa5967403d082aa24f35e1b516d23)
Start importing Assets/TextMesh Pro/Resources/Fonts & Materials/LiberationSans SDF - Fallback.asset using Guid(2e498d1c8094910479dc3e1b768306a4) Importer(2089858483,0ecaa5967403d082aa24f35e1b516d23)  -> (artifact id: '93ec433b73eea7ce679de35c57735b74') in 0.024966 seconds
Number of updated asset objects reloaded before import = 0
Number of asset objects unloaded after import = 5
========================================================================
Received Import Request.
  Time since last request: 0.000019 seconds.
  path: Assets/Animations/Items/Tomato/TomatoSprite.controller
  artifactKey: Guid(fead0f3c61dc9d34cb31a6ccf4e7230b) Importer(2089858483,0ecaa5967403d082aa24f35e1b516d23)
Start importing Assets/Animations/Items/Tomato/TomatoSprite.controller using Guid(fead0f3c61dc9d34cb31a6ccf4e7230b) Importer(2089858483,0ecaa5967403d082aa24f35e1b516d23)  -> (artifact id: '1c270ca505b9784ed6d5256daf1351d2') in 0.021053 seconds
Number of updated asset objects reloaded before import = 0
Number of asset objects unloaded after import = 6
========================================================================
Received Import Request.
  Time since last request: 0.000023 seconds.
  path: Assets/Animations/Flowers/BasicFlower/GetsBad.controller
  artifactKey: Guid(876824fc7e5d44447b46659701cfca94) Importer(2089858483,0ecaa5967403d082aa24f35e1b516d23)
Start importing Assets/Animations/Flowers/BasicFlower/GetsBad.controller using Guid(876824fc7e5d44447b46659701cfca94) Importer(2089858483,0ecaa5967403d082aa24f35e1b516d23)  -> (artifact id: 'b28d7ca78b3abd130ac8d61d2199d4f4') in 0.028789 seconds
Number of updated asset objects reloaded before import = 0
Number of asset objects unloaded after import = 4
========================================================================
Received Import Request.
  Time since last request: 0.000025 seconds.
  path: Assets/Sprites/ActualSprites/FrogNewStageSprite.png
  artifactKey: Guid(083f60abaf18e9b44993e1a48f1ed7bb) Importer(2089858483,0ecaa5967403d082aa24f35e1b516d23)
Start importing Assets/Sprites/ActualSprites/FrogNewStageSprite.png using Guid(083f60abaf18e9b44993e1a48f1ed7bb) Importer(2089858483,0ecaa5967403d082aa24f35e1b516d23)  -> (artifact id: '24629debfcad5c55273661299400e8f1') in 0.018376 seconds
Number of updated asset objects reloaded before import = 0
Number of asset objects unloaded after import = 3
========================================================================
Received Import Request.
  Time since last request: 0.000027 seconds.
  path: Assets/Animations/Items/Ice/Ice.anim
  artifactKey: Guid(f56f22497417fb343bba069d7f7d1acc) Importer(2089858483,0ecaa5967403d082aa24f35e1b516d23)
Start importing Assets/Animations/Items/Ice/Ice.anim using Guid(f56f22497417fb343bba069d7f7d1acc) Importer(2089858483,0ecaa5967403d082aa24f35e1b516d23)  -> (artifact id: '3245c6a0cb6680e8d51e81ce5989b9d7') in 0.016676 seconds
Number of updated asset objects reloaded before import = 0
Number of asset objects unloaded after import = 1
========================================================================
Received Import Request.
  Time since last request: 0.000022 seconds.
  path: Assets/Audio/Leika.mp3
  artifactKey: Guid(e79426a1f655daa4180c47fd5d0224fb) Importer(2089858483,0ecaa5967403d082aa24f35e1b516d23)
Start importing Assets/Audio/Leika.mp3 using Guid(e79426a1f655daa4180c47fd5d0224fb) Importer(2089858483,0ecaa5967403d082aa24f35e1b516d23)  -> (artifact id: 'e054bc7e0d5b49ae94602ee60dd69f83') in 0.030461 seconds
Number of updated asset objects reloaded before import = 0
Number of asset objects unloaded after import = 1
========================================================================
Received Import Request.
  Time since last request: 0.000017 seconds.
  path: Assets/Audio/TomatoSleep.mp3
  artifactKey: Guid(7849c0314067fa74a90bf448d49f7c6e) Importer(2089858483,0ecaa5967403d082aa24f35e1b516d23)
Start importing Assets/Audio/TomatoSleep.mp3 using Guid(7849c0314067fa74a90bf448d49f7c6e) Importer(2089858483,0ecaa5967403d082aa24f35e1b516d23)  -> (artifact id: '5d69c8b6783eb52e142749808f3167f3') in 0.024235 seconds
Number of updated asset objects reloaded before import = 0
Number of asset objects unloaded after import = 1
========================================================================
Received Import Request.
  Time since last request: 0.000021 seconds.
  path: Assets/Scripts/HollForPimpochka.cs
  artifactKey: Guid(7ce56cdbe97a25e4d9bdb1b7bdb71214) Importer(2089858483,0ecaa5967403d082aa24f35e1b516d23)
Start importing Assets/Scripts/HollForPimpochka.cs using Guid(7ce56cdbe97a25e4d9bdb1b7bdb71214) Importer(2089858483,0ecaa5967403d082aa24f35e1b516d23)  -> (artifact id: '5893fc99708663b7013154985a222516') in 0.012690 seconds
Number of updated asset objects reloaded before import = 0
Number of asset objects unloaded after import = 1
========================================================================
Received Import Request.
  Time since last request: 0.000017 seconds.
  path: Assets/Sprites/ActualSprites/FireGoingOut.png
  artifactKey: Guid(90af1393b9f06e8439377c82a9d71d47) Importer(2089858483,0ecaa5967403d082aa24f35e1b516d23)
Start importing Assets/Sprites/ActualSprites/FireGoingOut.png using Guid(90af1393b9f06e8439377c82a9d71d47) Importer(2089858483,0ecaa5967403d082aa24f35e1b516d23)  -> (artifact id: '4e9a29aa1940dde86311563dbe05521d') in 0.022505 seconds
Number of updated asset objects reloaded before import = 0
Number of asset objects unloaded after import = 5
========================================================================
Received Import Request.
  Time since last request: 0.000022 seconds.
  path: Assets/Sprites/ActualSprites/ArrowD.png
  artifactKey: Guid(10f531e86d761b540b8eef4783fca018) Importer(2089858483,0ecaa5967403d082aa24f35e1b516d23)
Start importing Assets/Sprites/ActualSprites/ArrowD.png using Guid(10f531e86d761b540b8eef4783fca018) Importer(2089858483,0ecaa5967403d082aa24f35e1b516d23)  -> (artifact id: '87e66ee053f46c9241e518a3386ea916') in 0.016760 seconds
Number of updated asset objects reloaded before import = 0
Number of asset objects unloaded after import = 3
========================================================================
Received Import Request.
  Time since last request: 0.000022 seconds.
  path: Assets/Material/Heart 1.mat
  artifactKey: Guid(5d9ac71ae9ed3fd4989d06a149c440ac) Importer(2089858483,0ecaa5967403d082aa24f35e1b516d23)
Start importing Assets/Material/Heart 1.mat using Guid(5d9ac71ae9ed3fd4989d06a149c440ac) Importer(2089858483,0ecaa5967403d082aa24f35e1b516d23)  -> (artifact id: '54dd05f5ab61f2167dc22181158071c0') in 0.023058 seconds
Number of updated asset objects reloaded before import = 0
Number of asset objects unloaded after import = 2
========================================================================
Received Import Request.
  Time since last request: 0.000020 seconds.
  path: Assets/Prefabs/Effects/Neptune.prefab
  artifactKey: Guid(49998f40773bf4148bfbe551ffad5f3c) Importer(2089858483,0ecaa5967403d082aa24f35e1b516d23)
Start importing Assets/Prefabs/Effects/Neptune.prefab using Guid(49998f40773bf4148bfbe551ffad5f3c) Importer(2089858483,0ecaa5967403d082aa24f35e1b516d23)  -> (artifact id: 'b7e599ddbb00c846c842ad979d766460') in 0.023013 seconds
Number of updated asset objects reloaded before import = 0
Number of asset objects unloaded after import = 11
========================================================================
Received Import Request.
  Time since last request: 0.000022 seconds.
  path: Assets/Audio/FlowerChangePhase.wav
  artifactKey: Guid(97be3f4bd876832408a003c5c8c5eda1) Importer(2089858483,0ecaa5967403d082aa24f35e1b516d23)
Start importing Assets/Audio/FlowerChangePhase.wav using Guid(97be3f4bd876832408a003c5c8c5eda1) Importer(2089858483,0ecaa5967403d082aa24f35e1b516d23)  -> (artifact id: 'a0b7e739b7ce2f822e8490e11399e214') in 0.041874 seconds
Number of updated asset objects reloaded before import = 0
Number of asset objects unloaded after import = 1
========================================================================
Received Import Request.
  Time since last request: 126.599504 seconds.
  path: Assets/Sprites/ActualSprites/ArrowD.png
  artifactKey: Guid(10f531e86d761b540b8eef4783fca018) Importer(815301076,1909f56bfc062723c751e8b465ee728b)
Start importing Assets/Sprites/ActualSprites/ArrowD.png using Guid(10f531e86d761b540b8eef4783fca018) Importer(815301076,1909f56bfc062723c751e8b465ee728b)  -> (artifact id: 'c86b326cd91eb89a79a6d2030968c0df') in 0.058095 seconds
Number of updated asset objects reloaded before import = 0
Number of asset objects unloaded after import = 3
========================================================================
Received Import Request.
  Time since last request: 0.000024 seconds.
  path: Assets/Sprites/ActualSprites/HeartBar.png
  artifactKey: Guid(f58e00f0553d82b488e8dd2d766f5cca) Importer(815301076,1909f56bfc062723c751e8b465ee728b)
Start importing Assets/Sprites/ActualSprites/HeartBar.png using Guid(f58e00f0553d82b488e8dd2d766f5cca) Importer(815301076,1909f56bfc062723c751e8b465ee728b)  -> (artifact id: '37d2eedfada11a699497b8741dd24ff8') in 0.019016 seconds
Number of updated asset objects reloaded before import = 0
Number of asset objects unloaded after import = 3
========================================================================
Received Import Request.
  Time since last request: 0.000056 seconds.
  path: Assets/Sprites/ActualSprites/FireFiring.png
  artifactKey: Guid(0baa8e1dda5ebdd488605b162f750566) Importer(815301076,1909f56bfc062723c751e8b465ee728b)
Start importing Assets/Sprites/ActualSprites/FireFiring.png using Guid(0baa8e1dda5ebdd488605b162f750566) Importer(815301076,1909f56bfc062723c751e8b465ee728b)  -> (artifact id: '939989d6c0b9432c250b88e2d6915c31') in 0.029226 seconds
Number of updated asset objects reloaded before import = 0
Number of asset objects unloaded after import = 5
========================================================================
Received Import Request.
  Time since last request: 0.000018 seconds.
  path: Assets/Sprites/ActualSprites/BlackHole.png
  artifactKey: Guid(c28dd357da0ec9142bc67d9ecf0facfc) Importer(815301076,1909f56bfc062723c751e8b465ee728b)
Start importing Assets/Sprites/ActualSprites/BlackHole.png using Guid(c28dd357da0ec9142bc67d9ecf0facfc) Importer(815301076,1909f56bfc062723c751e8b465ee728b)  -> (artifact id: '1f27459ca8aad245c0cf45038b69d8bb') in 0.081801 seconds
Number of updated asset objects reloaded before import = 0
Number of asset objects unloaded after import = 12
========================================================================
Received Import Request.
  Time since last request: 0.000018 seconds.
  path: Assets/Sprites/ActualSprites/FrogPot.png
  artifactKey: Guid(e05d11107f0043946a73b4847289d3e9) Importer(815301076,1909f56bfc062723c751e8b465ee728b)
Start importing Assets/Sprites/ActualSprites/FrogPot.png using Guid(e05d11107f0043946a73b4847289d3e9) Importer(815301076,1909f56bfc062723c751e8b465ee728b)  -> (artifact id: '80f55d398f7a7dc8b6f3e9864849dd34') in 0.094586 seconds
Number of updated asset objects reloaded before import = 0
Number of asset objects unloaded after import = 11
========================================================================
Received Import Request.
  Time since last request: 0.000028 seconds.
  path: Assets/Sprites/ExSprites/leika.png
  artifactKey: Guid(a25b96383e74f0d4682188f72b8f100b) Importer(815301076,1909f56bfc062723c751e8b465ee728b)
Start importing Assets/Sprites/ExSprites/leika.png using Guid(a25b96383e74f0d4682188f72b8f100b) Importer(815301076,1909f56bfc062723c751e8b465ee728b)  -> (artifact id: 'd429e4efb9e8cbaf6c2f9091a01d9693') in 0.018250 seconds
Number of updated asset objects reloaded before import = 0
Number of asset objects unloaded after import = 3
========================================================================
Received Import Request.
  Time since last request: 0.000029 seconds.
  path: Assets/Sprites/ActualSprites/FrogNewStageSprite.png
  artifactKey: Guid(083f60abaf18e9b44993e1a48f1ed7bb) Importer(815301076,1909f56bfc062723c751e8b465ee728b)
Start importing Assets/Sprites/ActualSprites/FrogNewStageSprite.png using Guid(083f60abaf18e9b44993e1a48f1ed7bb) Importer(815301076,1909f56bfc062723c751e8b465ee728b)  -> (artifact id: 'd13e67a7a519c01c0e53348f6e5f5061') in 0.016498 seconds
Number of updated asset objects reloaded before import = 0
Number of asset objects unloaded after import = 3
========================================================================
Received Import Request.
  Time since last request: 0.000018 seconds.
  path: Assets/Sprites/ActualSprites/Parts/Heart2.png
  artifactKey: Guid(d1051864b0b23f84c8f6d1c9e2bc071b) Importer(815301076,1909f56bfc062723c751e8b465ee728b)
Start importing Assets/Sprites/ActualSprites/Parts/Heart2.png using Guid(d1051864b0b23f84c8f6d1c9e2bc071b) Importer(815301076,1909f56bfc062723c751e8b465ee728b)  -> (artifact id: 'eddeabc2d1887021279d1398bcdd69ac') in 0.019611 seconds
Number of updated asset objects reloaded before import = 0
Number of asset objects unloaded after import = 3
========================================================================
Received Import Request.
  Time since last request: 0.000019 seconds.
  path: Assets/Sprites/ActualSprites/Leika.png
  artifactKey: Guid(9213b7fa70f2d02418ffa66ee198bc7e) Importer(815301076,1909f56bfc062723c751e8b465ee728b)
Start importing Assets/Sprites/ActualSprites/Leika.png using Guid(9213b7fa70f2d02418ffa66ee198bc7e) Importer(815301076,1909f56bfc062723c751e8b465ee728b)  -> (artifact id: '61fe9dfea49eb003ef354faa4173a099') in 0.020975 seconds
Number of updated asset objects reloaded before import = 0
Number of asset objects unloaded after import = 4
========================================================================
Received Import Request.
  Time since last request: 0.000020 seconds.
  path: Assets/Sprites/ActualSprites/Hearts.png
  artifactKey: Guid(c48ebd469fb1b53489cb72405e304fd8) Importer(815301076,1909f56bfc062723c751e8b465ee728b)
Start importing Assets/Sprites/ActualSprites/Hearts.png using Guid(c48ebd469fb1b53489cb72405e304fd8) Importer(815301076,1909f56bfc062723c751e8b465ee728b)  -> (artifact id: '5affcc53a65c82799481af8f3b939cf7') in 0.022174 seconds
Number of updated asset objects reloaded before import = 0
Number of asset objects unloaded after import = 5
========================================================================
Received Import Request.
  Time since last request: 0.000021 seconds.
  path: Assets/Sprites/ActualSprites/Parts/brokenheart1.png
  artifactKey: Guid(c668d189320686347a09c640cd95cc58) Importer(815301076,1909f56bfc062723c751e8b465ee728b)
Start importing Assets/Sprites/ActualSprites/Parts/brokenheart1.png using Guid(c668d189320686347a09c640cd95cc58) Importer(815301076,1909f56bfc062723c751e8b465ee728b)  -> (artifact id: '3fbfff63871e50ebcd5d37fff5e8506b') in 0.013018 seconds
Number of updated asset objects reloaded before import = 0
Number of asset objects unloaded after import = 3
========================================================================
Received Import Request.
  Time since last request: 0.000019 seconds.
  path: Assets/Sprites/ActualSprites/Parts/Heart3.png
  artifactKey: Guid(75e877cf5c895fd4287e2b20760bb5f5) Importer(815301076,1909f56bfc062723c751e8b465ee728b)
Start importing Assets/Sprites/ActualSprites/Parts/Heart3.png using Guid(75e877cf5c895fd4287e2b20760bb5f5) Importer(815301076,1909f56bfc062723c751e8b465ee728b)  -> (artifact id: 'a4d589e1ba9aa41945f5c7d479f55c2d') in 0.016304 seconds
Number of updated asset objects reloaded before import = 0
Number of asset objects unloaded after import = 3
========================================================================
Received Import Request.
  Time since last request: 0.000018 seconds.
  path: Assets/Sprites/ActualSprites/Floor.png
  artifactKey: Guid(e7624d49f17a9ea49901fef146173904) Importer(815301076,1909f56bfc062723c751e8b465ee728b)
Start importing Assets/Sprites/ActualSprites/Floor.png using Guid(e7624d49f17a9ea49901fef146173904) Importer(815301076,1909f56bfc062723c751e8b465ee728b)  -> (artifact id: '1d6f0b1c00496f9d8abb12f37206bb61') in 0.012433 seconds
Number of updated asset objects reloaded before import = 0
Number of asset objects unloaded after import = 3
========================================================================
Received Import Request.
  Time since last request: 0.000018 seconds.
  path: Assets/Sprites/ActualSprites/FireGoingOut.png
  artifactKey: Guid(90af1393b9f06e8439377c82a9d71d47) Importer(815301076,1909f56bfc062723c751e8b465ee728b)
Start importing Assets/Sprites/ActualSprites/FireGoingOut.png using Guid(90af1393b9f06e8439377c82a9d71d47) Importer(815301076,1909f56bfc062723c751e8b465ee728b)  -> (artifact id: 'db3c283359d038e79a08e2c738024e87') in 0.019958 seconds
Number of updated asset objects reloaded before import = 0
Number of asset objects unloaded after import = 5
========================================================================
Received Import Request.
  Time since last request: 0.000017 seconds.
  path: Assets/Sprites/ActualSprites/MainMenuButtons.png
  artifactKey: Guid(9bbef5225fca88b4b99079377d3c1162) Importer(815301076,1909f56bfc062723c751e8b465ee728b)
Start importing Assets/Sprites/ActualSprites/MainMenuButtons.png using Guid(9bbef5225fca88b4b99079377d3c1162) Importer(815301076,1909f56bfc062723c751e8b465ee728b)  -> (artifact id: '0ce9bc6b8b717bb02a81d53cfb4c65a1') in 0.020185 seconds
Number of updated asset objects reloaded before import = 0
Number of asset objects unloaded after import = 4
========================================================================
Received Import Request.
  Time since last request: 0.657816 seconds.
  path: Assets/Sprites/ExSprites/planets.png
  artifactKey: Guid(3b8cc62ba3e8a234eb58721c3800308b) Importer(815301076,1909f56bfc062723c751e8b465ee728b)
Start importing Assets/Sprites/ExSprites/planets.png using Guid(3b8cc62ba3e8a234eb58721c3800308b) Importer(815301076,1909f56bfc062723c751e8b465ee728b)  -> (artifact id: '7e7ff794549ae73ee756207a9e113c2d') in 0.015025 seconds
Number of updated asset objects reloaded before import = 0
Number of asset objects unloaded after import = 3
========================================================================
Received Import Request.
  Time since last request: 0.000023 seconds.
  path: Assets/Sprites/ActualSprites/SomeFlowerSht.png
  artifactKey: Guid(6c9018b0f375ded4eb47b9edc7682d67) Importer(815301076,1909f56bfc062723c751e8b465ee728b)
Start importing Assets/Sprites/ActualSprites/SomeFlowerSht.png using Guid(6c9018b0f375ded4eb47b9edc7682d67) Importer(815301076,1909f56bfc062723c751e8b465ee728b)  -> (artifact id: 'a7b4a7c309f1997e78d198d9262b58c7') in 0.028360 seconds
Number of updated asset objects reloaded before import = 0
Number of asset objects unloaded after import = 10
========================================================================
Received Import Request.
  Time since last request: 0.000037 seconds.
  path: Assets/Sprites/ActualSprites/SmokeFireEx.png
  artifactKey: Guid(0af4ef0991363664a8d502dfc50c0b0d) Importer(815301076,1909f56bfc062723c751e8b465ee728b)
Start importing Assets/Sprites/ActualSprites/SmokeFireEx.png using Guid(0af4ef0991363664a8d502dfc50c0b0d) Importer(815301076,1909f56bfc062723c751e8b465ee728b)  -> (artifact id: '46c18176d47574ee3785bc6c0c3da95a') in 0.015454 seconds
Number of updated asset objects reloaded before import = 0
Number of asset objects unloaded after import = 3
========================================================================
Received Import Request.
  Time since last request: 0.023223 seconds.
  path: Assets/Sprites/ActualSprites/TomatoFlesh.png
  artifactKey: Guid(a6b0698170f032147b67732ab27b8af8) Importer(815301076,1909f56bfc062723c751e8b465ee728b)
Start importing Assets/Sprites/ActualSprites/TomatoFlesh.png using Guid(a6b0698170f032147b67732ab27b8af8) Importer(815301076,1909f56bfc062723c751e8b465ee728b)  -> (artifact id: '7ae0b1686c15655ae367f51d745755e8') in 0.019397 seconds
Number of updated asset objects reloaded before import = 0
Number of asset objects unloaded after import = 5
========================================================================
Received Import Request.
  Time since last request: 0.000035 seconds.
  path: Assets/Sprites/ActualSprites/TomatoFleshP1.png
  artifactKey: Guid(3565f28cac2beac4684d7517ecbf3783) Importer(815301076,1909f56bfc062723c751e8b465ee728b)
Start importing Assets/Sprites/ActualSprites/TomatoFleshP1.png using Guid(3565f28cac2beac4684d7517ecbf3783) Importer(815301076,1909f56bfc062723c751e8b465ee728b)  -> (artifact id: '341c8e5b6739c4c2628450dacc2046fc') in 0.019370 seconds
Number of updated asset objects reloaded before import = 0
Number of asset objects unloaded after import = 3
========================================================================
Received Import Request.
  Time since last request: 0.000017 seconds.
  path: Assets/Sprites/ActualSprites/TomatoFleshP3.png
  artifactKey: Guid(e068b97037266c04e8720825cee64c36) Importer(815301076,1909f56bfc062723c751e8b465ee728b)
Start importing Assets/Sprites/ActualSprites/TomatoFleshP3.png using Guid(e068b97037266c04e8720825cee64c36) Importer(815301076,1909f56bfc062723c751e8b465ee728b)  -> (artifact id: 'f44432ad8962cabbf25d04ddce290b16') in 0.014999 seconds
Number of updated asset objects reloaded before import = 0
Number of asset objects unloaded after import = 3
Editor requested this worker to shutdown with reason: Scaling down because of idle timeout
TcpMessagingSession - receive error: operation aborted. errorcode: 995, details:  /   -       .
AssetImportWorker is now disconnected from the server
Process exiting
Exiting without the bug reporter. Application will terminate with return code 0