Using pre-set license
Built from '2022.3/staging' branch; Version is '2022.3.30f1 (70558241b701) revision 7361922'; Using compiler version '192829333'; Build Type 'Release'
OS: 'Windows 11  (10.0.22631) 64bit Professional' Language: 'ru' Physical Memory: 15581 MB
BatchMode: 1, IsHumanControllingUs: 0, StartBugReporterOnCrash: 0, Is64bit: 1, IsPro: 1

COMMAND LINE ARGUMENTS:
C:\Program Files\Unity\Hub\Editor\2022.3.30f1\Editor\Unity.exe
-adb2
-batchMode
-noUpm
-name
AssetImportWorker3
-projectPath
C:/Users/Miguel/Documents/GitHub/HellGarden/HellGarden
-logFile
Logs/AssetImportWorker3.log
-srvPort
57722
Successfully changed project path to: C:/Users/Miguel/Documents/GitHub/HellGarden/HellGarden
C:/Users/Miguel/Documents/GitHub/HellGarden/HellGarden
[UnityMemory] Configuration Parameters - Can be set up in boot.config
    "memorysetup-bucket-allocator-granularity=16"
    "memorysetup-bucket-allocator-bucket-count=8"
    "memorysetup-bucket-allocator-block-size=33554432"
    "memorysetup-bucket-allocator-block-count=8"
    "memorysetup-main-allocator-block-size=16777216"
    "memorysetup-thread-allocator-block-size=16777216"
    "memorysetup-gfx-main-allocator-block-size=16777216"
    "memorysetup-gfx-thread-allocator-block-size=16777216"
    "memorysetup-cache-allocator-block-size=4194304"
    "memorysetup-typetree-allocator-block-size=2097152"
    "memorysetup-profiler-bucket-allocator-granularity=16"
    "memorysetup-profiler-bucket-allocator-bucket-count=8"
    "memorysetup-profiler-bucket-allocator-block-size=33554432"
    "memorysetup-profiler-bucket-allocator-block-count=8"
    "memorysetup-profiler-allocator-block-size=16777216"
    "memorysetup-profiler-editor-allocator-block-size=1048576"
    "memorysetup-temp-allocator-size-main=16777216"
    "memorysetup-job-temp-allocator-block-size=2097152"
    "memorysetup-job-temp-allocator-block-size-background=1048576"
    "memorysetup-job-temp-allocator-reduction-small-platforms=262144"
    "memorysetup-allocator-temp-initial-block-size-main=262144"
    "memorysetup-allocator-temp-initial-block-size-worker=262144"
    "memorysetup-temp-allocator-size-background-worker=32768"
    "memorysetup-temp-allocator-size-job-worker=262144"
    "memorysetup-temp-allocator-size-preload-manager=33554432"
    "memorysetup-temp-allocator-size-nav-mesh-worker=65536"
    "memorysetup-temp-allocator-size-audio-worker=65536"
    "memorysetup-temp-allocator-size-cloud-worker=32768"
    "memorysetup-temp-allocator-size-gi-baking-worker=262144"
    "memorysetup-temp-allocator-size-gfx=262144"
Player connection [16228] Host "[IP] 192.168.1.35 [Port] 0 [Flags] 2 [Guid] 932065397 [EditorId] 932065397 [Version] 1048832 [Id] WindowsEditor(7,DESKTOP-FV6FI5A) [Debug] 1 [PackageName] WindowsEditor [ProjectName] Editor" joined multi-casting on [225.0.0.222:54997]...

Player connection [16228] Host "[IP] 192.168.1.35 [Port] 0 [Flags] 2 [Guid] 932065397 [EditorId] 932065397 [Version] 1048832 [Id] WindowsEditor(7,DESKTOP-FV6FI5A) [Debug] 1 [PackageName] WindowsEditor [ProjectName] Editor" joined alternative multi-casting on [225.0.0.222:34997]...

[Physics::Module] Initialized MultithreadedJobDispatcher with 15 workers.
Refreshing native plugins compatible for Editor in 249.94 ms, found 4 plugins.
Preloading 0 native plugins for Editor in 0.00 ms.
Initialize engine version: 2022.3.30f1 (70558241b701)
[Subsystems] Discovering subsystems at path C:/Program Files/Unity/Hub/Editor/2022.3.30f1/Editor/Data/Resources/UnitySubsystems
[Subsystems] Discovering subsystems at path C:/Users/Miguel/Documents/GitHub/HellGarden/HellGarden/Assets
GfxDevice: creating device client; threaded=0; jobified=0
Direct3D:
    Version:  Direct3D 11.0 [level 11.1]
    Renderer: NVIDIA GeForce RTX 4050 Laptop GPU (ID=0x28a1)
    Vendor:   NVIDIA
    VRAM:     5921 MB
    Driver:   32.0.15.5585
Initialize mono
Mono path[0] = 'C:/Program Files/Unity/Hub/Editor/2022.3.30f1/Editor/Data/Managed'
Mono path[1] = 'C:/Program Files/Unity/Hub/Editor/2022.3.30f1/Editor/Data/MonoBleedingEdge/lib/mono/unityjit-win32'
Mono config path = 'C:/Program Files/Unity/Hub/Editor/2022.3.30f1/Editor/Data/MonoBleedingEdge/etc'
Using monoOptions --debugger-agent=transport=dt_socket,embedding=1,server=y,suspend=n,address=127.0.0.1:56044
Begin MonoManager ReloadAssembly
Registering precompiled unity dll's ...
Register platform support module: C:/Program Files/Unity/Hub/Editor/2022.3.30f1/Editor/Data/PlaybackEngines/WebGLSupport/UnityEditor.WebGL.Extensions.dll
Register platform support module: C:/Program Files/Unity/Hub/Editor/2022.3.30f1/Editor/Data/PlaybackEngines/WindowsStandaloneSupport/UnityEditor.WindowsStandalone.Extensions.dll
Registered in 0.007452 seconds.
- Loaded All Assemblies, in  0.444 seconds
Native extension for WindowsStandalone target not found
Native extension for WebGL target not found
Mono: successfully reloaded assembly
- Finished resetting the current domain, in  0.206 seconds
Domain Reload Profiling: 648ms
	BeginReloadAssembly (88ms)
		ExecutionOrderSort (0ms)
		DisableScriptedObjects (0ms)
		BackupInstance (0ms)
		ReleaseScriptingObjects (0ms)
		CreateAndSetChildDomain (1ms)
	RebuildCommonClasses (27ms)
	RebuildNativeTypeToScriptingClass (8ms)
	initialDomainReloadingComplete (45ms)
	LoadAllAssembliesAndSetupDomain (274ms)
		LoadAssemblies (86ms)
		RebuildTransferFunctionScriptingTraits (0ms)
		AnalyzeDomain (272ms)
			TypeCache.Refresh (271ms)
				TypeCache.ScanAssembly (260ms)
			ScanForSourceGeneratedMonoScriptInfo (0ms)
			ResolveRequiredComponents (0ms)
	FinalizeReload (206ms)
		ReleaseScriptCaches (0ms)
		RebuildScriptCaches (0ms)
		SetupLoadedEditorAssemblies (165ms)
			LogAssemblyErrors (0ms)
			InitializePlatformSupportModulesInManaged (8ms)
			SetLoadedEditorAssemblies (5ms)
			RefreshPlugins (0ms)
			BeforeProcessingInitializeOnLoad (1ms)
			ProcessInitializeOnLoadAttributes (109ms)
			ProcessInitializeOnLoadMethodAttributes (42ms)
			AfterProcessingInitializeOnLoad (0ms)
			EditorAssembliesLoaded (0ms)
		ExecutionOrderSort2 (0ms)
		AwakeInstancesAfterBackupRestoration (0ms)
========================================================================
Worker process is ready to serve import requests
Begin MonoManager ReloadAssembly
- Loaded All Assemblies, in  0.798 seconds
Refreshing native plugins compatible for Editor in 7.34 ms, found 4 plugins.
Native extension for WindowsStandalone target not found
Native extension for WebGL target not found
Package Manager log level set to [2]
[Package Manager] Server::EnsureServerProcessIsRunning -- launch failed, reason: Unity was launched with the -noUpm command-line argument
[Package Manager] UpmClient::Send -- Unable to send message (not connected to UPM process).
[Package Manager] Cannot connect to Unity Package Manager local server
Mono: successfully reloaded assembly
- Finished resetting the current domain, in  0.570 seconds
Domain Reload Profiling: 1364ms
	BeginReloadAssembly (152ms)
		ExecutionOrderSort (0ms)
		DisableScriptedObjects (4ms)
		BackupInstance (0ms)
		ReleaseScriptingObjects (0ms)
		CreateAndSetChildDomain (23ms)
	RebuildCommonClasses (24ms)
	RebuildNativeTypeToScriptingClass (9ms)
	initialDomainReloadingComplete (38ms)
	LoadAllAssembliesAndSetupDomain (570ms)
		LoadAssemblies (420ms)
		RebuildTransferFunctionScriptingTraits (0ms)
		AnalyzeDomain (246ms)
			TypeCache.Refresh (216ms)
				TypeCache.ScanAssembly (144ms)
			ScanForSourceGeneratedMonoScriptInfo (22ms)
			ResolveRequiredComponents (7ms)
	FinalizeReload (571ms)
		ReleaseScriptCaches (0ms)
		RebuildScriptCaches (0ms)
		SetupLoadedEditorAssemblies (434ms)
			LogAssemblyErrors (0ms)
			InitializePlatformSupportModulesInManaged (6ms)
			SetLoadedEditorAssemblies (4ms)
			RefreshPlugins (0ms)
			BeforeProcessingInitializeOnLoad (68ms)
			ProcessInitializeOnLoadAttributes (291ms)
			ProcessInitializeOnLoadMethodAttributes (59ms)
			AfterProcessingInitializeOnLoad (6ms)
			EditorAssembliesLoaded (0ms)
		ExecutionOrderSort2 (0ms)
		AwakeInstancesAfterBackupRestoration (4ms)
Launched and connected shader compiler UnityShaderCompiler.exe after 0.06 seconds
Refreshing native plugins compatible for Editor in 5.52 ms, found 4 plugins.
Preloading 0 native plugins for Editor in 0.00 ms.
Unloading 5710 Unused Serialized files (Serialized files now loaded: 0)
Unloading 99 unused Assets / (0.6 MB). Loaded Objects now: 6174.
Memory consumption went from 227.0 MB to 226.5 MB.
Total: 5.305000 ms (FindLiveObjects: 0.594400 ms CreateObjectMapping: 0.130300 ms MarkObjects: 3.785200 ms  DeleteObjects: 0.793500 ms)

AssetImportParameters requested are different than current active one (requested -> active):
  custom:container-demuxer-ogg: 62fdf1f143b41e24485cea50d1cbac27 -> 
  custom:video-codec-MediaFoundation-h265: 746d11721c4dcdbdad8f713fa42b33f4 -> 
  custom:video-decoder-ogg-theora: a1e56fd34408186e4bbccfd4996cb3dc -> 
  custom:framework-win-MediaFoundation: 216162199b28c13a410421893ffa2e32 -> 
  custom:CustomObjectIndexerAttribute: 72b91833f83ae208fae7752999fa3104 -> 
  custom:container-demuxer-webm: 4f35f7cbe854078d1ac9338744f61a02 -> 
  custom:container-muxer-webm: aa71ff27fc2769a1b78a27578f13a17b -> 
  custom:video-decoder-webm-vp8: 9c59270c3fd7afecdb556c50c9e8de78 -> 
  custom:SearchIndexIgnoredProperties: e643bd26f0fe6173181afceb89e7c659 -> 
  custom:AudioImporter_EditorPlatform: d09bf68614088b80899f8185d706f6e7 -> 
  custom:video-encoder-webm-vp8: eb34c28f22e8b96e1ab97ce403110664 -> 
  custom:audio-decoder-ogg-vorbis: bf7c407c2cedff20999df2af8eb42d56 -> 
  custom:audio-encoder-webm-vorbis: bf7c407c2cedff20999df2af8eb42d56 -> 
========================================================================
Received Import Request.
  Time since last request: 633289.772693 seconds.
  path: Assets/Sprites/ActualSprites/HeartBar.png
  artifactKey: Guid(f58e00f0553d82b488e8dd2d766f5cca) Importer(2089858483,0ecaa5967403d082aa24f35e1b516d23)
Start importing Assets/Sprites/ActualSprites/HeartBar.png using Guid(f58e00f0553d82b488e8dd2d766f5cca) Importer(2089858483,0ecaa5967403d082aa24f35e1b516d23)  -> (artifact id: '434cdb44bfece31fe0118af5fb9d9a6a') in 0.213478 seconds
Number of updated asset objects reloaded before import = 0
Number of asset objects unloaded after import = 3
========================================================================
Received Import Request.
  Time since last request: 0.000031 seconds.
  path: Assets/Audio/TomatoCry3.wav
  artifactKey: Guid(78756f48d6d63e149aeb20a732975619) Importer(2089858483,0ecaa5967403d082aa24f35e1b516d23)
Start importing Assets/Audio/TomatoCry3.wav using Guid(78756f48d6d63e149aeb20a732975619) Importer(2089858483,0ecaa5967403d082aa24f35e1b516d23)  -> (artifact id: '7b7a8b75cb53f9f9ec5b5b1aa65081c6') in 0.027554 seconds
Number of updated asset objects reloaded before import = 0
Number of asset objects unloaded after import = 1
========================================================================
Received Import Request.
  Time since last request: 0.000018 seconds.
  path: Assets/Scripts/Flower/BlackHoleFlower.cs
  artifactKey: Guid(d98546e70e280ec47b6e80e59a4ca695) Importer(2089858483,0ecaa5967403d082aa24f35e1b516d23)
Start importing Assets/Scripts/Flower/BlackHoleFlower.cs using Guid(d98546e70e280ec47b6e80e59a4ca695) Importer(2089858483,0ecaa5967403d082aa24f35e1b516d23)  -> (artifact id: 'e2c2c403fc1a49cfb73a26c068a4b8f8') in 0.013635 seconds
Number of updated asset objects reloaded before import = 0
Number of asset objects unloaded after import = 1
========================================================================
Received Import Request.
  Time since last request: 0.000021 seconds.
  path: Assets/TextMesh Pro/Shaders/TMPro_Mobile.cginc
  artifactKey: Guid(c334973cef89a9840b0b0c507e0377ab) Importer(2089858483,0ecaa5967403d082aa24f35e1b516d23)
Start importing Assets/TextMesh Pro/Shaders/TMPro_Mobile.cginc using Guid(c334973cef89a9840b0b0c507e0377ab) Importer(2089858483,0ecaa5967403d082aa24f35e1b516d23)  -> (artifact id: 'f842e926cbf6fe687f3060bec47f05ae') in 0.017879 seconds
Number of updated asset objects reloaded before import = 0
Number of asset objects unloaded after import = 1
========================================================================
Received Import Request.
  Time since last request: 0.000088 seconds.
  path: Assets/Sprites/ActualSprites/NewCereal.png
  artifactKey: Guid(bd95895e880260b4cba8d9769ac64d86) Importer(2089858483,0ecaa5967403d082aa24f35e1b516d23)
Start importing Assets/Sprites/ActualSprites/NewCereal.png using Guid(bd95895e880260b4cba8d9769ac64d86) Importer(2089858483,0ecaa5967403d082aa24f35e1b516d23)  -> (artifact id: '287cf2050b9b1dc46ed6bff51a71ec92') in 0.024198 seconds
Number of updated asset objects reloaded before import = 0
Number of asset objects unloaded after import = 4
========================================================================
Received Import Request.
  Time since last request: 0.000019 seconds.
  path: Assets/Sprites/ActualSprites/IcePack.png
  artifactKey: Guid(06ae438ee0734aa458ba7f0f059a4438) Importer(2089858483,0ecaa5967403d082aa24f35e1b516d23)
Start importing Assets/Sprites/ActualSprites/IcePack.png using Guid(06ae438ee0734aa458ba7f0f059a4438) Importer(2089858483,0ecaa5967403d082aa24f35e1b516d23)  -> (artifact id: 'c2b8746e437f89cddc5633630fb89dc6') in 0.032027 seconds
Number of updated asset objects reloaded before import = 0
Number of asset objects unloaded after import = 6
========================================================================
Received Import Request.
  Time since last request: 0.000026 seconds.
  path: Assets/TextMesh Pro/Fonts/LiberationSans.ttf
  artifactKey: Guid(e3265ab4bf004d28a9537516768c1c75) Importer(2089858483,0ecaa5967403d082aa24f35e1b516d23)
Start importing Assets/TextMesh Pro/Fonts/LiberationSans.ttf using Guid(e3265ab4bf004d28a9537516768c1c75) Importer(2089858483,0ecaa5967403d082aa24f35e1b516d23)  -> (artifact id: '1079d2da4be794a697c4a276eeb1b0b2') in 0.034793 seconds
Number of updated asset objects reloaded before import = 0
Number of asset objects unloaded after import = 3
========================================================================
Received Import Request.
  Time since last request: 0.000023 seconds.
  path: Assets/Sprites/ActualSprites/SmokeFireEx.png
  artifactKey: Guid(0af4ef0991363664a8d502dfc50c0b0d) Importer(2089858483,0ecaa5967403d082aa24f35e1b516d23)
Start importing Assets/Sprites/ActualSprites/SmokeFireEx.png using Guid(0af4ef0991363664a8d502dfc50c0b0d) Importer(2089858483,0ecaa5967403d082aa24f35e1b516d23)  -> (artifact id: 'd1d77536248a76013f15c74cf00ce588') in 0.021391 seconds
Number of updated asset objects reloaded before import = 0
Number of asset objects unloaded after import = 3
========================================================================
Received Import Request.
  Time since last request: 0.000023 seconds.
  path: Assets/Sprites/ExSprites/planets.png
  artifactKey: Guid(3b8cc62ba3e8a234eb58721c3800308b) Importer(2089858483,0ecaa5967403d082aa24f35e1b516d23)
Start importing Assets/Sprites/ExSprites/planets.png using Guid(3b8cc62ba3e8a234eb58721c3800308b) Importer(2089858483,0ecaa5967403d082aa24f35e1b516d23)  -> (artifact id: '03640f8a51162b3aae7b7ecfd384a6e7') in 0.017906 seconds
Number of updated asset objects reloaded before import = 0
Number of asset objects unloaded after import = 3
========================================================================
Received Import Request.
  Time since last request: 0.000032 seconds.
  path: Assets/Scripts/RopeLine.cs
  artifactKey: Guid(13bc2a9274d24634d8bc13e370e0a55d) Importer(2089858483,0ecaa5967403d082aa24f35e1b516d23)
Start importing Assets/Scripts/RopeLine.cs using Guid(13bc2a9274d24634d8bc13e370e0a55d) Importer(2089858483,0ecaa5967403d082aa24f35e1b516d23)  -> (artifact id: 'c40103c1e46ef9da67922c6f1f6d0881') in 0.014381 seconds
Number of updated asset objects reloaded before import = 0
Number of asset objects unloaded after import = 1
========================================================================
Received Import Request.
  Time since last request: 0.000023 seconds.
  path: Assets/Audio/Plugin.mp3
  artifactKey: Guid(682a3bf1c96b3fb4dbf7facaff5d436e) Importer(2089858483,0ecaa5967403d082aa24f35e1b516d23)
Start importing Assets/Audio/Plugin.mp3 using Guid(682a3bf1c96b3fb4dbf7facaff5d436e) Importer(2089858483,0ecaa5967403d082aa24f35e1b516d23)  -> (artifact id: 'b1ec19f382400b97916cac5affd7323c') in 0.021937 seconds
Number of updated asset objects reloaded before import = 0
Number of asset objects unloaded after import = 1
========================================================================
Received Import Request.
  Time since last request: 0.000023 seconds.
  path: Assets/Scripts/Tomato.cs
  artifactKey: Guid(bc0f93d4825ed6041ae72d2e46575992) Importer(2089858483,0ecaa5967403d082aa24f35e1b516d23)
Start importing Assets/Scripts/Tomato.cs using Guid(bc0f93d4825ed6041ae72d2e46575992) Importer(2089858483,0ecaa5967403d082aa24f35e1b516d23)  -> (artifact id: '885f6baa70338af827645db768c05cf4') in 0.010960 seconds
Number of updated asset objects reloaded before import = 0
Number of asset objects unloaded after import = 1
========================================================================
Received Import Request.
  Time since last request: 0.000018 seconds.
  path: Assets/Scripts/BadTomato.cs
  artifactKey: Guid(20b27cb9ce5e29c4a897037789cfc62b) Importer(2089858483,0ecaa5967403d082aa24f35e1b516d23)
Start importing Assets/Scripts/BadTomato.cs using Guid(20b27cb9ce5e29c4a897037789cfc62b) Importer(2089858483,0ecaa5967403d082aa24f35e1b516d23)  -> (artifact id: '7599eff183cc96d2ed58ac1340d0c19d') in 0.011254 seconds
Number of updated asset objects reloaded before import = 0
Number of asset objects unloaded after import = 1
========================================================================
Received Import Request.
  Time since last request: 0.000021 seconds.
  path: Assets/Material/TomatoFlesh1.mat
  artifactKey: Guid(52c0d22f7af12ae439b4da60ee66c099) Importer(2089858483,0ecaa5967403d082aa24f35e1b516d23)
Start importing Assets/Material/TomatoFlesh1.mat using Guid(52c0d22f7af12ae439b4da60ee66c099) Importer(2089858483,0ecaa5967403d082aa24f35e1b516d23)  -> (artifact id: '1788f15aa9469fcabc33251049835ce3') in 0.029483 seconds
Number of updated asset objects reloaded before import = 0
Number of asset objects unloaded after import = 2
========================================================================
Received Import Request.
  Time since last request: 0.000021 seconds.
  path: Assets/Scripts/FlowerCode.cs
  artifactKey: Guid(7befc273a2426c347938899f42cb3e43) Importer(2089858483,0ecaa5967403d082aa24f35e1b516d23)
Start importing Assets/Scripts/FlowerCode.cs using Guid(7befc273a2426c347938899f42cb3e43) Importer(2089858483,0ecaa5967403d082aa24f35e1b516d23)  -> (artifact id: '159a9dc49352a95e85ade10abd2b9106') in 0.011155 seconds
Number of updated asset objects reloaded before import = 0
Number of asset objects unloaded after import = 1
========================================================================
Received Import Request.
  Time since last request: 0.000017 seconds.
  path: Assets/Audio/Frog_In.mp3
  artifactKey: Guid(e16a71de82505e648b4b50d21f6bf523) Importer(2089858483,0ecaa5967403d082aa24f35e1b516d23)
Start importing Assets/Audio/Frog_In.mp3 using Guid(e16a71de82505e648b4b50d21f6bf523) Importer(2089858483,0ecaa5967403d082aa24f35e1b516d23)  -> (artifact id: '0377efbb03386f66f093f6942ca30157') in 0.029702 seconds
Number of updated asset objects reloaded before import = 0
Number of asset objects unloaded after import = 1
========================================================================
Received Import Request.
  Time since last request: 0.000016 seconds.
  path: Assets/Sprites/ActualSprites/SomeFlowerSht.png
  artifactKey: Guid(6c9018b0f375ded4eb47b9edc7682d67) Importer(2089858483,0ecaa5967403d082aa24f35e1b516d23)
Start importing Assets/Sprites/ActualSprites/SomeFlowerSht.png using Guid(6c9018b0f375ded4eb47b9edc7682d67) Importer(2089858483,0ecaa5967403d082aa24f35e1b516d23)  -> (artifact id: '46fd8da2225358a731d6605a375d037f') in 0.023179 seconds
Number of updated asset objects reloaded before import = 0
Number of asset objects unloaded after import = 10
========================================================================
Received Import Request.
  Time since last request: 0.000022 seconds.
  path: Assets/Material/BroukenHeart 2.mat
  artifactKey: Guid(a7d1a9b8986c66543b403edc81501f9e) Importer(2089858483,0ecaa5967403d082aa24f35e1b516d23)
Start importing Assets/Material/BroukenHeart 2.mat using Guid(a7d1a9b8986c66543b403edc81501f9e) Importer(2089858483,0ecaa5967403d082aa24f35e1b516d23)  -> (artifact id: 'c10195b81e8a9b0901dfa6b97d0e8796') in 0.020548 seconds
Number of updated asset objects reloaded before import = 0
Number of asset objects unloaded after import = 2
========================================================================
Received Import Request.
  Time since last request: 0.000034 seconds.
  path: Assets/Audio/JabaSkrip4.mp3
  artifactKey: Guid(25a64d7cbaa9061429a5bc0403bfbe55) Importer(2089858483,0ecaa5967403d082aa24f35e1b516d23)
Start importing Assets/Audio/JabaSkrip4.mp3 using Guid(25a64d7cbaa9061429a5bc0403bfbe55) Importer(2089858483,0ecaa5967403d082aa24f35e1b516d23)  -> (artifact id: '14e66682f0fb22f3e0175f407c45142e') in 0.030796 seconds
Number of updated asset objects reloaded before import = 0
Number of asset objects unloaded after import = 1
========================================================================
Received Import Request.
  Time since last request: 0.000018 seconds.
  path: Assets/Prefabs/Effects/Tomato Fall Raw 1.prefab
  artifactKey: Guid(1f034892cea97d940878aa0de395f815) Importer(2089858483,0ecaa5967403d082aa24f35e1b516d23)
Start importing Assets/Prefabs/Effects/Tomato Fall Raw 1.prefab using Guid(1f034892cea97d940878aa0de395f815) Importer(2089858483,0ecaa5967403d082aa24f35e1b516d23)  -> (artifact id: '59e366d465c0c398341914f3219bb51b') in 0.024673 seconds
Number of updated asset objects reloaded before import = 0
Number of asset objects unloaded after import = 52
========================================================================
Received Import Request.
  Time since last request: 0.000017 seconds.
  path: Assets/PhisicMaterial/PlanetType2.physicsMaterial2D
  artifactKey: Guid(e134c2a92d86a2f4e949dbf1ae23b113) Importer(2089858483,0ecaa5967403d082aa24f35e1b516d23)
Start importing Assets/PhisicMaterial/PlanetType2.physicsMaterial2D using Guid(e134c2a92d86a2f4e949dbf1ae23b113) Importer(2089858483,0ecaa5967403d082aa24f35e1b516d23)  -> (artifact id: 'fdd450deec843fbce42d8297943f4df8') in 0.011458 seconds
Number of updated asset objects reloaded before import = 0
Number of asset objects unloaded after import = 1
========================================================================
Received Import Request.
  Time since last request: 0.000018 seconds.
  path: Assets/TextMesh Pro/Shaders/TMPro_Properties.cginc
  artifactKey: Guid(3997e2241185407d80309a82f9148466) Importer(2089858483,0ecaa5967403d082aa24f35e1b516d23)
Start importing Assets/TextMesh Pro/Shaders/TMPro_Properties.cginc using Guid(3997e2241185407d80309a82f9148466) Importer(2089858483,0ecaa5967403d082aa24f35e1b516d23)  -> (artifact id: 'e68cd05ab0b02beb9dcbeab99c930295') in 0.015521 seconds
Number of updated asset objects reloaded before import = 0
Number of asset objects unloaded after import = 1
========================================================================
Received Import Request.
  Time since last request: 0.000017 seconds.
  path: Assets/TextMesh Pro/Sprites/EmojiOne.json
  artifactKey: Guid(8f05276190cf498a8153f6cbe761d4e6) Importer(2089858483,0ecaa5967403d082aa24f35e1b516d23)
Start importing Assets/TextMesh Pro/Sprites/EmojiOne.json using Guid(8f05276190cf498a8153f6cbe761d4e6) Importer(2089858483,0ecaa5967403d082aa24f35e1b516d23)  -> (artifact id: '4dbf036d0a03046312e8d69388b30e8d') in 0.019483 seconds
Number of updated asset objects reloaded before import = 0
Number of asset objects unloaded after import = 1
========================================================================
Received Import Request.
  Time since last request: 0.000021 seconds.
  path: Assets/Animations/Items/Knife/Knife.controller
  artifactKey: Guid(ce582a8e59f97a74bad9bb4b6bf34dfe) Importer(2089858483,0ecaa5967403d082aa24f35e1b516d23)
Start importing Assets/Animations/Items/Knife/Knife.controller using Guid(ce582a8e59f97a74bad9bb4b6bf34dfe) Importer(2089858483,0ecaa5967403d082aa24f35e1b516d23)  -> (artifact id: '606213c4f1d192ac48f96e8bf5c41626') in 0.040068 seconds
Number of updated asset objects reloaded before import = 0
Number of asset objects unloaded after import = 6
========================================================================
Received Import Request.
  Time since last request: 0.000026 seconds.
  path: Assets/Sprites/ActualSprites/Parts/brokenheart3.png
  artifactKey: Guid(db1f83fe5c5c75e49a7c2ac1d1031c08) Importer(2089858483,0ecaa5967403d082aa24f35e1b516d23)
Start importing Assets/Sprites/ActualSprites/Parts/brokenheart3.png using Guid(db1f83fe5c5c75e49a7c2ac1d1031c08) Importer(2089858483,0ecaa5967403d082aa24f35e1b516d23)  -> (artifact id: 'dbb048076f681ce8699d09e96a0db284') in 0.016659 seconds
Number of updated asset objects reloaded before import = 0
Number of asset objects unloaded after import = 3
========================================================================
Received Import Request.
  Time since last request: 0.000021 seconds.
  path: Assets/Animations/Items/FireExtinguisher/AllSprites.controller
  artifactKey: Guid(247948143e9e6ba47a75b088bf2f712e) Importer(2089858483,0ecaa5967403d082aa24f35e1b516d23)
Start importing Assets/Animations/Items/FireExtinguisher/AllSprites.controller using Guid(247948143e9e6ba47a75b088bf2f712e) Importer(2089858483,0ecaa5967403d082aa24f35e1b516d23)  -> (artifact id: '4e7c52fd5c024206ccec5f1bbe723259') in 0.030042 seconds
Number of updated asset objects reloaded before import = 0
Number of asset objects unloaded after import = 6
========================================================================
Received Import Request.
  Time since last request: 0.000030 seconds.
  path: Assets/Animations/Flowers/BasicFlower/Okay.controller
  artifactKey: Guid(22de6e380371a624a8fbe12406fa77ea) Importer(2089858483,0ecaa5967403d082aa24f35e1b516d23)
Start importing Assets/Animations/Flowers/BasicFlower/Okay.controller using Guid(22de6e380371a624a8fbe12406fa77ea) Importer(2089858483,0ecaa5967403d082aa24f35e1b516d23)  -> (artifact id: '33892639f339136f5e9785cfeeafb46a') in 0.028210 seconds
Number of updated asset objects reloaded before import = 0
Number of asset objects unloaded after import = 4
========================================================================
Received Import Request.
  Time since last request: 0.000030 seconds.
  path: Assets/Sprites/ActualSprites/Parts/brokenheart1.png
  artifactKey: Guid(c668d189320686347a09c640cd95cc58) Importer(2089858483,0ecaa5967403d082aa24f35e1b516d23)
Start importing Assets/Sprites/ActualSprites/Parts/brokenheart1.png using Guid(c668d189320686347a09c640cd95cc58) Importer(2089858483,0ecaa5967403d082aa24f35e1b516d23)  -> (artifact id: '50ff6fb7314e8126ed6adb61acc6f5fb') in 0.017865 seconds
Number of updated asset objects reloaded before import = 0
Number of asset objects unloaded after import = 3
========================================================================
Received Import Request.
  Time since last request: 0.000646 seconds.
  path: Assets/TextMesh Pro/Shaders/TMP_SDF-Mobile.shader
  artifactKey: Guid(fe393ace9b354375a9cb14cdbbc28be4) Importer(2089858483,0ecaa5967403d082aa24f35e1b516d23)
Start importing Assets/TextMesh Pro/Shaders/TMP_SDF-Mobile.shader using Guid(fe393ace9b354375a9cb14cdbbc28be4) Importer(2089858483,0ecaa5967403d082aa24f35e1b516d23)  -> (artifact id: '1e6eaf83064998c61555d7569fe4ac0a') in 0.016330 seconds
Number of updated asset objects reloaded before import = 0
Number of asset objects unloaded after import = 1
========================================================================
Received Import Request.
  Time since last request: 0.000025 seconds.
  path: Assets/Animations/Items/Tomato/Tomato.anim
  artifactKey: Guid(264a9b0561782dd48bc6d7d8eaa75bc8) Importer(2089858483,0ecaa5967403d082aa24f35e1b516d23)
Start importing Assets/Animations/Items/Tomato/Tomato.anim using Guid(264a9b0561782dd48bc6d7d8eaa75bc8) Importer(2089858483,0ecaa5967403d082aa24f35e1b516d23)  -> (artifact id: '1f415209bb6bf46b47330645c3f9c2ff') in 0.025668 seconds
Number of updated asset objects reloaded before import = 0
Number of asset objects unloaded after import = 1
========================================================================
Received Import Request.
  Time since last request: 0.000020 seconds.
  path: Assets/TextMesh Pro/Resources/Fonts & Materials/LiberationSans SDF.asset
  artifactKey: Guid(8f586378b4e144a9851e7b34d9b748ee) Importer(2089858483,0ecaa5967403d082aa24f35e1b516d23)
Start importing Assets/TextMesh Pro/Resources/Fonts & Materials/LiberationSans SDF.asset using Guid(8f586378b4e144a9851e7b34d9b748ee) Importer(2089858483,0ecaa5967403d082aa24f35e1b516d23)  -> (artifact id: 'c360ad9d797c9ca172508e251c68b463') in 0.060631 seconds
Number of updated asset objects reloaded before import = 0
Number of asset objects unloaded after import = 8
========================================================================
Received Import Request.
  Time since last request: 0.000017 seconds.
  path: Assets/Animations/Items/Ice/Ice1.controller
  artifactKey: Guid(21a6324ea6ad0fe44a9a4aee9526cd8c) Importer(2089858483,0ecaa5967403d082aa24f35e1b516d23)
Start importing Assets/Animations/Items/Ice/Ice1.controller using Guid(21a6324ea6ad0fe44a9a4aee9526cd8c) Importer(2089858483,0ecaa5967403d082aa24f35e1b516d23)  -> (artifact id: '46137a4128a7da92c2cd7f78ae4b7c77') in 0.013039 seconds
Number of updated asset objects reloaded before import = 0
Number of asset objects unloaded after import = 4
========================================================================
Received Import Request.
  Time since last request: 0.000018 seconds.
  path: Assets/Animations/Items/Adaquare Can.controller
  artifactKey: Guid(802005d6ce99fb944b41bff76d37ecf8) Importer(2089858483,0ecaa5967403d082aa24f35e1b516d23)
Start importing Assets/Animations/Items/Adaquare Can.controller using Guid(802005d6ce99fb944b41bff76d37ecf8) Importer(2089858483,0ecaa5967403d082aa24f35e1b516d23)  -> (artifact id: '93bde308e739f6a1ab6f60fa7e8599c3') in 0.021577 seconds
Number of updated asset objects reloaded before import = 0
Number of asset objects unloaded after import = 6
========================================================================
Received Import Request.
  Time since last request: 0.000021 seconds.
  path: Assets/Audio/TomatoCry2.wav
  artifactKey: Guid(a1f21753cdd610d4699472abcb5c4658) Importer(2089858483,0ecaa5967403d082aa24f35e1b516d23)
Start importing Assets/Audio/TomatoCry2.wav using Guid(a1f21753cdd610d4699472abcb5c4658) Importer(2089858483,0ecaa5967403d082aa24f35e1b516d23)  -> (artifact id: '82951d10b628ba038f01dfb00a5947f5') in 0.020594 seconds
Number of updated asset objects reloaded before import = 0
Number of asset objects unloaded after import = 1
========================================================================
Received Import Request.
  Time since last request: 0.000019 seconds.
  path: Assets/Animations/Items/Knife/KnifeOnMouse.anim
  artifactKey: Guid(1a1bf611c6485eb4e9e7839502677a0c) Importer(2089858483,0ecaa5967403d082aa24f35e1b516d23)
Start importing Assets/Animations/Items/Knife/KnifeOnMouse.anim using Guid(1a1bf611c6485eb4e9e7839502677a0c) Importer(2089858483,0ecaa5967403d082aa24f35e1b516d23)  -> (artifact id: '327091886991c47f03bea95adf272bfe') in 0.011720 seconds
Number of updated asset objects reloaded before import = 0
Number of asset objects unloaded after import = 1
========================================================================
Received Import Request.
  Time since last request: 0.000031 seconds.
  path: Assets/Prefabs/Effects/Nicolas.prefab
  artifactKey: Guid(cb0b37f92458acd459da467acfee4ce7) Importer(2089858483,0ecaa5967403d082aa24f35e1b516d23)
Start importing Assets/Prefabs/Effects/Nicolas.prefab using Guid(cb0b37f92458acd459da467acfee4ce7) Importer(2089858483,0ecaa5967403d082aa24f35e1b516d23)  -> (artifact id: '6c57b8ea6526f9a743708770b14ca881') in 0.036768 seconds
Number of updated asset objects reloaded before import = 0
Number of asset objects unloaded after import = 11
========================================================================
Received Import Request.
  Time since last request: 0.000017 seconds.
  path: Assets/TextMesh Pro/Shaders/TMP_SDF.shader
  artifactKey: Guid(68e6db2ebdc24f95958faec2be5558d6) Importer(2089858483,0ecaa5967403d082aa24f35e1b516d23)
Start importing Assets/TextMesh Pro/Shaders/TMP_SDF.shader using Guid(68e6db2ebdc24f95958faec2be5558d6) Importer(2089858483,0ecaa5967403d082aa24f35e1b516d23)  -> (artifact id: '67057bc0fa88cf8a2fff52169b772af9') in 0.014552 seconds
Number of updated asset objects reloaded before import = 0
Number of asset objects unloaded after import = 1
========================================================================
Received Import Request.
  Time since last request: 0.000021 seconds.
  path: Assets/Prefabs/Tables/TableBlackHole.prefab
  artifactKey: Guid(8688da55f15ad2f479e198a7b57b0c2f) Importer(2089858483,0ecaa5967403d082aa24f35e1b516d23)
Start importing Assets/Prefabs/Tables/TableBlackHole.prefab using Guid(8688da55f15ad2f479e198a7b57b0c2f) Importer(2089858483,0ecaa5967403d082aa24f35e1b516d23)  -> (artifact id: '3d83f11a33ddba2d3a5e2a3d1a1a9997') in 0.038484 seconds
Number of updated asset objects reloaded before import = 0
Number of asset objects unloaded after import = 187
========================================================================
Received Import Request.
  Time since last request: 0.000017 seconds.
  path: Assets/Sprites/ActualSprites/GameMenu.png
  artifactKey: Guid(687d5a3a2a1197847990518929e87f01) Importer(2089858483,0ecaa5967403d082aa24f35e1b516d23)
Start importing Assets/Sprites/ActualSprites/GameMenu.png using Guid(687d5a3a2a1197847990518929e87f01) Importer(2089858483,0ecaa5967403d082aa24f35e1b516d23)  -> (artifact id: '6f8e58b67c7259a687ee0963adeb93cd') in 0.020383 seconds
Number of updated asset objects reloaded before import = 0
Number of asset objects unloaded after import = 4
========================================================================
Received Import Request.
  Time since last request: 0.000019 seconds.
  path: Assets/Animations/Items/Knife/Knife.anim
  artifactKey: Guid(3321e9175ce6456468898ad3c5a453a0) Importer(2089858483,0ecaa5967403d082aa24f35e1b516d23)
Start importing Assets/Animations/Items/Knife/Knife.anim using Guid(3321e9175ce6456468898ad3c5a453a0) Importer(2089858483,0ecaa5967403d082aa24f35e1b516d23)  -> (artifact id: '5bed08116c028e37fe36099e4e364d1d') in 0.013712 seconds
Number of updated asset objects reloaded before import = 0
Number of asset objects unloaded after import = 1
========================================================================
Received Import Request.
  Time since last request: 0.000026 seconds.
  path: Assets/Animations/Flowers/BlackholeFlower/Middle.anim
  artifactKey: Guid(9fd2b2a160b98554fb6d4a541cec557c) Importer(2089858483,0ecaa5967403d082aa24f35e1b516d23)
Start importing Assets/Animations/Flowers/BlackholeFlower/Middle.anim using Guid(9fd2b2a160b98554fb6d4a541cec557c) Importer(2089858483,0ecaa5967403d082aa24f35e1b516d23)  -> (artifact id: '68200628f151f44eb42c7b947b7ff4bf') in 0.013112 seconds
Number of updated asset objects reloaded before import = 0
Number of asset objects unloaded after import = 1
========================================================================
Received Import Request.
  Time since last request: 0.000019 seconds.
  path: Assets/Sprites/ActualSprites/knife.png
  artifactKey: Guid(4c229fdcdcf9ceb4baae329b7d133753) Importer(2089858483,0ecaa5967403d082aa24f35e1b516d23)
Start importing Assets/Sprites/ActualSprites/knife.png using Guid(4c229fdcdcf9ceb4baae329b7d133753) Importer(2089858483,0ecaa5967403d082aa24f35e1b516d23)  -> (artifact id: '0f473136dcc0f6f5772c8eec70e77d42') in 0.016633 seconds
Number of updated asset objects reloaded before import = 0
Number of asset objects unloaded after import = 4
Editor requested this worker to shutdown with reason: Scaling down because of idle timeout
TcpMessagingSession - receive error: operation aborted. errorcode: 995, details: ќпераци€ ввода/вывода была прервана из-за завершени€ потока команд или по запросу приложени€.
AssetImportWorker is now disconnected from the server
Process exiting
Exiting without the bug reporter. Application will terminate with return code 0